Loading plugins phase: Elapsed time ==> 0s.160ms
<CYPRESSTAG name="CyDsfit arguments...">
cydsfit arguments: -.fdsnotice -.fdswarpdepfile=warp_dependencies.txt -.fdselabdepfile=elab_dependencies.txt -.fdsbldfile=generated_files.txt -.fdsreffile=referenced_files.txt -p C:\Users\Fischer\Documents\GitHub\kanzi\PSoC\CE95388.cydsn\CE95388.cyprj -d CY8C3866AXI-040 -s C:\Users\Fischer\Documents\GitHub\kanzi\PSoC\CE95388.cydsn\Generated_Source\PSoC3 -- -yv2 -q10 -ygs -o2 -v3 -.fftcfgtype=BE
</CYPRESSTAG>
<CYPRESSTAG name="Design elaboration results...">
</CYPRESSTAG>
Elaboration phase: Elapsed time ==> 2s.517ms
<CYPRESSTAG name="HDL generation results...">
</CYPRESSTAG>
HDL generation phase: Elapsed time ==> 0s.039ms
<CYPRESSTAG name="Synthesis results...">

     | | | | | | |
   _________________
  -|               |-
  -|               |-
  -|               |-
  -|    CYPRESS    |-
  -|               |-
  -|               |-   Warp Verilog Synthesis Compiler: Version 6.3 IR 41
  -|               |-   Copyright (C) 1991-2001 Cypress Semiconductor
   |_______________|
     | | | | | | |

======================================================================
Compiling:  CE95388.v
Program  :   C:\Program Files (x86)\Cypress\PSoC Creator\4.2\PSoC Creator\warp\bin\warp.exe
Options  :    -yv2 -q10 -ygs -o2 -v3 -.fftcfgtype=BE -ya -.fftprj=C:\Users\Fischer\Documents\GitHub\kanzi\PSoC\CE95388.cydsn\CE95388.cyprj -dcpsoc3 CE95388.v -verilog
======================================================================

======================================================================
Compiling:  CE95388.v
Program  :   C:\Program Files (x86)\Cypress\PSoC Creator\4.2\PSoC Creator\warp\bin\warp.exe
Options  :    -yv2 -q10 -ygs -o2 -v3 -.fftcfgtype=BE -ya -.fftprj=C:\Users\Fischer\Documents\GitHub\kanzi\PSoC\CE95388.cydsn\CE95388.cyprj -dcpsoc3 CE95388.v -verilog
======================================================================

======================================================================
Compiling:  CE95388.v
Program  :   vlogfe
Options  :    -yv2 -q10 -ygs -o2 -v3 -.fftcfgtype=BE -ya -.fftprj=C:\Users\Fischer\Documents\GitHub\kanzi\PSoC\CE95388.cydsn\CE95388.cyprj -dcpsoc3 -verilog CE95388.v
======================================================================

vlogfe V6.3 IR 41:  Verilog parser
Fri Nov 08 02:16:52 2019


======================================================================
Compiling:  CE95388.v
Program  :   vpp
Options  :    -yv2 -q10 CE95388.v
======================================================================

vpp V6.3 IR 41:  Verilog Pre-Processor
Fri Nov 08 02:16:52 2019

Flattening file 'C:\Program Files (x86)\Cypress\PSoC Creator\4.2\PSoC Creator\psoc\content\CyPrimitives\cyprimitives.cylib\cy_virtualmux_v1_0\cy_virtualmux_v1_0.v'
Flattening file 'C:\Program Files (x86)\Cypress\PSoC Creator\4.2\PSoC Creator\psoc\content\CyComponentLibrary\CyComponentLibrary.cylib\B_UART_v2_50\B_UART_v2_50.v'
Flattening file 'C:\Program Files (x86)\Cypress\PSoC Creator\4.2\PSoC Creator\warp\lib\common\cypress.v'
Flattening file 'C:\Program Files (x86)\Cypress\PSoC Creator\4.2\PSoC Creator\warp\lib\common\cy_psoc3_inc.v'
Flattening file 'C:\Program Files (x86)\Cypress\PSoC Creator\4.2\PSoC Creator\psoc\content\CyPrimitives\cyprimitives.cylib\ZeroTerminal\ZeroTerminal.v'

vpp:  No errors.

Library 'work' => directory 'lcpsoc3'
General_symbol_table
General_symbol_table
Linking 'C:\Program Files (x86)\Cypress\PSoC Creator\4.2\PSoC Creator\warp\lib\common\std.vhd'.
Linking 'C:\Program Files (x86)\Cypress\PSoC Creator\4.2\PSoC Creator\warp\lib\common\cypress.vhd'.
Linking 'C:\Program Files (x86)\Cypress\PSoC Creator\4.2\PSoC Creator\warp\lib\common\work\cypress.vif'.
Linking 'C:\Program Files (x86)\Cypress\PSoC Creator\4.2\PSoC Creator\warp\lib\ieee\work\stdlogic.vif'.
Linking 'C:\Program Files (x86)\Cypress\PSoC Creator\4.2\PSoC Creator\warp\lib\common\stdlogic\lpmpkg.vif'.
Linking 'C:\Program Files (x86)\Cypress\PSoC Creator\4.2\PSoC Creator\warp\lib\common\stdlogic\rtlpkg.vif'.
Linking 'C:\Program Files (x86)\Cypress\PSoC Creator\4.2\PSoC Creator\warp\lib\common\stdlogic\mod_cnst.vif'.
Linking 'C:\Program Files (x86)\Cypress\PSoC Creator\4.2\PSoC Creator\warp\lib\common\stdlogic\mod_mthv.vif'.
Linking 'C:\Program Files (x86)\Cypress\PSoC Creator\4.2\PSoC Creator\warp\lib\common\stdlogic\mod_genv.vif'.
Using control file 'CE95388.ctl'.
C:\Program Files (x86)\Cypress\PSoC Creator\4.2\PSoC Creator\psoc\content\CyComponentLibrary\CyComponentLibrary.cylib\B_UART_v2_50\B_UART_v2_50.v (line 1113, col 55):  Note: Substituting module 'add_vv_vv' for '+'.
C:\Program Files (x86)\Cypress\PSoC Creator\4.2\PSoC Creator\psoc\content\CyComponentLibrary\CyComponentLibrary.cylib\B_UART_v2_50\B_UART_v2_50.v (line 1122, col 48):  Note: Substituting module 'cmp_vv_vv' for '<'.
C:\Program Files (x86)\Cypress\PSoC Creator\4.2\PSoC Creator\psoc\content\CyComponentLibrary\CyComponentLibrary.cylib\B_UART_v2_50\B_UART_v2_50.v (line 1122, col 77):  Note: Substituting module 'cmp_vv_vv' for '<'.
C:\Program Files (x86)\Cypress\PSoC Creator\4.2\PSoC Creator\psoc\content\CyComponentLibrary\CyComponentLibrary.cylib\B_UART_v2_50\B_UART_v2_50.v (line 1389, col 59):  Note: Substituting module 'cmp_vv_vv' for '<'.
C:\Program Files (x86)\Cypress\PSoC Creator\4.2\PSoC Creator\psoc\content\CyComponentLibrary\CyComponentLibrary.cylib\B_UART_v2_50\B_UART_v2_50.v (line 1424, col 61):  Note: Substituting module 'cmp_vv_vv' for '/='.
C:\Program Files (x86)\Cypress\PSoC Creator\4.2\PSoC Creator\psoc\content\CyComponentLibrary\CyComponentLibrary.cylib\B_UART_v2_50\B_UART_v2_50.v (line 1547, col 106):  Note: Substituting module 'cmp_vv_vv' for '<'.
C:\Program Files (x86)\Cypress\PSoC Creator\4.2\PSoC Creator\psoc\content\CyComponentLibrary\CyComponentLibrary.cylib\B_UART_v2_50\B_UART_v2_50.v (line 1603, col 68):  Note: Substituting module 'cmp_vv_vv' for '<'.
C:\Program Files (x86)\Cypress\PSoC Creator\4.2\PSoC Creator\psoc\content\CyComponentLibrary\CyComponentLibrary.cylib\B_UART_v2_50\B_UART_v2_50.v (line 1604, col 68):  Note: Substituting module 'cmp_vv_vv' for '<'.
Linking 'C:\Program Files (x86)\Cypress\PSoC Creator\4.2\PSoC Creator\warp\lib\common\stdlogic\cy_psoc3pkg.vif'.
Linking 'C:\Program Files (x86)\Cypress\PSoC Creator\4.2\PSoC Creator\warp\lib\common\stdlogic\cy_psoc3.vif'.

vlogfe:  No errors.


======================================================================
Compiling:  CE95388.v
Program  :   tovif
Options  :    -yv2 -q10 -ygs -o2 -v3 -.fftcfgtype=BE -ya -.fftprj=C:\Users\Fischer\Documents\GitHub\kanzi\PSoC\CE95388.cydsn\CE95388.cyprj -dcpsoc3 -verilog CE95388.v
======================================================================

tovif V6.3 IR 41:  High-level synthesis
Fri Nov 08 02:16:53 2019

Linking 'C:\Program Files (x86)\Cypress\PSoC Creator\4.2\PSoC Creator\warp\lib\common\std.vhd'.
Linking 'C:\Program Files (x86)\Cypress\PSoC Creator\4.2\PSoC Creator\warp\lib\common\cypress.vhd'.
Linking 'C:\Program Files (x86)\Cypress\PSoC Creator\4.2\PSoC Creator\warp\lib\common\work\cypress.vif'.
Linking 'C:\Program Files (x86)\Cypress\PSoC Creator\4.2\PSoC Creator\warp\lib\ieee\work\stdlogic.vif'.
Linking 'C:\Program Files (x86)\Cypress\PSoC Creator\4.2\PSoC Creator\warp\lib\common\stdlogic\lpmpkg.vif'.
Linking 'C:\Program Files (x86)\Cypress\PSoC Creator\4.2\PSoC Creator\warp\lib\common\stdlogic\rtlpkg.vif'.
Linking 'C:\Program Files (x86)\Cypress\PSoC Creator\4.2\PSoC Creator\warp\lib\common\stdlogic\mod_cnst.vif'.
Linking 'C:\Program Files (x86)\Cypress\PSoC Creator\4.2\PSoC Creator\warp\lib\common\stdlogic\mod_mthv.vif'.
Linking 'C:\Program Files (x86)\Cypress\PSoC Creator\4.2\PSoC Creator\warp\lib\common\stdlogic\mod_genv.vif'.
Linking 'C:\Users\Fischer\Documents\GitHub\kanzi\PSoC\CE95388.cydsn\codegentemp\CE95388.ctl'.
Linking 'C:\Program Files (x86)\Cypress\PSoC Creator\4.2\PSoC Creator\psoc\content\CyPrimitives\cyprimitives.cylib\cy_virtualmux_v1_0\cy_virtualmux_v1_0.v'.
Linking 'C:\Users\Fischer\Documents\GitHub\kanzi\PSoC\CE95388.cydsn\codegentemp\CE95388.v'.
Linking 'C:\Program Files (x86)\Cypress\PSoC Creator\4.2\PSoC Creator\psoc\content\CyComponentLibrary\CyComponentLibrary.cylib\B_UART_v2_50\B_UART_v2_50.v'.
Linking 'C:\Program Files (x86)\Cypress\PSoC Creator\4.2\PSoC Creator\warp\lib\common\cypress.v'.
Linking 'C:\Program Files (x86)\Cypress\PSoC Creator\4.2\PSoC Creator\warp\lib\common\cy_psoc3_inc.v'.
Linking 'C:\Program Files (x86)\Cypress\PSoC Creator\4.2\PSoC Creator\psoc\content\CyPrimitives\cyprimitives.cylib\ZeroTerminal\ZeroTerminal.v'.
Linking 'C:\Program Files (x86)\Cypress\PSoC Creator\4.2\PSoC Creator\warp\lib\common\stdlogic\cy_psoc3pkg.vif'.
Linking 'C:\Program Files (x86)\Cypress\PSoC Creator\4.2\PSoC Creator\warp\lib\common\stdlogic\cy_psoc3.vif'.
Linking 'C:\Program Files (x86)\Cypress\PSoC Creator\4.2\PSoC Creator\warp\lib\lcpsoc3\stdlogic\mod_cnst.vif'.
Linking 'C:\Program Files (x86)\Cypress\PSoC Creator\4.2\PSoC Creator\warp\lib\common\stdlogic\mcompare.vif'.

tovif:  No errors.


======================================================================
Compiling:  CE95388.v
Program  :   topld
Options  :    -yv2 -q10 -ygs -o2 -v3 -.fftcfgtype=BE -ya -.fftprj=C:\Users\Fischer\Documents\GitHub\kanzi\PSoC\CE95388.cydsn\CE95388.cyprj -dcpsoc3 -verilog CE95388.v
======================================================================

topld V6.3 IR 41:  Synthesis and optimization
Fri Nov 08 02:16:53 2019

Linking 'C:\Program Files (x86)\Cypress\PSoC Creator\4.2\PSoC Creator\warp\lib\common\std.vhd'.
Linking 'C:\Program Files (x86)\Cypress\PSoC Creator\4.2\PSoC Creator\warp\lib\common\cypress.vhd'.
Linking 'C:\Program Files (x86)\Cypress\PSoC Creator\4.2\PSoC Creator\warp\lib\common\work\cypress.vif'.
Linking 'C:\Program Files (x86)\Cypress\PSoC Creator\4.2\PSoC Creator\warp\lib\ieee\work\stdlogic.vif'.
Linking 'C:\Program Files (x86)\Cypress\PSoC Creator\4.2\PSoC Creator\warp\lib\common\stdlogic\lpmpkg.vif'.
Linking 'C:\Program Files (x86)\Cypress\PSoC Creator\4.2\PSoC Creator\warp\lib\common\stdlogic\rtlpkg.vif'.
Linking 'C:\Program Files (x86)\Cypress\PSoC Creator\4.2\PSoC Creator\warp\lib\common\stdlogic\mod_cnst.vif'.
Linking 'C:\Program Files (x86)\Cypress\PSoC Creator\4.2\PSoC Creator\warp\lib\common\stdlogic\mod_mthv.vif'.
Linking 'C:\Program Files (x86)\Cypress\PSoC Creator\4.2\PSoC Creator\warp\lib\common\stdlogic\mod_genv.vif'.
Linking 'C:\Users\Fischer\Documents\GitHub\kanzi\PSoC\CE95388.cydsn\codegentemp\CE95388.ctl'.
Linking 'C:\Program Files (x86)\Cypress\PSoC Creator\4.2\PSoC Creator\psoc\content\CyPrimitives\cyprimitives.cylib\cy_virtualmux_v1_0\cy_virtualmux_v1_0.v'.
Linking 'C:\Users\Fischer\Documents\GitHub\kanzi\PSoC\CE95388.cydsn\codegentemp\CE95388.v'.
Linking 'C:\Program Files (x86)\Cypress\PSoC Creator\4.2\PSoC Creator\psoc\content\CyComponentLibrary\CyComponentLibrary.cylib\B_UART_v2_50\B_UART_v2_50.v'.
Linking 'C:\Program Files (x86)\Cypress\PSoC Creator\4.2\PSoC Creator\warp\lib\common\cypress.v'.
Linking 'C:\Program Files (x86)\Cypress\PSoC Creator\4.2\PSoC Creator\warp\lib\common\cy_psoc3_inc.v'.
Linking 'C:\Program Files (x86)\Cypress\PSoC Creator\4.2\PSoC Creator\psoc\content\CyPrimitives\cyprimitives.cylib\ZeroTerminal\ZeroTerminal.v'.
Linking 'C:\Program Files (x86)\Cypress\PSoC Creator\4.2\PSoC Creator\warp\lib\common\stdlogic\cy_psoc3pkg.vif'.
Linking 'C:\Program Files (x86)\Cypress\PSoC Creator\4.2\PSoC Creator\warp\lib\common\stdlogic\cy_psoc3.vif'.
Linking 'C:\Program Files (x86)\Cypress\PSoC Creator\4.2\PSoC Creator\warp\lib\lcpsoc3\stdlogic\mod_cnst.vif'.
Linking 'C:\Program Files (x86)\Cypress\PSoC Creator\4.2\PSoC Creator\warp\lib\common\stdlogic\mcompare.vif'.
Linking 'C:\Program Files (x86)\Cypress\PSoC Creator\4.2\PSoC Creator\warp\lib\lcpsoc3\stdlogic\cpsoc3.vif'.

----------------------------------------------------------
Detecting unused logic.
----------------------------------------------------------
    User names
	\UART_1:BUART:tx_hd_send_break\
	\UART_1:BUART:tx_ctrl_mark\
	\UART_1:BUART:reset_sr\
	Net_41
	Net_45
	Net_46
	\UART_1:BUART:sRX:s23Poll:MODULE_1:g2:a0:b_1\
	\UART_1:BUART:sRX:s23Poll:MODULE_1:g2:a0:b_0\
	\UART_1:BUART:sRX:s23Poll:MODULE_2:g2:a0:gta_0\
	\UART_1:BUART:sRX:s23Poll:MODULE_3:g2:a0:gta_0\
	Net_42
	\UART_1:BUART:sRX:MODULE_4:g2:a0:gta_0\
	\UART_1:BUART:sRX:MODULE_5:g1:a0:gx:u0:albi_1\
	\UART_1:BUART:sRX:MODULE_5:g1:a0:gx:u0:agbi_1\
	\UART_1:BUART:sRX:MODULE_5:g1:a0:gx:u0:lt_0\
	\UART_1:BUART:sRX:MODULE_5:g1:a0:gx:u0:gt_0\
	\UART_1:BUART:sRX:MODULE_5:g1:a0:gx:u0:lti_0\
	\UART_1:BUART:sRX:MODULE_5:g1:a0:gx:u0:gti_0\
	\UART_1:BUART:sRX:MODULE_5:g1:a0:gx:u0:albi_0\
	\UART_1:BUART:sRX:MODULE_5:g1:a0:gx:u0:agbi_0\
	\UART_1:BUART:sRX:MODULE_5:g1:a0:xeq\
	\UART_1:BUART:sRX:MODULE_5:g1:a0:xlt\
	\UART_1:BUART:sRX:MODULE_5:g1:a0:xlte\
	\UART_1:BUART:sRX:MODULE_5:g1:a0:xgt\
	\UART_1:BUART:sRX:MODULE_5:g1:a0:xgte\
	\UART_1:BUART:sRX:MODULE_5:lt\
	\UART_1:BUART:sRX:MODULE_5:eq\
	\UART_1:BUART:sRX:MODULE_5:gt\
	\UART_1:BUART:sRX:MODULE_5:gte\
	\UART_1:BUART:sRX:MODULE_5:lte\


Deleted 30 User equations/components.
Deleted 0 Synthesized equations/components.

------------------------------------------------------
Alias Detection
------------------------------------------------------
Aliasing \UART_1:BUART:HalfDuplexSend\ to Net_6
Aliasing \UART_1:BUART:FinalParityType_1\ to Net_6
Aliasing \UART_1:BUART:FinalParityType_0\ to Net_6
Aliasing \UART_1:BUART:FinalAddrMode_2\ to Net_6
Aliasing \UART_1:BUART:FinalAddrMode_1\ to Net_6
Aliasing \UART_1:BUART:FinalAddrMode_0\ to Net_6
Aliasing zero to Net_6
Aliasing \UART_1:BUART:rx_count7_bit8_wire\ to Net_6
Aliasing \UART_1:BUART:sRX:s23Poll:MODULE_1:g2:a0:g1:z1:s0:g1:u0:b_0\ to one
Aliasing \UART_1:BUART:sRX:s23Poll:MODIN2_1\ to \UART_1:BUART:sRX:s23Poll:MODIN1_1\
Aliasing \UART_1:BUART:sRX:s23Poll:MODIN2_0\ to \UART_1:BUART:sRX:s23Poll:MODIN1_0\
Aliasing \UART_1:BUART:sRX:s23Poll:MODULE_2:g2:a0:newb_1\ to Net_6
Aliasing \UART_1:BUART:sRX:s23Poll:MODULE_2:g2:a0:newb_0\ to one
Aliasing \UART_1:BUART:sRX:s23Poll:MODIN3_1\ to \UART_1:BUART:sRX:s23Poll:MODIN1_1\
Aliasing \UART_1:BUART:sRX:s23Poll:MODIN3_0\ to \UART_1:BUART:sRX:s23Poll:MODIN1_0\
Aliasing \UART_1:BUART:sRX:s23Poll:MODULE_3:g2:a0:newb_1\ to one
Aliasing \UART_1:BUART:sRX:s23Poll:MODULE_3:g2:a0:newb_0\ to Net_6
Aliasing \UART_1:BUART:rx_status_1\ to Net_6
Aliasing \UART_1:BUART:sRX:MODULE_4:g2:a0:newa_6\ to Net_6
Aliasing \UART_1:BUART:sRX:MODULE_4:g2:a0:newa_5\ to Net_6
Aliasing \UART_1:BUART:sRX:MODULE_4:g2:a0:newa_4\ to Net_6
Aliasing \UART_1:BUART:sRX:MODULE_4:g2:a0:newb_6\ to Net_6
Aliasing \UART_1:BUART:sRX:MODULE_4:g2:a0:newb_5\ to Net_6
Aliasing \UART_1:BUART:sRX:MODULE_4:g2:a0:newb_4\ to Net_6
Aliasing \UART_1:BUART:sRX:MODULE_4:g2:a0:newb_3\ to Net_6
Aliasing \UART_1:BUART:sRX:MODULE_4:g2:a0:newb_2\ to one
Aliasing \UART_1:BUART:sRX:MODULE_4:g2:a0:newb_1\ to one
Aliasing \UART_1:BUART:sRX:MODULE_4:g2:a0:newb_0\ to Net_6
Aliasing \UART_1:BUART:sRX:MODULE_5:g1:a0:gx:u0:aeqb_0\ to one
Aliasing tmpOE__RX_net_0 to one
Aliasing \UART_1:BUART:rx_break_status\\D\ to Net_6
Removing Lhs of wire \UART_1:Net_61\[0] = Net_22[1]
Removing Lhs of wire \UART_1:BUART:HalfDuplexSend\[8] = Net_6[6]
Removing Lhs of wire \UART_1:BUART:FinalParityType_1\[9] = Net_6[6]
Removing Lhs of wire \UART_1:BUART:FinalParityType_0\[10] = Net_6[6]
Removing Lhs of wire \UART_1:BUART:FinalAddrMode_2\[11] = Net_6[6]
Removing Lhs of wire \UART_1:BUART:FinalAddrMode_1\[12] = Net_6[6]
Removing Lhs of wire \UART_1:BUART:FinalAddrMode_0\[13] = Net_6[6]
Removing Lhs of wire zero[30] = Net_6[6]
Removing Lhs of wire \UART_1:BUART:rx_count7_bit8_wire\[76] = Net_6[6]
Removing Lhs of wire \UART_1:BUART:sRX:s23Poll:add_vv_vv_MODGEN_1_1\[84] = \UART_1:BUART:sRX:s23Poll:MODULE_1:g2:a0:s_1\[95]
Removing Lhs of wire \UART_1:BUART:sRX:s23Poll:add_vv_vv_MODGEN_1_0\[86] = \UART_1:BUART:sRX:s23Poll:MODULE_1:g2:a0:s_0\[96]
Removing Lhs of wire \UART_1:BUART:sRX:s23Poll:cmp_vv_vv_MODGEN_2\[87] = \UART_1:BUART:sRX:s23Poll:MODULE_2:g2:a0:lta_0\[112]
Removing Lhs of wire \UART_1:BUART:sRX:s23Poll:cmp_vv_vv_MODGEN_3\[88] = \UART_1:BUART:sRX:s23Poll:MODULE_3:g2:a0:lta_0\[126]
Removing Lhs of wire \UART_1:BUART:sRX:s23Poll:MODULE_1:g2:a0:a_1\[89] = \UART_1:BUART:sRX:s23Poll:MODIN1_1\[90]
Removing Lhs of wire \UART_1:BUART:sRX:s23Poll:MODIN1_1\[90] = \UART_1:BUART:pollcount_1\[82]
Removing Lhs of wire \UART_1:BUART:sRX:s23Poll:MODULE_1:g2:a0:a_0\[91] = \UART_1:BUART:sRX:s23Poll:MODIN1_0\[92]
Removing Lhs of wire \UART_1:BUART:sRX:s23Poll:MODIN1_0\[92] = \UART_1:BUART:pollcount_0\[85]
Removing Lhs of wire \UART_1:BUART:sRX:s23Poll:MODULE_1:g2:a0:g1:z1:s0:g1:u0:c_0\[98] = one[3]
Removing Lhs of wire \UART_1:BUART:sRX:s23Poll:MODULE_1:g2:a0:g1:z1:s0:g1:u0:b_0\[99] = one[3]
Removing Lhs of wire \UART_1:BUART:sRX:s23Poll:MODULE_2:g2:a0:newa_1\[100] = \UART_1:BUART:pollcount_1\[82]
Removing Lhs of wire \UART_1:BUART:sRX:s23Poll:MODIN2_1\[101] = \UART_1:BUART:pollcount_1\[82]
Removing Lhs of wire \UART_1:BUART:sRX:s23Poll:MODULE_2:g2:a0:newa_0\[102] = \UART_1:BUART:pollcount_0\[85]
Removing Lhs of wire \UART_1:BUART:sRX:s23Poll:MODIN2_0\[103] = \UART_1:BUART:pollcount_0\[85]
Removing Lhs of wire \UART_1:BUART:sRX:s23Poll:MODULE_2:g2:a0:newb_1\[104] = Net_6[6]
Removing Lhs of wire \UART_1:BUART:sRX:s23Poll:MODULE_2:g2:a0:newb_0\[105] = one[3]
Removing Lhs of wire \UART_1:BUART:sRX:s23Poll:MODULE_2:g2:a0:dataa_1\[106] = \UART_1:BUART:pollcount_1\[82]
Removing Lhs of wire \UART_1:BUART:sRX:s23Poll:MODULE_2:g2:a0:dataa_0\[107] = \UART_1:BUART:pollcount_0\[85]
Removing Lhs of wire \UART_1:BUART:sRX:s23Poll:MODULE_2:g2:a0:datab_1\[108] = Net_6[6]
Removing Lhs of wire \UART_1:BUART:sRX:s23Poll:MODULE_2:g2:a0:datab_0\[109] = one[3]
Removing Lhs of wire \UART_1:BUART:sRX:s23Poll:MODULE_3:g2:a0:newa_1\[114] = \UART_1:BUART:pollcount_1\[82]
Removing Lhs of wire \UART_1:BUART:sRX:s23Poll:MODIN3_1\[115] = \UART_1:BUART:pollcount_1\[82]
Removing Lhs of wire \UART_1:BUART:sRX:s23Poll:MODULE_3:g2:a0:newa_0\[116] = \UART_1:BUART:pollcount_0\[85]
Removing Lhs of wire \UART_1:BUART:sRX:s23Poll:MODIN3_0\[117] = \UART_1:BUART:pollcount_0\[85]
Removing Lhs of wire \UART_1:BUART:sRX:s23Poll:MODULE_3:g2:a0:newb_1\[118] = one[3]
Removing Lhs of wire \UART_1:BUART:sRX:s23Poll:MODULE_3:g2:a0:newb_0\[119] = Net_6[6]
Removing Lhs of wire \UART_1:BUART:sRX:s23Poll:MODULE_3:g2:a0:dataa_1\[120] = \UART_1:BUART:pollcount_1\[82]
Removing Lhs of wire \UART_1:BUART:sRX:s23Poll:MODULE_3:g2:a0:dataa_0\[121] = \UART_1:BUART:pollcount_0\[85]
Removing Lhs of wire \UART_1:BUART:sRX:s23Poll:MODULE_3:g2:a0:datab_1\[122] = one[3]
Removing Lhs of wire \UART_1:BUART:sRX:s23Poll:MODULE_3:g2:a0:datab_0\[123] = Net_6[6]
Removing Lhs of wire \UART_1:BUART:rx_status_1\[130] = Net_6[6]
Removing Rhs of wire \UART_1:BUART:rx_status_2\[131] = \UART_1:BUART:rx_parity_error_status\[132]
Removing Rhs of wire \UART_1:BUART:rx_status_3\[133] = \UART_1:BUART:rx_stop_bit_error\[134]
Removing Lhs of wire \UART_1:BUART:sRX:cmp_vv_vv_MODGEN_4\[144] = \UART_1:BUART:sRX:MODULE_4:g2:a0:lta_0\[193]
Removing Lhs of wire \UART_1:BUART:sRX:cmp_vv_vv_MODGEN_5\[148] = \UART_1:BUART:sRX:MODULE_5:g1:a0:xneq\[215]
Removing Lhs of wire \UART_1:BUART:sRX:MODULE_4:g2:a0:newa_6\[149] = Net_6[6]
Removing Lhs of wire \UART_1:BUART:sRX:MODULE_4:g2:a0:newa_5\[150] = Net_6[6]
Removing Lhs of wire \UART_1:BUART:sRX:MODULE_4:g2:a0:newa_4\[151] = Net_6[6]
Removing Lhs of wire \UART_1:BUART:sRX:MODULE_4:g2:a0:newa_3\[152] = \UART_1:BUART:sRX:MODIN4_6\[153]
Removing Lhs of wire \UART_1:BUART:sRX:MODIN4_6\[153] = \UART_1:BUART:rx_count_6\[71]
Removing Lhs of wire \UART_1:BUART:sRX:MODULE_4:g2:a0:newa_2\[154] = \UART_1:BUART:sRX:MODIN4_5\[155]
Removing Lhs of wire \UART_1:BUART:sRX:MODIN4_5\[155] = \UART_1:BUART:rx_count_5\[72]
Removing Lhs of wire \UART_1:BUART:sRX:MODULE_4:g2:a0:newa_1\[156] = \UART_1:BUART:sRX:MODIN4_4\[157]
Removing Lhs of wire \UART_1:BUART:sRX:MODIN4_4\[157] = \UART_1:BUART:rx_count_4\[73]
Removing Lhs of wire \UART_1:BUART:sRX:MODULE_4:g2:a0:newa_0\[158] = \UART_1:BUART:sRX:MODIN4_3\[159]
Removing Lhs of wire \UART_1:BUART:sRX:MODIN4_3\[159] = \UART_1:BUART:rx_count_3\[74]
Removing Lhs of wire \UART_1:BUART:sRX:MODULE_4:g2:a0:newb_6\[160] = Net_6[6]
Removing Lhs of wire \UART_1:BUART:sRX:MODULE_4:g2:a0:newb_5\[161] = Net_6[6]
Removing Lhs of wire \UART_1:BUART:sRX:MODULE_4:g2:a0:newb_4\[162] = Net_6[6]
Removing Lhs of wire \UART_1:BUART:sRX:MODULE_4:g2:a0:newb_3\[163] = Net_6[6]
Removing Lhs of wire \UART_1:BUART:sRX:MODULE_4:g2:a0:newb_2\[164] = one[3]
Removing Lhs of wire \UART_1:BUART:sRX:MODULE_4:g2:a0:newb_1\[165] = one[3]
Removing Lhs of wire \UART_1:BUART:sRX:MODULE_4:g2:a0:newb_0\[166] = Net_6[6]
Removing Lhs of wire \UART_1:BUART:sRX:MODULE_4:g2:a0:dataa_6\[167] = Net_6[6]
Removing Lhs of wire \UART_1:BUART:sRX:MODULE_4:g2:a0:dataa_5\[168] = Net_6[6]
Removing Lhs of wire \UART_1:BUART:sRX:MODULE_4:g2:a0:dataa_4\[169] = Net_6[6]
Removing Lhs of wire \UART_1:BUART:sRX:MODULE_4:g2:a0:dataa_3\[170] = \UART_1:BUART:rx_count_6\[71]
Removing Lhs of wire \UART_1:BUART:sRX:MODULE_4:g2:a0:dataa_2\[171] = \UART_1:BUART:rx_count_5\[72]
Removing Lhs of wire \UART_1:BUART:sRX:MODULE_4:g2:a0:dataa_1\[172] = \UART_1:BUART:rx_count_4\[73]
Removing Lhs of wire \UART_1:BUART:sRX:MODULE_4:g2:a0:dataa_0\[173] = \UART_1:BUART:rx_count_3\[74]
Removing Lhs of wire \UART_1:BUART:sRX:MODULE_4:g2:a0:datab_6\[174] = Net_6[6]
Removing Lhs of wire \UART_1:BUART:sRX:MODULE_4:g2:a0:datab_5\[175] = Net_6[6]
Removing Lhs of wire \UART_1:BUART:sRX:MODULE_4:g2:a0:datab_4\[176] = Net_6[6]
Removing Lhs of wire \UART_1:BUART:sRX:MODULE_4:g2:a0:datab_3\[177] = Net_6[6]
Removing Lhs of wire \UART_1:BUART:sRX:MODULE_4:g2:a0:datab_2\[178] = one[3]
Removing Lhs of wire \UART_1:BUART:sRX:MODULE_4:g2:a0:datab_1\[179] = one[3]
Removing Lhs of wire \UART_1:BUART:sRX:MODULE_4:g2:a0:datab_0\[180] = Net_6[6]
Removing Lhs of wire \UART_1:BUART:sRX:MODULE_5:g1:a0:newa_0\[195] = \UART_1:BUART:rx_postpoll\[29]
Removing Lhs of wire \UART_1:BUART:sRX:MODULE_5:g1:a0:newb_0\[196] = \UART_1:BUART:rx_parity_bit\[147]
Removing Lhs of wire \UART_1:BUART:sRX:MODULE_5:g1:a0:dataa_0\[197] = \UART_1:BUART:rx_postpoll\[29]
Removing Lhs of wire \UART_1:BUART:sRX:MODULE_5:g1:a0:datab_0\[198] = \UART_1:BUART:rx_parity_bit\[147]
Removing Lhs of wire \UART_1:BUART:sRX:MODULE_5:g1:a0:gx:u0:a_0\[199] = \UART_1:BUART:rx_postpoll\[29]
Removing Lhs of wire \UART_1:BUART:sRX:MODULE_5:g1:a0:gx:u0:b_0\[200] = \UART_1:BUART:rx_parity_bit\[147]
Removing Lhs of wire \UART_1:BUART:sRX:MODULE_5:g1:a0:gx:u0:aeqb_0\[202] = one[3]
Removing Lhs of wire \UART_1:BUART:sRX:MODULE_5:g1:a0:gx:u0:eq_0\[203] = \UART_1:BUART:sRX:MODULE_5:g1:a0:gx:u0:xnor_array_0\[201]
Removing Lhs of wire \UART_1:BUART:sRX:MODULE_5:g1:a0:gx:u0:eqi_0\[204] = \UART_1:BUART:sRX:MODULE_5:g1:a0:gx:u0:xnor_array_0\[201]
Removing Lhs of wire tmpOE__RX_net_0[226] = one[3]
Removing Lhs of wire \UART_1:BUART:reset_reg\\D\[231] = Net_6[6]
Removing Lhs of wire \UART_1:BUART:rx_bitclk\\D\[237] = \UART_1:BUART:rx_bitclk_pre\[65]
Removing Lhs of wire \UART_1:BUART:rx_parity_error_pre\\D\[246] = \UART_1:BUART:rx_parity_error_pre\[142]
Removing Lhs of wire \UART_1:BUART:rx_break_status\\D\[247] = Net_6[6]

------------------------------------------------------
Aliased 0 equations, 90 wires.
------------------------------------------------------

----------------------------------------------------------
Circuit simplification
----------------------------------------------------------

Substituting virtuals - pass 1:

Note:  Expanding virtual equation for 'one' (cost = 0):
one <=  ('1') ;

Note:  Expanding virtual equation for 'Net_6' (cost = 0):
Net_6 <=  ('0') ;

Note:  Expanding virtual equation for '\UART_1:BUART:rx_addressmatch\' (cost = 0):
\UART_1:BUART:rx_addressmatch\ <= (\UART_1:BUART:rx_addressmatch2\
	OR \UART_1:BUART:rx_addressmatch1\);

Note:  Expanding virtual equation for '\UART_1:BUART:rx_bitclk_pre\' (cost = 1):
\UART_1:BUART:rx_bitclk_pre\ <= ((not \UART_1:BUART:rx_count_2\ and not \UART_1:BUART:rx_count_1\ and not \UART_1:BUART:rx_count_0\));

Note:  Expanding virtual equation for '\UART_1:BUART:rx_bitclk_pre16x\' (cost = 0):
\UART_1:BUART:rx_bitclk_pre16x\ <= ((not \UART_1:BUART:rx_count_2\ and \UART_1:BUART:rx_count_1\ and \UART_1:BUART:rx_count_0\));

Note:  Expanding virtual equation for '\UART_1:BUART:rx_poll_bit1\' (cost = 1):
\UART_1:BUART:rx_poll_bit1\ <= ((not \UART_1:BUART:rx_count_2\ and not \UART_1:BUART:rx_count_1\ and \UART_1:BUART:rx_count_0\));

Note:  Expanding virtual equation for '\UART_1:BUART:rx_poll_bit2\' (cost = 1):
\UART_1:BUART:rx_poll_bit2\ <= ((not \UART_1:BUART:rx_count_2\ and not \UART_1:BUART:rx_count_1\ and not \UART_1:BUART:rx_count_0\));

Note:  Expanding virtual equation for '\UART_1:BUART:pollingrange\' (cost = 4):
\UART_1:BUART:pollingrange\ <= ((not \UART_1:BUART:rx_count_2\ and not \UART_1:BUART:rx_count_1\));

Note:  Expanding virtual equation for '\UART_1:BUART:sRX:s23Poll:MODULE_1:g2:a0:g1:z1:s0:g1:u0:c_1\' (cost = 0):
\UART_1:BUART:sRX:s23Poll:MODULE_1:g2:a0:g1:z1:s0:g1:u0:c_1\ <= (\UART_1:BUART:pollcount_0\);

Note:  Expanding virtual equation for '\UART_1:BUART:sRX:s23Poll:MODULE_1:g2:a0:s_0\' (cost = 0):
\UART_1:BUART:sRX:s23Poll:MODULE_1:g2:a0:s_0\ <= (not \UART_1:BUART:pollcount_0\);

Note:  Expanding virtual equation for '\UART_1:BUART:sRX:s23Poll:MODULE_2:g2:a0:lta_1\' (cost = 0):
\UART_1:BUART:sRX:s23Poll:MODULE_2:g2:a0:lta_1\ <=  ('0') ;

Note:  Expanding virtual equation for '\UART_1:BUART:sRX:s23Poll:MODULE_2:g2:a0:gta_1\' (cost = 0):
\UART_1:BUART:sRX:s23Poll:MODULE_2:g2:a0:gta_1\ <= (\UART_1:BUART:pollcount_1\);

Note:  Expanding virtual equation for '\UART_1:BUART:sRX:s23Poll:MODULE_3:g2:a0:lta_1\' (cost = 0):
\UART_1:BUART:sRX:s23Poll:MODULE_3:g2:a0:lta_1\ <= (not \UART_1:BUART:pollcount_1\);

Note:  Expanding virtual equation for '\UART_1:BUART:sRX:s23Poll:MODULE_3:g2:a0:gta_1\' (cost = 0):
\UART_1:BUART:sRX:s23Poll:MODULE_3:g2:a0:gta_1\ <=  ('0') ;

Note:  Expanding virtual equation for '\UART_1:BUART:sRX:MODULE_4:g2:a0:lta_6\' (cost = 0):
\UART_1:BUART:sRX:MODULE_4:g2:a0:lta_6\ <=  ('0') ;

Note:  Expanding virtual equation for '\UART_1:BUART:sRX:MODULE_4:g2:a0:gta_6\' (cost = 0):
\UART_1:BUART:sRX:MODULE_4:g2:a0:gta_6\ <=  ('0') ;

Note:  Expanding virtual equation for '\UART_1:BUART:sRX:MODULE_4:g2:a0:lta_5\' (cost = 0):
\UART_1:BUART:sRX:MODULE_4:g2:a0:lta_5\ <=  ('0') ;

Note:  Expanding virtual equation for '\UART_1:BUART:sRX:MODULE_4:g2:a0:gta_5\' (cost = 0):
\UART_1:BUART:sRX:MODULE_4:g2:a0:gta_5\ <=  ('0') ;

Note:  Expanding virtual equation for '\UART_1:BUART:sRX:MODULE_4:g2:a0:lta_4\' (cost = 0):
\UART_1:BUART:sRX:MODULE_4:g2:a0:lta_4\ <=  ('0') ;

Note:  Expanding virtual equation for '\UART_1:BUART:sRX:MODULE_4:g2:a0:gta_4\' (cost = 0):
\UART_1:BUART:sRX:MODULE_4:g2:a0:gta_4\ <=  ('0') ;

Note:  Expanding virtual equation for '\UART_1:BUART:sRX:MODULE_4:g2:a0:lta_3\' (cost = 0):
\UART_1:BUART:sRX:MODULE_4:g2:a0:lta_3\ <=  ('0') ;

Note:  Expanding virtual equation for '\UART_1:BUART:sRX:MODULE_4:g2:a0:gta_3\' (cost = 0):
\UART_1:BUART:sRX:MODULE_4:g2:a0:gta_3\ <= (\UART_1:BUART:rx_count_6\);

Note:  Expanding virtual equation for '\UART_1:BUART:sRX:MODULE_4:g2:a0:lta_2\' (cost = 1):
\UART_1:BUART:sRX:MODULE_4:g2:a0:lta_2\ <= ((not \UART_1:BUART:rx_count_6\ and not \UART_1:BUART:rx_count_5\));

Note:  Expanding virtual equation for '\UART_1:BUART:sRX:MODULE_4:g2:a0:gta_2\' (cost = 0):
\UART_1:BUART:sRX:MODULE_4:g2:a0:gta_2\ <= (\UART_1:BUART:rx_count_6\);

Note:  Expanding virtual equation for '\UART_1:BUART:sRX:MODULE_4:g2:a0:lta_1\' (cost = 2):
\UART_1:BUART:sRX:MODULE_4:g2:a0:lta_1\ <= ((not \UART_1:BUART:rx_count_6\ and not \UART_1:BUART:rx_count_4\)
	OR (not \UART_1:BUART:rx_count_6\ and not \UART_1:BUART:rx_count_5\));

Note:  Expanding virtual equation for '\UART_1:BUART:sRX:MODULE_4:g2:a0:gta_1\' (cost = 0):
\UART_1:BUART:sRX:MODULE_4:g2:a0:gta_1\ <= (\UART_1:BUART:rx_count_6\);

Note:  Expanding virtual equation for '\UART_1:BUART:sRX:MODULE_4:g2:a0:lta_0\' (cost = 8):
\UART_1:BUART:sRX:MODULE_4:g2:a0:lta_0\ <= ((not \UART_1:BUART:rx_count_6\ and not \UART_1:BUART:rx_count_4\)
	OR (not \UART_1:BUART:rx_count_6\ and not \UART_1:BUART:rx_count_5\));


Substituting virtuals - pass 2:

Note:  Expanding virtual equation for '\UART_1:BUART:sRX:s23Poll:MODULE_2:g2:a0:lta_0\' (cost = 4):
\UART_1:BUART:sRX:s23Poll:MODULE_2:g2:a0:lta_0\ <= ((not \UART_1:BUART:pollcount_1\ and not \UART_1:BUART:pollcount_0\));

Note:  Expanding virtual equation for '\UART_1:BUART:sRX:s23Poll:MODULE_3:g2:a0:lta_0\' (cost = 0):
\UART_1:BUART:sRX:s23Poll:MODULE_3:g2:a0:lta_0\ <= (not \UART_1:BUART:pollcount_1\);

Note:  Expanding virtual equation for '\UART_1:BUART:sRX:s23Poll:MODULE_1:g2:a0:s_1\' (cost = 2):
\UART_1:BUART:sRX:s23Poll:MODULE_1:g2:a0:s_1\ <= ((not \UART_1:BUART:pollcount_0\ and \UART_1:BUART:pollcount_1\)
	OR (not \UART_1:BUART:pollcount_1\ and \UART_1:BUART:pollcount_0\));


Substituting virtuals - pass 3:

Note:  Expanding virtual equation for '\UART_1:BUART:rx_postpoll\' (cost = 72):
\UART_1:BUART:rx_postpoll\ <= (\UART_1:BUART:pollcount_1\
	OR (Net_44 and \UART_1:BUART:pollcount_0\));

Note:  Expanding virtual equation for '\UART_1:BUART:sRX:MODULE_5:g1:a0:gx:u0:xnor_array_0\' (cost = 4):
\UART_1:BUART:sRX:MODULE_5:g1:a0:gx:u0:xnor_array_0\ <= ((not \UART_1:BUART:pollcount_1\ and not Net_44 and not \UART_1:BUART:rx_parity_bit\)
	OR (not \UART_1:BUART:pollcount_1\ and not \UART_1:BUART:pollcount_0\ and not \UART_1:BUART:rx_parity_bit\)
	OR (\UART_1:BUART:pollcount_1\ and \UART_1:BUART:rx_parity_bit\)
	OR (Net_44 and \UART_1:BUART:pollcount_0\ and \UART_1:BUART:rx_parity_bit\));

Note:  Expanding virtual equation for '\UART_1:BUART:sRX:MODULE_5:g1:a0:gx:u0:aeqb_1\' (cost = 4):
\UART_1:BUART:sRX:MODULE_5:g1:a0:gx:u0:aeqb_1\ <= ((not \UART_1:BUART:pollcount_1\ and not Net_44 and not \UART_1:BUART:rx_parity_bit\)
	OR (not \UART_1:BUART:pollcount_1\ and not \UART_1:BUART:pollcount_0\ and not \UART_1:BUART:rx_parity_bit\)
	OR (\UART_1:BUART:pollcount_1\ and \UART_1:BUART:rx_parity_bit\)
	OR (Net_44 and \UART_1:BUART:pollcount_0\ and \UART_1:BUART:rx_parity_bit\));


Substituting virtuals - pass 4:


----------------------------------------------------------
Circuit simplification results:

	Expanded 33 signals.
	Turned 0 signals into soft nodes.
	Maximum default expansion cost was set at 3.
----------------------------------------------------------

------------------------------------------------------
Alias Detection
------------------------------------------------------
Aliasing \UART_1:BUART:rx_status_0\ to Net_6
Aliasing \UART_1:BUART:rx_status_6\ to Net_6
Aliasing \UART_1:BUART:rx_markspace_status\\D\ to Net_6
Aliasing \UART_1:BUART:rx_parity_error_status\\D\ to Net_6
Aliasing \UART_1:BUART:rx_addr_match_status\\D\ to Net_6
Removing Rhs of wire \UART_1:BUART:rx_bitclk_enable\[28] = \UART_1:BUART:rx_bitclk\[77]
Removing Lhs of wire \UART_1:BUART:rx_status_0\[128] = Net_6[6]
Removing Lhs of wire \UART_1:BUART:rx_status_6\[137] = Net_6[6]
Removing Lhs of wire \UART_1:BUART:rx_markspace_status\\D\[241] = Net_6[6]
Removing Lhs of wire \UART_1:BUART:rx_parity_error_status\\D\[242] = Net_6[6]
Removing Lhs of wire \UART_1:BUART:rx_addr_match_status\\D\[244] = Net_6[6]
Removing Lhs of wire \UART_1:BUART:rx_markspace_pre\\D\[245] = \UART_1:BUART:rx_markspace_pre\[141]
Removing Lhs of wire \UART_1:BUART:rx_parity_bit\\D\[250] = \UART_1:BUART:rx_parity_bit\[147]

------------------------------------------------------
Aliased 0 equations, 8 wires.
------------------------------------------------------

----------------------------------------------------------
Circuit simplification
----------------------------------------------------------

Eliminating unused logic - pass 1:

Note:  Deleted unused equation:
\UART_1:BUART:sRX:MODULE_5:g1:a0:xneq\ <= ((not \UART_1:BUART:rx_parity_bit\ and Net_44 and \UART_1:BUART:pollcount_0\)
	OR (not \UART_1:BUART:pollcount_1\ and not \UART_1:BUART:pollcount_0\ and \UART_1:BUART:rx_parity_bit\)
	OR (not \UART_1:BUART:pollcount_1\ and not Net_44 and \UART_1:BUART:rx_parity_bit\)
	OR (not \UART_1:BUART:rx_parity_bit\ and \UART_1:BUART:pollcount_1\));


Eliminating unused logic - pass 2:


Substituting virtuals - pass 1:


----------------------------------------------------------
Circuit simplification results:

	Expanded 0 signals.
	Turned 0 signals into soft nodes.
	Maximum default expansion cost was set at 3.
----------------------------------------------------------

topld:  No errors.

CYPRESS_DIR    : C:\Program Files (x86)\Cypress\PSoC Creator\4.2\PSoC Creator\warp
Warp Program   : C:\Program Files (x86)\Cypress\PSoC Creator\4.2\PSoC Creator\warp\bin\warp.exe
Warp Arguments : -yv2 -q10 -ygs -o2 -v3 -.fftcfgtype=BE -ya -.fftprj=C:\Users\Fischer\Documents\GitHub\kanzi\PSoC\CE95388.cydsn\CE95388.cyprj -dcpsoc3 CE95388.v -verilog
</CYPRESSTAG>
Warp synthesis phase: Elapsed time ==> 1s.292ms
<CYPRESSTAG name="Fitter results...">
<CYPRESSTAG name="Fitter startup details...">
cyp3fit: V4.2.0.641, Family: PSoC3, Started at: Friday, 08 November 2019 02:16:53
Options: -yv2 -q10 -ygs -o2 -v3 -.fftcfgtype=BE -ya -.fftprj=C:\Users\Fischer\Documents\GitHub\kanzi\PSoC\CE95388.cydsn\CE95388.cyprj -d CY8C3866AXI-040 CE95388.v -verilog
</CYPRESSTAG>
<CYPRESSTAG name="Design parsing">
Design parsing phase: Elapsed time ==> 0s.017ms
</CYPRESSTAG>
<CYPRESSTAG name="Tech Mapping">
<CYPRESSTAG name="Initial Mapping" icon="FILE_RPT_TECHM">
    Converted constant MacroCell: \UART_1:BUART:reset_reg\ from registered to combinatorial
    Converted constant MacroCell: \UART_1:BUART:rx_markspace_status\ from registered to combinatorial
    Converted constant MacroCell: \UART_1:BUART:rx_status_2\ from registered to combinatorial
    Converted constant MacroCell: \UART_1:BUART:rx_addr_match_status\ from registered to combinatorial
    Converted constant MacroCell: \UART_1:BUART:rx_break_status\ from registered to combinatorial
<CYPRESSTAG name="Global Clock Selection" icon="FILE_RPT_TECHM">
    Digital Clock 0: Automatic-assigning  clock 'Clock_1'. Fanout=1, Signal=Net_22
</CYPRESSTAG>

Removing unused cells resulting from optimization
Done removing unused cells.
<CYPRESSTAG name="UDB Clock/Enable Remapping Results">
    UDB Clk/Enable \UART_1:BUART:ClkSync\: with output requested to be synchronous
        ClockIn: Clock_1 was determined to be a global clock that is synchronous to BUS_CLK
        EnableIn: Constant 1 was determined to be synchronous to ClockIn
        ClockOut: Clock_1, EnableOut: Constant 1
</CYPRESSTAG>

Removing unused cells resulting from optimization
Done removing unused cells.
<CYPRESSTAG name="Duplicate Macrocell detection">
</CYPRESSTAG>
</CYPRESSTAG>
<CYPRESSTAG name="Duplicate Macrocell detection">

Removing duplicate macrocells
    Removing \UART_1:BUART:rx_parity_bit\, Duplicate of \UART_1:BUART:rx_state_1\ 
    MacroCell: Name=\UART_1:BUART:rx_parity_bit\, Mode=(T-Register)
        Total # of inputs        : 0
        Total # of product terms : 0
        List of special equations: 
            Clock  = (Net_22) => Global
            Clock Enable: True
        Main Equation            : 0 pterms
        (
            0
        );
        Output = \UART_1:BUART:rx_parity_bit\ (fanout=0)

    Removing \UART_1:BUART:rx_address_detected\, Duplicate of \UART_1:BUART:rx_state_1\ 
    MacroCell: Name=\UART_1:BUART:rx_address_detected\, Mode=(T-Register)
        Total # of inputs        : 0
        Total # of product terms : 0
        List of special equations: 
            Clock  = (Net_22) => Global
            Clock Enable: True
        Main Equation            : 0 pterms
        (
            0
        );
        Output = \UART_1:BUART:rx_address_detected\ (fanout=0)

    Removing \UART_1:BUART:rx_parity_error_pre\, Duplicate of \UART_1:BUART:rx_state_1\ 
    MacroCell: Name=\UART_1:BUART:rx_parity_error_pre\, Mode=(T-Register)
        Total # of inputs        : 0
        Total # of product terms : 0
        List of special equations: 
            Clock  = (Net_22) => Global
            Clock Enable: True
        Main Equation            : 0 pterms
        (
            0
        );
        Output = \UART_1:BUART:rx_parity_error_pre\ (fanout=0)

    Removing \UART_1:BUART:rx_markspace_pre\, Duplicate of \UART_1:BUART:rx_state_1\ 
    MacroCell: Name=\UART_1:BUART:rx_markspace_pre\, Mode=(T-Register)
        Total # of inputs        : 0
        Total # of product terms : 0
        List of special equations: 
            Clock  = (Net_22) => Global
            Clock Enable: True
        Main Equation            : 0 pterms
        (
            0
        );
        Output = \UART_1:BUART:rx_markspace_pre\ (fanout=0)

End removing duplicate macrocells: used 1 pass
</CYPRESSTAG>
<CYPRESSTAG name="Design Equations" icon="FILE_RPT_EQUATION">

------------------------------------------------------------
Design Equations
------------------------------------------------------------
    <CYPRESSTAG name="Pin listing">

    ------------------------------------------------------------
    Pin listing
    ------------------------------------------------------------

    Pin : Name = RX(0)
        Attributes:
            In Group/Port: True
            In Sync Option: SYNC
            Out Sync Option: AUTO
            Interrupt generated: False
            Interrupt mode: NONE
            Drive mode: HI_Z_DIGITAL
            VTrip: CMOS
            Slew: FAST
            Input Sync needed: True
            Output Sync needed: False
            SC shield enabled: False
            POR State: ANY
            LCD Mode: COMMON
            Register Mode: RegComb
            CaSense Mode: NEITHER
            Treat as pin: True
            Is OE Registered: False
            Uses Analog: False
            Can contain Digital: True
            Is SIO: False
            SIO Output Buf: NONREGULATED
            SIO Input Buf: SINGLE_ENDED
            SIO HiFreq: LOW
            SIO Hyst: DISABLED
            SIO Vtrip: MULTIPLIER_0_5
            SIO Multiplier Index: 0
            SIO RefSel: VCC_IO
            Required Capabilities: DIGITAL, ROUTABLE
            Initial Value: 0
            IO Voltage: 0
        PORT MAP (
            pa_out => RX(0)__PA ,
            fb => Net_44 ,
            pad => RX(0)_PAD );
        Properties:
        {
        }
    </CYPRESSTAG>
    <CYPRESSTAG name="Macrocell listing" icon="FILE_RPT_EQUATION">

    ------------------------------------------------------------
    Macrocell listing
    ------------------------------------------------------------

    MacroCell: Name=\UART_1:BUART:rx_counter_load\, Mode=(Combinatorial)
        Total # of inputs        : 4
        Total # of product terms : 1
            Clock Enable: True
        Main Equation            : 1 pterm
        (
              !\UART_1:BUART:rx_state_1\ * !\UART_1:BUART:rx_state_0\ * 
              !\UART_1:BUART:rx_state_3\ * !\UART_1:BUART:rx_state_2\
        );
        Output = \UART_1:BUART:rx_counter_load\ (fanout=1)

    MacroCell: Name=\UART_1:BUART:rx_postpoll\, Mode=(Combinatorial)
        Total # of inputs        : 3
        Total # of product terms : 2
            Clock Enable: True
        Main Equation            : 2 pterms
        (
              \UART_1:BUART:pollcount_1\
            + Net_44 * \UART_1:BUART:pollcount_0\
        );
        Output = \UART_1:BUART:rx_postpoll\ (fanout=1)

    MacroCell: Name=\UART_1:BUART:rx_status_4\, Mode=(Combinatorial)
        Total # of inputs        : 2
        Total # of product terms : 1
            Clock Enable: True
        Main Equation            : 1 pterm
        (
              \UART_1:BUART:rx_load_fifo\ * \UART_1:BUART:rx_fifofull\
        );
        Output = \UART_1:BUART:rx_status_4\ (fanout=1)

    MacroCell: Name=\UART_1:BUART:rx_status_5\, Mode=(Combinatorial)
        Total # of inputs        : 2
        Total # of product terms : 1
            Clock Enable: True
        Main Equation            : 1 pterm
        (
              \UART_1:BUART:rx_fifonotempty\ * 
              \UART_1:BUART:rx_state_stop1_reg\
        );
        Output = \UART_1:BUART:rx_status_5\ (fanout=1)

    MacroCell: Name=\UART_1:BUART:rx_state_1\, Mode=(T-Register)
        Total # of inputs        : 0
        Total # of product terms : 0
        List of special equations: 
            Clock  = (Net_22) => Global
            Clock Enable: True
        Main Equation            : 0 pterms
        (
            0
        );
        Output = \UART_1:BUART:rx_state_1\ (fanout=8)

    MacroCell: Name=\UART_1:BUART:rx_state_0\, Mode=(T-Register)
        Total # of inputs        : 11
        Total # of product terms : 4
        List of special equations: 
            Clock  = (Net_22) => Global
            Clock Enable: True
        Main Equation            : 4 pterms
        (
              !\UART_1:BUART:rx_state_1\ * !\UART_1:BUART:rx_state_0\ * 
              \UART_1:BUART:rx_bitclk_enable\ * !\UART_1:BUART:rx_state_3\ * 
              \UART_1:BUART:rx_state_2\ * !\UART_1:BUART:pollcount_1\ * 
              !Net_44
            + !\UART_1:BUART:rx_state_1\ * !\UART_1:BUART:rx_state_0\ * 
              \UART_1:BUART:rx_bitclk_enable\ * !\UART_1:BUART:rx_state_3\ * 
              \UART_1:BUART:rx_state_2\ * !\UART_1:BUART:pollcount_1\ * 
              !\UART_1:BUART:pollcount_0\
            + !\UART_1:BUART:rx_state_1\ * \UART_1:BUART:rx_state_0\ * 
              !\UART_1:BUART:rx_state_3\ * !\UART_1:BUART:rx_state_2\ * 
              !\UART_1:BUART:rx_count_6\ * !\UART_1:BUART:rx_count_5\
            + !\UART_1:BUART:rx_state_1\ * \UART_1:BUART:rx_state_0\ * 
              !\UART_1:BUART:rx_state_3\ * !\UART_1:BUART:rx_state_2\ * 
              !\UART_1:BUART:rx_count_6\ * !\UART_1:BUART:rx_count_4\
        );
        Output = \UART_1:BUART:rx_state_0\ (fanout=8)

    MacroCell: Name=\UART_1:BUART:rx_load_fifo\, Mode=(D-Register)
        Total # of inputs        : 8
        Total # of product terms : 3
        List of special equations: 
            Clock  = (Net_22) => Global
            Clock Enable: True
        Main Equation            : 3 pterms
        (
              !\UART_1:BUART:rx_state_1\ * !\UART_1:BUART:rx_state_0\ * 
              \UART_1:BUART:rx_bitclk_enable\ * \UART_1:BUART:rx_state_3\ * 
              !\UART_1:BUART:rx_state_2\
            + !\UART_1:BUART:rx_state_1\ * \UART_1:BUART:rx_state_0\ * 
              !\UART_1:BUART:rx_state_3\ * !\UART_1:BUART:rx_state_2\ * 
              !\UART_1:BUART:rx_count_6\ * !\UART_1:BUART:rx_count_5\
            + !\UART_1:BUART:rx_state_1\ * \UART_1:BUART:rx_state_0\ * 
              !\UART_1:BUART:rx_state_3\ * !\UART_1:BUART:rx_state_2\ * 
              !\UART_1:BUART:rx_count_6\ * !\UART_1:BUART:rx_count_4\
        );
        Output = \UART_1:BUART:rx_load_fifo\ (fanout=2)

    MacroCell: Name=\UART_1:BUART:rx_state_3\, Mode=(T-Register)
        Total # of inputs        : 8
        Total # of product terms : 3
        List of special equations: 
            Clock  = (Net_22) => Global
            Clock Enable: True
        Main Equation            : 3 pterms
        (
              !\UART_1:BUART:rx_state_1\ * !\UART_1:BUART:rx_state_0\ * 
              \UART_1:BUART:rx_bitclk_enable\ * \UART_1:BUART:rx_state_3\ * 
              \UART_1:BUART:rx_state_2\
            + !\UART_1:BUART:rx_state_1\ * \UART_1:BUART:rx_state_0\ * 
              !\UART_1:BUART:rx_state_3\ * !\UART_1:BUART:rx_state_2\ * 
              !\UART_1:BUART:rx_count_6\ * !\UART_1:BUART:rx_count_5\
            + !\UART_1:BUART:rx_state_1\ * \UART_1:BUART:rx_state_0\ * 
              !\UART_1:BUART:rx_state_3\ * !\UART_1:BUART:rx_state_2\ * 
              !\UART_1:BUART:rx_count_6\ * !\UART_1:BUART:rx_count_4\
        );
        Output = \UART_1:BUART:rx_state_3\ (fanout=7)

    MacroCell: Name=\UART_1:BUART:rx_state_2\, Mode=(T-Register)
        Total # of inputs        : 10
        Total # of product terms : 5
        List of special equations: 
            Clock  = (Net_22) => Global
            Clock Enable: True
        Main Equation            : 5 pterms
        (
              !\UART_1:BUART:rx_state_1\ * !\UART_1:BUART:rx_state_0\ * 
              \UART_1:BUART:rx_bitclk_enable\ * \UART_1:BUART:rx_state_3\
            + !\UART_1:BUART:rx_state_1\ * !\UART_1:BUART:rx_state_0\ * 
              \UART_1:BUART:rx_bitclk_enable\ * \UART_1:BUART:rx_state_2\
            + !\UART_1:BUART:rx_state_1\ * !\UART_1:BUART:rx_state_0\ * 
              !\UART_1:BUART:rx_state_3\ * !\UART_1:BUART:rx_state_2\ * 
              !Net_44 * \UART_1:BUART:rx_last\
            + !\UART_1:BUART:rx_state_1\ * \UART_1:BUART:rx_state_0\ * 
              !\UART_1:BUART:rx_state_3\ * !\UART_1:BUART:rx_state_2\ * 
              !\UART_1:BUART:rx_count_6\ * !\UART_1:BUART:rx_count_5\
            + !\UART_1:BUART:rx_state_1\ * \UART_1:BUART:rx_state_0\ * 
              !\UART_1:BUART:rx_state_3\ * !\UART_1:BUART:rx_state_2\ * 
              !\UART_1:BUART:rx_count_6\ * !\UART_1:BUART:rx_count_4\
        );
        Output = \UART_1:BUART:rx_state_2\ (fanout=7)

    MacroCell: Name=\UART_1:BUART:rx_bitclk_enable\, Mode=(D-Register)
        Total # of inputs        : 3
        Total # of product terms : 1
        List of special equations: 
            Clock  = (Net_22) => Global
            Clock Enable: True
        Main Equation            : 1 pterm
        (
              !\UART_1:BUART:rx_count_2\ * !\UART_1:BUART:rx_count_1\ * 
              !\UART_1:BUART:rx_count_0\
        );
        Output = \UART_1:BUART:rx_bitclk_enable\ (fanout=6)

    MacroCell: Name=\UART_1:BUART:rx_state_stop1_reg\, Mode=(D-Register)
        Total # of inputs        : 4
        Total # of product terms : 1
        List of special equations: 
            Clock  = (Net_22) => Global
            Clock Enable: True
        Main Equation            : 1 pterm
        !(
              !\UART_1:BUART:rx_state_1\ * !\UART_1:BUART:rx_state_0\ * 
              \UART_1:BUART:rx_state_3\ * \UART_1:BUART:rx_state_2\
        );
        Output = \UART_1:BUART:rx_state_stop1_reg\ (fanout=1)

    MacroCell: Name=\UART_1:BUART:pollcount_1\, Mode=(D-Register)
        Total # of inputs        : 5
        Total # of product terms : 3
        List of special equations: 
            Clock  = (Net_22) => Global
            Clock Enable: True
        Main Equation            : 3 pterms
        (
              !\UART_1:BUART:rx_count_2\ * !\UART_1:BUART:rx_count_1\ * 
              !\UART_1:BUART:pollcount_1\ * Net_44 * 
              \UART_1:BUART:pollcount_0\
            + !\UART_1:BUART:rx_count_2\ * !\UART_1:BUART:rx_count_1\ * 
              \UART_1:BUART:pollcount_1\ * !Net_44
            + !\UART_1:BUART:rx_count_2\ * !\UART_1:BUART:rx_count_1\ * 
              \UART_1:BUART:pollcount_1\ * !\UART_1:BUART:pollcount_0\
        );
        Output = \UART_1:BUART:pollcount_1\ (fanout=4)

    MacroCell: Name=\UART_1:BUART:pollcount_0\, Mode=(D-Register)
        Total # of inputs        : 4
        Total # of product terms : 2
        List of special equations: 
            Clock  = (Net_22) => Global
            Clock Enable: True
        Main Equation            : 2 pterms
        (
              !\UART_1:BUART:rx_count_2\ * !\UART_1:BUART:rx_count_1\ * 
              !Net_44 * \UART_1:BUART:pollcount_0\
            + !\UART_1:BUART:rx_count_2\ * !\UART_1:BUART:rx_count_1\ * 
              Net_44 * !\UART_1:BUART:pollcount_0\
        );
        Output = \UART_1:BUART:pollcount_0\ (fanout=5)

    MacroCell: Name=\UART_1:BUART:rx_status_3\, Mode=(D-Register)
        Total # of inputs        : 8
        Total # of product terms : 2
        List of special equations: 
            Clock  = (Net_22) => Global
            Clock Enable: True
        Main Equation            : 2 pterms
        (
              !\UART_1:BUART:rx_state_1\ * !\UART_1:BUART:rx_state_0\ * 
              \UART_1:BUART:rx_bitclk_enable\ * \UART_1:BUART:rx_state_3\ * 
              \UART_1:BUART:rx_state_2\ * !\UART_1:BUART:pollcount_1\ * 
              !Net_44
            + !\UART_1:BUART:rx_state_1\ * !\UART_1:BUART:rx_state_0\ * 
              \UART_1:BUART:rx_bitclk_enable\ * \UART_1:BUART:rx_state_3\ * 
              \UART_1:BUART:rx_state_2\ * !\UART_1:BUART:pollcount_1\ * 
              !\UART_1:BUART:pollcount_0\
        );
        Output = \UART_1:BUART:rx_status_3\ (fanout=1)

    MacroCell: Name=\UART_1:BUART:rx_last\, Mode=(D-Register)
        Total # of inputs        : 1
        Total # of product terms : 1
        List of special equations: 
            Clock  = (Net_22) => Global
            Clock Enable: True
        Main Equation            : 1 pterm
        (
              Net_44
        );
        Output = \UART_1:BUART:rx_last\ (fanout=1)
    </CYPRESSTAG>
    <CYPRESSTAG name="Datapath listing">

    ------------------------------------------------------------
    Datapath listing
    ------------------------------------------------------------

    datapathcell: Name =\UART_1:BUART:sRX:RxShifter:u0\
        PORT MAP (
            clock => Net_22 ,
            cs_addr_2 => \UART_1:BUART:rx_state_1\ ,
            cs_addr_1 => \UART_1:BUART:rx_state_0\ ,
            cs_addr_0 => \UART_1:BUART:rx_bitclk_enable\ ,
            route_si => \UART_1:BUART:rx_postpoll\ ,
            f0_load => \UART_1:BUART:rx_load_fifo\ ,
            f0_bus_stat_comb => \UART_1:BUART:rx_fifonotempty\ ,
            f0_blk_stat_comb => \UART_1:BUART:rx_fifofull\ );
        Properties:
        {
            a0_init = "00000000"
            a1_init = "00000000"
            ce0_sync = 1
            ce1_sync = 1
            cl0_sync = 1
            cl1_sync = 1
            cmsb_sync = 1
            co_msb_sync = 1
            cy_dpconfig = "0000000000000000000000000000000000000000000000000000001001000000000100000000000000010000001100000001000000000000000100100001000011111111000000001111111111111111101000000110001001000001111100000000000000001100"
            d0_init = "00000000"
            d1_init = "00000000"
            f0_blk_sync = 1
            f0_bus_sync = 1
            f1_blk_sync = 1
            f1_bus_sync = 1
            ff0_sync = 1
            ff1_sync = 1
            ov_msb_sync = 1
            so_sync = 1
            z0_sync = 1
            z1_sync = 1
        }
        Clock Polarity: Active High
        Clock Enable: True
    </CYPRESSTAG>
    <CYPRESSTAG name="Status register listing">
    </CYPRESSTAG>
    <CYPRESSTAG name="StatusI register listing">

    ------------------------------------------------------------
    StatusI register listing
    ------------------------------------------------------------

    statusicell: Name =\UART_1:BUART:sRX:RxSts\
        PORT MAP (
            clock => Net_22 ,
            status_5 => \UART_1:BUART:rx_status_5\ ,
            status_4 => \UART_1:BUART:rx_status_4\ ,
            status_3 => \UART_1:BUART:rx_status_3\ );
        Properties:
        {
            cy_force_order = 1
            cy_int_mask = "1111111"
            cy_md_select = "1011111"
        }
        Clock Polarity: Active High
        Clock Enable: True
    </CYPRESSTAG>
    <CYPRESSTAG name="Sync listing">
    </CYPRESSTAG>
    <CYPRESSTAG name="Control register listing">
    </CYPRESSTAG>
    <CYPRESSTAG name="Count7 listing">

    ------------------------------------------------------------
    Count7 listing
    ------------------------------------------------------------

    count7cell: Name =\UART_1:BUART:sRX:RxBitCounter\
        PORT MAP (
            clock => Net_22 ,
            load => \UART_1:BUART:rx_counter_load\ ,
            count_6 => \UART_1:BUART:rx_count_6\ ,
            count_5 => \UART_1:BUART:rx_count_5\ ,
            count_4 => \UART_1:BUART:rx_count_4\ ,
            count_3 => \UART_1:BUART:rx_count_3\ ,
            count_2 => \UART_1:BUART:rx_count_2\ ,
            count_1 => \UART_1:BUART:rx_count_1\ ,
            count_0 => \UART_1:BUART:rx_count_0\ ,
            tc => \UART_1:BUART:rx_count7_tc\ );
        Properties:
        {
            cy_alt_mode = 0
            cy_init_value = "0000000"
            cy_period = "1110010"
            cy_route_en = 1
            cy_route_ld = 1
        }
        Clock Polarity: Active High
        Clock Enable: True
    </CYPRESSTAG>
    <CYPRESSTAG name="DRQ listing">
    </CYPRESSTAG>
    <CYPRESSTAG name="Interrupt listing">
    </CYPRESSTAG>
</CYPRESSTAG>
<CYPRESSTAG name="Technology mapping summary" expanded>

------------------------------------------------------------
Technology mapping summary
------------------------------------------------------------

Resource Type                 : Used : Free :  Max :  % Used
============================================================
Digital Clocks                :    1 :    7 :    8 : 12.50 %
Analog Clocks                 :    0 :    4 :    4 :  0.00 %
CapSense Buffers              :    0 :    2 :    2 :  0.00 %
Digital Filter Block          :    0 :    1 :    1 :  0.00 %
Interrupts                    :    0 :   32 :   32 :  0.00 %
IO                            :    4 :   68 :   72 :  5.56 %
Segment LCD                   :    0 :    1 :    1 :  0.00 %
CAN 2.0b                      :    0 :    1 :    1 :  0.00 %
I2C                           :    0 :    1 :    1 :  0.00 %
USB                           :    0 :    1 :    1 :  0.00 %
DMA Channels                  :    0 :   24 :   24 :  0.00 %
Timer                         :    0 :    4 :    4 :  0.00 %
UDB                           :      :      :      :        
  Macrocells                  :   15 :  177 :  192 :  7.81 %
  Unique P-terms              :   24 :  360 :  384 :  6.25 %
  Total P-terms               :   30 :      :      :        
  Datapath Cells              :    1 :   23 :   24 :  4.17 %
  Status Cells                :    2 :   22 :   24 :  8.33 %
    StatusI Registers         :    1 :      :      :        
    Routed Count7 Load/Enable :    1 :      :      :        
  Control Cells               :    1 :   23 :   24 :  4.17 %
    Count7 Cells              :    1 :      :      :        
Opamp                         :    0 :    4 :    4 :  0.00 %
Comparator                    :    0 :    4 :    4 :  0.00 %
Delta-Sigma ADC               :    0 :    1 :    1 :  0.00 %
LPF                           :    0 :    2 :    2 :  0.00 %
Analog (SC/CT) Blocks         :    0 :    4 :    4 :  0.00 %
DAC                           :      :      :      :        
  VIDAC                       :    0 :    4 :    4 :  0.00 %
</CYPRESSTAG>
Technology Mapping: Elapsed time ==> 0s.127ms
Tech Mapping phase: Elapsed time ==> 0s.232ms
</CYPRESSTAG>
<CYPRESSTAG name="Analog Placement">
Initial Analog Placement Results:
IO_1@[IOP=(0)][IoId=(1)] : RX(0) (fixed)
Analog Placement phase: Elapsed time ==> 0s.061ms
</CYPRESSTAG>
<CYPRESSTAG name="Analog Routing">
Analog Routing phase: Elapsed time ==> 0s.004ms
</CYPRESSTAG>
<CYPRESSTAG name="Analog Code Generation">
============ Analog Final Answer Routes ============
Dump of CyAnalogRoutingResultsDB
Map of net to items {
}
Map of item to net {
}
Mux Info {
}
Dump of CyP35AnalogRoutingResultsDB
IsVddaHalfUsedForComp = False
IsVddaHalfUsedForSar0 = False
IsVddaHalfUsedForSar1 = False
Analog Code Generation phase: Elapsed time ==> 0s.272ms
</CYPRESSTAG>
<CYPRESSTAG name="Digital Placement">
<CYPRESSTAG name="PLD Packing">
<CYPRESSTAG name="PLD Packing Summary" expanded>

------------------------------------------------------------
PLD Packing Summary
------------------------------------------------------------
            Resource Type : Used : Free :  Max :  % Used
    ====================================================
                     PLDs :    5 :   43 :   48 :  10.42%

<CYPRESSTAG name="PLD Statistics">

        PLD Resource Type :     Average/LAB
    =======================================
                   Inputs :            9.00
                   Pterms :            5.20
               Macrocells :            3.00
</CYPRESSTAG>
<CYPRESSTAG name="Packed PLD Contents">
Packed PLD Contents not displayed at this verbose level.</CYPRESSTAG>
</CYPRESSTAG>
PLD Packing: Elapsed time ==> 0s.004ms
</CYPRESSTAG>
<CYPRESSTAG name="Partitioning">
<CYPRESSTAG name="Initial Partitioning Summary">
Initial Partitioning Summary not displayed at this verbose level.</CYPRESSTAG>
<CYPRESSTAG name="Final Partitioning Summary">
Final Partitioning Summary not displayed at this verbose level.</CYPRESSTAG>
Partitioning: Elapsed time ==> 0s.018ms
</CYPRESSTAG>
<CYPRESSTAG name="Final Placement Summary">

------------------------------------------------------------
Final Placement Summary
------------------------------------------------------------

       Resource Type :      Count : Avg Inputs : Avg Outputs
    ========================================================
                 UDB :          3 :       9.33 :       5.00
<CYPRESSTAG name="Final Placement Details">
<CYPRESSTAG name="Component Details">

------------------------------------------------------------
Component Placement Details
------------------------------------------------------------
UDB [UDB=(0,0)] is empty.
UDB [UDB=(0,1)] is empty.
UDB [UDB=(0,2)] is empty.
UDB [UDB=(0,3)] is empty.
UDB [UDB=(0,4)] is empty.
UDB [UDB=(0,5)] is empty.
UDB [UDB=(1,0)] is empty.
UDB [UDB=(1,1)] is empty.
UDB [UDB=(1,2)] is empty.
UDB [UDB=(1,3)] is empty.
UDB [UDB=(1,4)] is empty.
UDB [UDB=(1,5)] is empty.
UDB [UDB=(2,0)] is empty.
UDB [UDB=(2,1)] is empty.
UDB [UDB=(2,2)] is empty.
UDB [UDB=(2,3)] is empty.
UDB [UDB=(2,4)] is empty.
UDB [UDB=(2,5)] contents:
LAB@[UDB=(2,5)][LB=0] #macrocells=1, #inputs=1, #pterms=1
{
    [McSlotId=0]: (empty)
    [McSlotId=1]:     MacroCell: Name=\UART_1:BUART:rx_last\, Mode=(D-Register) @ [UDB=(2,5)][LB=0][MC=1]
        Total # of inputs        : 1
        Total # of product terms : 1
        List of special equations: 
            Clock  = (Net_22) => Global
            Clock Enable: True
        Main Equation            : 1 pterm
        (
              Net_44
        );
        Output = \UART_1:BUART:rx_last\ (fanout=1)
        Properties               : 
        {
        }

    [McSlotId=2]: (empty)
    [McSlotId=3]: (empty)
}

UDB [UDB=(3,0)] is empty.
UDB [UDB=(3,1)] is empty.
UDB [UDB=(3,2)] is empty.
UDB [UDB=(3,3)] is empty.
UDB [UDB=(3,4)] contents:
LAB@[UDB=(3,4)][LB=0] #macrocells=4, #inputs=11, #pterms=8
{
    [McSlotId=0]:     MacroCell: Name=\UART_1:BUART:rx_status_3\, Mode=(D-Register) @ [UDB=(3,4)][LB=0][MC=0]
        Total # of inputs        : 8
        Total # of product terms : 2
        List of special equations: 
            Clock  = (Net_22) => Global
            Clock Enable: True
        Main Equation            : 2 pterms
        (
              !\UART_1:BUART:rx_state_1\ * !\UART_1:BUART:rx_state_0\ * 
              \UART_1:BUART:rx_bitclk_enable\ * \UART_1:BUART:rx_state_3\ * 
              \UART_1:BUART:rx_state_2\ * !\UART_1:BUART:pollcount_1\ * 
              !Net_44
            + !\UART_1:BUART:rx_state_1\ * !\UART_1:BUART:rx_state_0\ * 
              \UART_1:BUART:rx_bitclk_enable\ * \UART_1:BUART:rx_state_3\ * 
              \UART_1:BUART:rx_state_2\ * !\UART_1:BUART:pollcount_1\ * 
              !\UART_1:BUART:pollcount_0\
        );
        Output = \UART_1:BUART:rx_status_3\ (fanout=1)
        Properties               : 
        {
        }

    [McSlotId=1]:     MacroCell: Name=\UART_1:BUART:pollcount_1\, Mode=(D-Register) @ [UDB=(3,4)][LB=0][MC=1]
        Total # of inputs        : 5
        Total # of product terms : 3
        List of special equations: 
            Clock  = (Net_22) => Global
            Clock Enable: True
        Main Equation            : 3 pterms
        (
              !\UART_1:BUART:rx_count_2\ * !\UART_1:BUART:rx_count_1\ * 
              !\UART_1:BUART:pollcount_1\ * Net_44 * 
              \UART_1:BUART:pollcount_0\
            + !\UART_1:BUART:rx_count_2\ * !\UART_1:BUART:rx_count_1\ * 
              \UART_1:BUART:pollcount_1\ * !Net_44
            + !\UART_1:BUART:rx_count_2\ * !\UART_1:BUART:rx_count_1\ * 
              \UART_1:BUART:pollcount_1\ * !\UART_1:BUART:pollcount_0\
        );
        Output = \UART_1:BUART:pollcount_1\ (fanout=4)
        Properties               : 
        {
        }

    [McSlotId=2]:     MacroCell: Name=\UART_1:BUART:rx_postpoll\, Mode=(Combinatorial) @ [UDB=(3,4)][LB=0][MC=2]
        Total # of inputs        : 3
        Total # of product terms : 2
            Clock Enable: True
        Main Equation            : 2 pterms
        (
              \UART_1:BUART:pollcount_1\
            + Net_44 * \UART_1:BUART:pollcount_0\
        );
        Output = \UART_1:BUART:rx_postpoll\ (fanout=1)
        Properties               : 
        {
        }

    [McSlotId=3]:     MacroCell: Name=\UART_1:BUART:rx_bitclk_enable\, Mode=(D-Register) @ [UDB=(3,4)][LB=0][MC=3]
        Total # of inputs        : 3
        Total # of product terms : 1
        List of special equations: 
            Clock  = (Net_22) => Global
            Clock Enable: True
        Main Equation            : 1 pterm
        (
              !\UART_1:BUART:rx_count_2\ * !\UART_1:BUART:rx_count_1\ * 
              !\UART_1:BUART:rx_count_0\
        );
        Output = \UART_1:BUART:rx_bitclk_enable\ (fanout=6)
        Properties               : 
        {
        }
}

LAB@[UDB=(3,4)][LB=1] #macrocells=3, #inputs=10, #pterms=4
{
    [McSlotId=0]:     MacroCell: Name=\UART_1:BUART:pollcount_0\, Mode=(D-Register) @ [UDB=(3,4)][LB=1][MC=0]
        Total # of inputs        : 4
        Total # of product terms : 2
        List of special equations: 
            Clock  = (Net_22) => Global
            Clock Enable: True
        Main Equation            : 2 pterms
        (
              !\UART_1:BUART:rx_count_2\ * !\UART_1:BUART:rx_count_1\ * 
              !Net_44 * \UART_1:BUART:pollcount_0\
            + !\UART_1:BUART:rx_count_2\ * !\UART_1:BUART:rx_count_1\ * 
              Net_44 * !\UART_1:BUART:pollcount_0\
        );
        Output = \UART_1:BUART:pollcount_0\ (fanout=5)
        Properties               : 
        {
        }

    [McSlotId=1]:     MacroCell: Name=\UART_1:BUART:rx_counter_load\, Mode=(Combinatorial) @ [UDB=(3,4)][LB=1][MC=1]
        Total # of inputs        : 4
        Total # of product terms : 1
            Clock Enable: True
        Main Equation            : 1 pterm
        (
              !\UART_1:BUART:rx_state_1\ * !\UART_1:BUART:rx_state_0\ * 
              !\UART_1:BUART:rx_state_3\ * !\UART_1:BUART:rx_state_2\
        );
        Output = \UART_1:BUART:rx_counter_load\ (fanout=2)
        Properties               : 
        {
        }

    [McSlotId=2]:     MacroCell: Name=\UART_1:BUART:rx_status_5\, Mode=(Combinatorial) @ [UDB=(3,4)][LB=1][MC=2]
        Total # of inputs        : 2
        Total # of product terms : 1
            Clock Enable: True
        Main Equation            : 1 pterm
        (
              \UART_1:BUART:rx_fifonotempty\ * 
              \UART_1:BUART:rx_state_stop1_reg\
        );
        Output = \UART_1:BUART:rx_status_5\ (fanout=1)
        Properties               : 
        {
        }

    [McSlotId=3]: (empty)
}

datapathcell: Name =\UART_1:BUART:sRX:RxShifter:u0\
    PORT MAP (
        clock => Net_22 ,
        cs_addr_2 => \UART_1:BUART:rx_state_1\ ,
        cs_addr_1 => \UART_1:BUART:rx_state_0\ ,
        cs_addr_0 => \UART_1:BUART:rx_bitclk_enable\ ,
        route_si => \UART_1:BUART:rx_postpoll\ ,
        f0_load => \UART_1:BUART:rx_load_fifo\ ,
        f0_bus_stat_comb => \UART_1:BUART:rx_fifonotempty\ ,
        f0_blk_stat_comb => \UART_1:BUART:rx_fifofull\ );
    Properties:
    {
        a0_init = "00000000"
        a1_init = "00000000"
        ce0_sync = 1
        ce1_sync = 1
        cl0_sync = 1
        cl1_sync = 1
        cmsb_sync = 1
        co_msb_sync = 1
        cy_dpconfig = "0000000000000000000000000000000000000000000000000000001001000000000100000000000000010000001100000001000000000000000100100001000011111111000000001111111111111111101000000110001001000001111100000000000000001100"
        d0_init = "00000000"
        d1_init = "00000000"
        f0_blk_sync = 1
        f0_bus_sync = 1
        f1_blk_sync = 1
        f1_bus_sync = 1
        ff0_sync = 1
        ff1_sync = 1
        ov_msb_sync = 1
        so_sync = 1
        z0_sync = 1
        z1_sync = 1
    }
    Clock Polarity: Active High
    Clock Enable: True

statusicell: Name =\UART_1:BUART:sRX:RxSts\
    PORT MAP (
        clock => Net_22 ,
        status_5 => \UART_1:BUART:rx_status_5\ ,
        status_4 => \UART_1:BUART:rx_status_4\ ,
        status_3 => \UART_1:BUART:rx_status_3\ );
    Properties:
    {
        cy_force_order = 1
        cy_int_mask = "1111111"
        cy_md_select = "1011111"
    }
    Clock Polarity: Active High
    Clock Enable: True

UDB [UDB=(3,5)] contents:
LAB@[UDB=(3,5)][LB=0] #macrocells=4, #inputs=12, #pterms=8
{
    [McSlotId=0]:     MacroCell: Name=\UART_1:BUART:rx_state_2\, Mode=(T-Register) @ [UDB=(3,5)][LB=0][MC=0]
        Total # of inputs        : 10
        Total # of product terms : 5
        List of special equations: 
            Clock  = (Net_22) => Global
            Clock Enable: True
        Main Equation            : 5 pterms
        (
              !\UART_1:BUART:rx_state_1\ * !\UART_1:BUART:rx_state_0\ * 
              \UART_1:BUART:rx_bitclk_enable\ * \UART_1:BUART:rx_state_3\
            + !\UART_1:BUART:rx_state_1\ * !\UART_1:BUART:rx_state_0\ * 
              \UART_1:BUART:rx_bitclk_enable\ * \UART_1:BUART:rx_state_2\
            + !\UART_1:BUART:rx_state_1\ * !\UART_1:BUART:rx_state_0\ * 
              !\UART_1:BUART:rx_state_3\ * !\UART_1:BUART:rx_state_2\ * 
              !Net_44 * \UART_1:BUART:rx_last\
            + !\UART_1:BUART:rx_state_1\ * \UART_1:BUART:rx_state_0\ * 
              !\UART_1:BUART:rx_state_3\ * !\UART_1:BUART:rx_state_2\ * 
              !\UART_1:BUART:rx_count_6\ * !\UART_1:BUART:rx_count_5\
            + !\UART_1:BUART:rx_state_1\ * \UART_1:BUART:rx_state_0\ * 
              !\UART_1:BUART:rx_state_3\ * !\UART_1:BUART:rx_state_2\ * 
              !\UART_1:BUART:rx_count_6\ * !\UART_1:BUART:rx_count_4\
        );
        Output = \UART_1:BUART:rx_state_2\ (fanout=7)
        Properties               : 
        {
        }

    [McSlotId=1]:     MacroCell: Name=\UART_1:BUART:rx_load_fifo\, Mode=(D-Register) @ [UDB=(3,5)][LB=0][MC=1]
        Total # of inputs        : 8
        Total # of product terms : 3
        List of special equations: 
            Clock  = (Net_22) => Global
            Clock Enable: True
        Main Equation            : 3 pterms
        (
              !\UART_1:BUART:rx_state_1\ * !\UART_1:BUART:rx_state_0\ * 
              \UART_1:BUART:rx_bitclk_enable\ * \UART_1:BUART:rx_state_3\ * 
              !\UART_1:BUART:rx_state_2\
            + !\UART_1:BUART:rx_state_1\ * \UART_1:BUART:rx_state_0\ * 
              !\UART_1:BUART:rx_state_3\ * !\UART_1:BUART:rx_state_2\ * 
              !\UART_1:BUART:rx_count_6\ * !\UART_1:BUART:rx_count_5\
            + !\UART_1:BUART:rx_state_1\ * \UART_1:BUART:rx_state_0\ * 
              !\UART_1:BUART:rx_state_3\ * !\UART_1:BUART:rx_state_2\ * 
              !\UART_1:BUART:rx_count_6\ * !\UART_1:BUART:rx_count_4\
        );
        Output = \UART_1:BUART:rx_load_fifo\ (fanout=2)
        Properties               : 
        {
        }

    [McSlotId=2]:     MacroCell: Name=\UART_1:BUART:rx_status_4\, Mode=(Combinatorial) @ [UDB=(3,5)][LB=0][MC=2]
        Total # of inputs        : 2
        Total # of product terms : 1
            Clock Enable: True
        Main Equation            : 1 pterm
        (
              \UART_1:BUART:rx_load_fifo\ * \UART_1:BUART:rx_fifofull\
        );
        Output = \UART_1:BUART:rx_status_4\ (fanout=1)
        Properties               : 
        {
        }

    [McSlotId=3]:     MacroCell: Name=\UART_1:BUART:rx_state_stop1_reg\, Mode=(D-Register) @ [UDB=(3,5)][LB=0][MC=3]
        Total # of inputs        : 4
        Total # of product terms : 1
        List of special equations: 
            Clock  = (Net_22) => Global
            Clock Enable: True
        Main Equation            : 1 pterm
        !(
              !\UART_1:BUART:rx_state_1\ * !\UART_1:BUART:rx_state_0\ * 
              \UART_1:BUART:rx_state_3\ * \UART_1:BUART:rx_state_2\
        );
        Output = \UART_1:BUART:rx_state_stop1_reg\ (fanout=1)
        Properties               : 
        {
        }
}

LAB@[UDB=(3,5)][LB=1] #macrocells=3, #inputs=11, #pterms=5
{
    [McSlotId=0]:     MacroCell: Name=\UART_1:BUART:rx_state_0\, Mode=(T-Register) @ [UDB=(3,5)][LB=1][MC=0]
        Total # of inputs        : 11
        Total # of product terms : 4
        List of special equations: 
            Clock  = (Net_22) => Global
            Clock Enable: True
        Main Equation            : 4 pterms
        (
              !\UART_1:BUART:rx_state_1\ * !\UART_1:BUART:rx_state_0\ * 
              \UART_1:BUART:rx_bitclk_enable\ * !\UART_1:BUART:rx_state_3\ * 
              \UART_1:BUART:rx_state_2\ * !\UART_1:BUART:pollcount_1\ * 
              !Net_44
            + !\UART_1:BUART:rx_state_1\ * !\UART_1:BUART:rx_state_0\ * 
              \UART_1:BUART:rx_bitclk_enable\ * !\UART_1:BUART:rx_state_3\ * 
              \UART_1:BUART:rx_state_2\ * !\UART_1:BUART:pollcount_1\ * 
              !\UART_1:BUART:pollcount_0\
            + !\UART_1:BUART:rx_state_1\ * \UART_1:BUART:rx_state_0\ * 
              !\UART_1:BUART:rx_state_3\ * !\UART_1:BUART:rx_state_2\ * 
              !\UART_1:BUART:rx_count_6\ * !\UART_1:BUART:rx_count_5\
            + !\UART_1:BUART:rx_state_1\ * \UART_1:BUART:rx_state_0\ * 
              !\UART_1:BUART:rx_state_3\ * !\UART_1:BUART:rx_state_2\ * 
              !\UART_1:BUART:rx_count_6\ * !\UART_1:BUART:rx_count_4\
        );
        Output = \UART_1:BUART:rx_state_0\ (fanout=8)
        Properties               : 
        {
        }

    [McSlotId=1]: (empty)
    [McSlotId=2]:     MacroCell: Name=\UART_1:BUART:rx_state_3\, Mode=(T-Register) @ [UDB=(3,5)][LB=1][MC=2]
        Total # of inputs        : 8
        Total # of product terms : 3
        List of special equations: 
            Clock  = (Net_22) => Global
            Clock Enable: True
        Main Equation            : 3 pterms
        (
              !\UART_1:BUART:rx_state_1\ * !\UART_1:BUART:rx_state_0\ * 
              \UART_1:BUART:rx_bitclk_enable\ * \UART_1:BUART:rx_state_3\ * 
              \UART_1:BUART:rx_state_2\
            + !\UART_1:BUART:rx_state_1\ * \UART_1:BUART:rx_state_0\ * 
              !\UART_1:BUART:rx_state_3\ * !\UART_1:BUART:rx_state_2\ * 
              !\UART_1:BUART:rx_count_6\ * !\UART_1:BUART:rx_count_5\
            + !\UART_1:BUART:rx_state_1\ * \UART_1:BUART:rx_state_0\ * 
              !\UART_1:BUART:rx_state_3\ * !\UART_1:BUART:rx_state_2\ * 
              !\UART_1:BUART:rx_count_6\ * !\UART_1:BUART:rx_count_4\
        );
        Output = \UART_1:BUART:rx_state_3\ (fanout=7)
        Properties               : 
        {
        }

    [McSlotId=3]:     MacroCell: Name=\UART_1:BUART:rx_state_1\, Mode=(T-Register) @ [UDB=(3,5)][LB=1][MC=3]
        Total # of inputs        : 0
        Total # of product terms : 0
        List of special equations: 
            Clock  = (Net_22) => Global
            Clock Enable: True
        Main Equation            : 0 pterms
        (
            0
        );
        Output = \UART_1:BUART:rx_state_1\ (fanout=8)
        Properties               : 
        {
        }
}

count7cell: Name =\UART_1:BUART:sRX:RxBitCounter\
    PORT MAP (
        clock => Net_22 ,
        load => \UART_1:BUART:rx_counter_load\ ,
        count_6 => \UART_1:BUART:rx_count_6\ ,
        count_5 => \UART_1:BUART:rx_count_5\ ,
        count_4 => \UART_1:BUART:rx_count_4\ ,
        count_3 => \UART_1:BUART:rx_count_3\ ,
        count_2 => \UART_1:BUART:rx_count_2\ ,
        count_1 => \UART_1:BUART:rx_count_1\ ,
        count_0 => \UART_1:BUART:rx_count_0\ ,
        tc => \UART_1:BUART:rx_count7_tc\ );
    Properties:
    {
        cy_alt_mode = 0
        cy_init_value = "0000000"
        cy_period = "1110010"
        cy_route_en = 1
        cy_route_ld = 1
    }
    Clock Polarity: Active High
    Clock Enable: True

Intr container @ [IntrContainer=(0)]: empty
Drq container @ [DrqContainer=(0)]: empty
Port 0 contains the following IO cells:
[IoId=1]: 
Pin : Name = RX(0)
    Attributes:
        In Group/Port: True
        In Sync Option: SYNC
        Out Sync Option: AUTO
        Interrupt generated: False
        Interrupt mode: NONE
        Drive mode: HI_Z_DIGITAL
        VTrip: CMOS
        Slew: FAST
        Input Sync needed: True
        Output Sync needed: False
        SC shield enabled: False
        POR State: ANY
        LCD Mode: COMMON
        Register Mode: RegComb
        CaSense Mode: NEITHER
        Treat as pin: True
        Is OE Registered: False
        Uses Analog: False
        Can contain Digital: True
        Is SIO: False
        SIO Output Buf: NONREGULATED
        SIO Input Buf: SINGLE_ENDED
        SIO HiFreq: LOW
        SIO Hyst: DISABLED
        SIO Vtrip: MULTIPLIER_0_5
        SIO Multiplier Index: 0
        SIO RefSel: VCC_IO
        Required Capabilities: DIGITAL, ROUTABLE
        Initial Value: 0
        IO Voltage: 0
    PORT MAP (
        pa_out => RX(0)__PA ,
        fb => Net_44 ,
        pad => RX(0)_PAD );
    Properties:
    {
    }

Port 1 contains the following IO cells:
Port 2 contains the following IO cells:
Port 3 contains the following IO cells:
Port 4 contains the following IO cells:
Port 5 contains the following IO cells:
Port 6 contains the following IO cells:
Port 12 contains the following IO cells:
Port 15 contains the following IO cells:
CAN group 0: empty
Cache group 0: empty
CapSense group 0: empty
Clock group 0: 
    Clock Block @ F(Clock,0): 
    clockblockcell: Name =ClockBlock
        PORT MAP (
            imo => ClockBlock_IMO ,
            pllout => ClockBlock_PLL_OUT ,
            ilo => ClockBlock_ILO ,
            clk_100k => ClockBlock_100k ,
            clk_1k => ClockBlock_1k ,
            clk_32k => ClockBlock_32k ,
            xtal => ClockBlock_XTAL ,
            clk_32k_xtal => ClockBlock_XTAL_32KHZ ,
            clk_sync => ClockBlock_MASTER_CLK ,
            clk_bus_glb => ClockBlock_BUS_CLK ,
            clk_bus => ClockBlock_BUS_CLK_local ,
            dclk_glb_0 => Net_22 ,
            dclk_0 => Net_22_local );
        Properties:
        {
        }
Comparator group 0: empty
DFB group 0: empty
DSM group 0: empty
Decimator group 0: empty
EMIF group 0: empty
I2C group 0: empty
LCD group 0: empty
LVD group 0: empty
PICU group 0: empty
PM group 0: empty
SC group 0: empty
SPC group 0: empty
Timer group 0: empty
USB group 0: empty
VIDAC group 0: empty
OpAmp group 0: empty
CsAbuf group 0: empty
Vref group 0: empty
LPF group 0: empty
ANAIF group 0: empty
PHUB group 0: empty
</CYPRESSTAG>
<CYPRESSTAG name="Port Configuration Details">

------------------------------------------------------------
Port Configuration report
------------------------------------------------------------
     |     |       | Interrupt |                  |       | 
Port | Pin | Fixed |      Type |       Drive Mode |  Name | Connections
-----+-----+-------+-----------+------------------+-------+------------
   0 |   1 |     * |      NONE |     HI_Z_DIGITAL | RX(0) | FB(Net_44)
-----------------------------------------------------------------------
</CYPRESSTAG>
</CYPRESSTAG>
</CYPRESSTAG>
Digital component placer commit/Report: Elapsed time ==> 0s.046ms
Digital Placement phase: Elapsed time ==> 1s.440ms
</CYPRESSTAG>
<CYPRESSTAG name="Digital Routing">
"C:\Program Files (x86)\Cypress\PSoC Creator\4.2\PSoC Creator\bin/sjrouter.exe" --xml-path "C:\Program Files (x86)\Cypress\PSoC Creator\4.2\PSoC Creator\dev\psoc3/route_arch-rrg.cydata" --vh2-path "CE95388_r.vh2" --pcf-path "CE95388.pco" --des-name "CE95388" --dsf-path "CE95388.dsf" --sdc-path "CE95388.sdc" --lib-path "CE95388_r.lib"
Routing successful.
Digital Routing phase: Elapsed time ==> 1s.862ms
</CYPRESSTAG>
<CYPRESSTAG name="Bitstream Generation">
Bitstream Generation phase: Elapsed time ==> 0s.225ms
</CYPRESSTAG>
<CYPRESSTAG name="Bitstream Verification">
Bitstream Verification phase: Elapsed time ==> 0s.088ms
</CYPRESSTAG>
<CYPRESSTAG name="Static timing analysis">
Timing report is in CE95388_timing.html.
Static timing analysis phase: Elapsed time ==> 0s.444ms
</CYPRESSTAG>
<CYPRESSTAG name="Data reporting">
Data reporting phase: Elapsed time ==> 0s.000ms
</CYPRESSTAG>
<CYPRESSTAG name="Database update...">
Design database save phase: Elapsed time ==> 0s.266ms
</CYPRESSTAG>
cydsfit: Elapsed time ==> 5s.023ms
</CYPRESSTAG>
Fitter phase: Elapsed time ==> 5s.024ms
API generation phase: Elapsed time ==> 1s.596ms
Dependency generation phase: Elapsed time ==> 0s.079ms
Cleanup phase: Elapsed time ==> 0s.002ms
