ARM GAS  C:\Users\Fischer\AppData\Local\Temp\cc7rjY9b.s 			page 1


   1              		.syntax unified
   2              		.cpu cortex-m3
   3              		.fpu softvfp
   4              		.eabi_attribute 20, 1
   5              		.eabi_attribute 21, 1
   6              		.eabi_attribute 23, 3
   7              		.eabi_attribute 24, 1
   8              		.eabi_attribute 25, 1
   9              		.eabi_attribute 26, 1
  10              		.eabi_attribute 30, 1
  11              		.eabi_attribute 34, 1
  12              		.eabi_attribute 18, 4
  13              		.thumb
  14              		.syntax unified
  15              		.file	"cymetadata.c"
  16              		.text
  17              	.Ltext0:
  18              		.cfi_sections	.debug_frame
  19              		.global	cy_metadata
  20              		.global	cy_meta_flashprotect
  21              		.global	cy_meta_wonvl
  22              		.global	cy_meta_custnvl
  23              		.global	cy_meta_configecc
  24              		.section	.cyconfigecc,"a",%progbits
  25              		.align	2
  26              		.type	cy_meta_configecc, %object
  27              		.size	cy_meta_configecc, 316
  28              	cy_meta_configecc:
  29 0000 04       		.byte	4
  30 0001 52       		.byte	82
  31 0002 00       		.byte	0
  32 0003 40       		.byte	64
  33 0004 01       		.byte	1
  34 0005 03       		.byte	3
  35 0006 01       		.byte	1
  36 0007 40       		.byte	64
  37 0008 03       		.byte	3
  38 0009 05       		.byte	5
  39 000a 01       		.byte	1
  40 000b 40       		.byte	64
  41 000c 07       		.byte	7
  42 000d 07       		.byte	7
  43 000e 01       		.byte	1
  44 000f 40       		.byte	64
  45 0010 01       		.byte	1
  46 0011 15       		.byte	21
  47 0012 01       		.byte	1
  48 0013 40       		.byte	64
  49 0014 18       		.byte	24
  50 0015 16       		.byte	22
  51 0016 01       		.byte	1
  52 0017 40       		.byte	64
  53 0018 1C       		.byte	28
  54 0019 17       		.byte	23
  55 001a 01       		.byte	1
  56 001b 40       		.byte	64
  57 001c 01       		.byte	1
ARM GAS  C:\Users\Fischer\AppData\Local\Temp\cc7rjY9b.s 			page 2


  58 001d 19       		.byte	25
  59 001e 01       		.byte	1
  60 001f 40       		.byte	64
  61 0020 01       		.byte	1
  62 0021 1B       		.byte	27
  63 0022 01       		.byte	1
  64 0023 40       		.byte	64
  65 0024 0B       		.byte	11
  66 0025 41       		.byte	65
  67 0026 01       		.byte	1
  68 0027 40       		.byte	64
  69 0028 05       		.byte	5
  70 0029 42       		.byte	66
  71 002a 01       		.byte	1
  72 002b 40       		.byte	64
  73 002c 08       		.byte	8
  74 002d 43       		.byte	67
  75 002e 01       		.byte	1
  76 002f 40       		.byte	64
  77 0030 02       		.byte	2
  78 0031 45       		.byte	69
  79 0032 01       		.byte	1
  80 0033 40       		.byte	64
  81 0034 01       		.byte	1
  82 0035 46       		.byte	70
  83 0036 01       		.byte	1
  84 0037 40       		.byte	64
  85 0038 01       		.byte	1
  86 0039 47       		.byte	71
  87 003a 01       		.byte	1
  88 003b 40       		.byte	64
  89 003c 02       		.byte	2
  90 003d 48       		.byte	72
  91 003e 01       		.byte	1
  92 003f 40       		.byte	64
  93 0040 07       		.byte	7
  94 0041 4C       		.byte	76
  95 0042 01       		.byte	1
  96 0043 40       		.byte	64
  97 0044 02       		.byte	2
  98 0045 4D       		.byte	77
  99 0046 01       		.byte	1
 100 0047 40       		.byte	64
 101 0048 00       		.byte	0
 102 0049 32       		.byte	50
 103 004a 01       		.byte	1
 104 004b 6A       		.byte	106
 105 004c 10       		.byte	16
 106 004d 02       		.byte	2
 107 004e 11       		.byte	17
 108 004f 02       		.byte	2
 109 0050 87       		.byte	-121
 110 0051 20       		.byte	32
 111 0052 8A       		.byte	-118
 112 0053 40       		.byte	64
 113 0054 9F       		.byte	-97
 114 0055 20       		.byte	32
ARM GAS  C:\Users\Fischer\AppData\Local\Temp\cc7rjY9b.s 			page 3


 115 0056 E2       		.byte	-30
 116 0057 20       		.byte	32
 117 0058 84       		.byte	-124
 118 0059 01       		.byte	1
 119 005a 8B       		.byte	-117
 120 005b 20       		.byte	32
 121 005c 8E       		.byte	-114
 122 005d 10       		.byte	16
 123 005e 9F       		.byte	-97
 124 005f 20       		.byte	32
 125 0060 A6       		.byte	-90
 126 0061 40       		.byte	64
 127 0062 E2       		.byte	-30
 128 0063 80       		.byte	-128
 129 0064 E6       		.byte	-26
 130 0065 10       		.byte	16
 131 0066 B4       		.byte	-76
 132 0067 40       		.byte	64
 133 0068 0C       		.byte	12
 134 0069 08       		.byte	8
 135 006a 0D       		.byte	13
 136 006b 01       		.byte	1
 137 006c 0E       		.byte	14
 138 006d 06       		.byte	6
 139 006e 14       		.byte	20
 140 006f 05       		.byte	5
 141 0070 16       		.byte	22
 142 0071 08       		.byte	8
 143 0072 17       		.byte	23
 144 0073 01       		.byte	1
 145 0074 28       		.byte	40
 146 0075 02       		.byte	2
 147 0076 2A       		.byte	42
 148 0077 01       		.byte	1
 149 0078 30       		.byte	48
 150 0079 08       		.byte	8
 151 007a 32       		.byte	50
 152 007b 02       		.byte	2
 153 007c 33       		.byte	51
 154 007d 01       		.byte	1
 155 007e 34       		.byte	52
 156 007f 04       		.byte	4
 157 0080 36       		.byte	54
 158 0081 01       		.byte	1
 159 0082 3E       		.byte	62
 160 0083 55       		.byte	85
 161 0084 3F       		.byte	63
 162 0085 04       		.byte	4
 163 0086 58       		.byte	88
 164 0087 04       		.byte	4
 165 0088 59       		.byte	89
 166 0089 04       		.byte	4
 167 008a 5F       		.byte	95
 168 008b 01       		.byte	1
 169 008c 9A       		.byte	-102
 170 008d 01       		.byte	1
 171 008e A8       		.byte	-88
ARM GAS  C:\Users\Fischer\AppData\Local\Temp\cc7rjY9b.s 			page 4


 172 008f 01       		.byte	1
 173 0090 B0       		.byte	-80
 174 0091 01       		.byte	1
 175 0092 BE       		.byte	-66
 176 0093 01       		.byte	1
 177 0094 D8       		.byte	-40
 178 0095 04       		.byte	4
 179 0096 DF       		.byte	-33
 180 0097 01       		.byte	1
 181 0098 04       		.byte	4
 182 0099 40       		.byte	64
 183 009a 0B       		.byte	11
 184 009b 08       		.byte	8
 185 009c 0E       		.byte	14
 186 009d 20       		.byte	32
 187 009e 12       		.byte	18
 188 009f 08       		.byte	8
 189 00a0 17       		.byte	23
 190 00a1 10       		.byte	16
 191 00a2 1A       		.byte	26
 192 00a3 40       		.byte	64
 193 00a4 1C       		.byte	28
 194 00a5 02       		.byte	2
 195 00a6 1E       		.byte	30
 196 00a7 90       		.byte	-112
 197 00a8 1F       		.byte	31
 198 00a9 20       		.byte	32
 199 00aa 27       		.byte	39
 200 00ab 20       		.byte	32
 201 00ac 36       		.byte	54
 202 00ad 08       		.byte	8
 203 00ae 3C       		.byte	60
 204 00af 40       		.byte	64
 205 00b0 82       		.byte	-126
 206 00b1 08       		.byte	8
 207 00b2 83       		.byte	-125
 208 00b3 10       		.byte	16
 209 00b4 8A       		.byte	-118
 210 00b5 10       		.byte	16
 211 00b6 8B       		.byte	-117
 212 00b7 04       		.byte	4
 213 00b8 96       		.byte	-106
 214 00b9 50       		.byte	80
 215 00ba 9F       		.byte	-97
 216 00bb 20       		.byte	32
 217 00bc A4       		.byte	-92
 218 00bd 01       		.byte	1
 219 00be A6       		.byte	-90
 220 00bf 40       		.byte	64
 221 00c0 A7       		.byte	-89
 222 00c1 20       		.byte	32
 223 00c2 AA       		.byte	-86
 224 00c3 40       		.byte	64
 225 00c4 C0       		.byte	-64
 226 00c5 80       		.byte	-128
 227 00c6 C2       		.byte	-62
 228 00c7 22       		.byte	34
ARM GAS  C:\Users\Fischer\AppData\Local\Temp\cc7rjY9b.s 			page 5


 229 00c8 C4       		.byte	-60
 230 00c9 42       		.byte	66
 231 00ca CC       		.byte	-52
 232 00cb 40       		.byte	64
 233 00cc CE       		.byte	-50
 234 00cd 10       		.byte	16
 235 00ce E2       		.byte	-30
 236 00cf 04       		.byte	4
 237 00d0 E2       		.byte	-30
 238 00d1 84       		.byte	-124
 239 00d2 EA       		.byte	-22
 240 00d3 40       		.byte	64
 241 00d4 50       		.byte	80
 242 00d5 20       		.byte	32
 243 00d6 55       		.byte	85
 244 00d7 02       		.byte	2
 245 00d8 58       		.byte	88
 246 00d9 10       		.byte	16
 247 00da 63       		.byte	99
 248 00db 80       		.byte	-128
 249 00dc 64       		.byte	100
 250 00dd 40       		.byte	64
 251 00de 65       		.byte	101
 252 00df 40       		.byte	64
 253 00e0 84       		.byte	-124
 254 00e1 20       		.byte	32
 255 00e2 D4       		.byte	-44
 256 00e3 A0       		.byte	-96
 257 00e4 D6       		.byte	-42
 258 00e5 A0       		.byte	-96
 259 00e6 D8       		.byte	-40
 260 00e7 C0       		.byte	-64
 261 00e8 E2       		.byte	-30
 262 00e9 40       		.byte	64
 263 00ea 88       		.byte	-120
 264 00eb 10       		.byte	16
 265 00ec 9C       		.byte	-100
 266 00ed 50       		.byte	80
 267 00ee 9D       		.byte	-99
 268 00ef 40       		.byte	64
 269 00f0 A5       		.byte	-91
 270 00f1 02       		.byte	2
 271 00f2 A7       		.byte	-89
 272 00f3 40       		.byte	64
 273 00f4 84       		.byte	-124
 274 00f5 40       		.byte	64
 275 00f6 89       		.byte	-119
 276 00f7 40       		.byte	64
 277 00f8 8D       		.byte	-115
 278 00f9 02       		.byte	2
 279 00fa 9C       		.byte	-100
 280 00fb 40       		.byte	64
 281 00fc 9D       		.byte	-99
 282 00fd 40       		.byte	64
 283 00fe A5       		.byte	-91
 284 00ff 02       		.byte	2
 285 0100 A7       		.byte	-89
ARM GAS  C:\Users\Fischer\AppData\Local\Temp\cc7rjY9b.s 			page 6


 286 0101 40       		.byte	64
 287 0102 E6       		.byte	-26
 288 0103 10       		.byte	16
 289 0104 5E       		.byte	94
 290 0105 40       		.byte	64
 291 0106 D6       		.byte	-42
 292 0107 04       		.byte	4
 293 0108 96       		.byte	-106
 294 0109 40       		.byte	64
 295 010a 96       		.byte	-106
 296 010b 40       		.byte	64
 297 010c AB       		.byte	-85
 298 010d 40       		.byte	64
 299 010e EA       		.byte	-22
 300 010f 20       		.byte	32
 301 0110 08       		.byte	8
 302 0111 20       		.byte	32
 303 0112 0E       		.byte	14
 304 0113 48       		.byte	72
 305 0114 82       		.byte	-126
 306 0115 40       		.byte	64
 307 0116 88       		.byte	-120
 308 0117 20       		.byte	32
 309 0118 96       		.byte	-106
 310 0119 40       		.byte	64
 311 011a C2       		.byte	-62
 312 011b 07       		.byte	7
 313 011c E2       		.byte	-30
 314 011d 01       		.byte	1
 315 011e B6       		.byte	-74
 316 011f 04       		.byte	4
 317 0120 EA       		.byte	-22
 318 0121 02       		.byte	2
 319 0122 00       		.byte	0
 320 0123 00       		.byte	0
 321 0124 00       		.byte	0
 322 0125 7E       		.byte	126
 323 0126 7E       		.byte	126
 324 0127 00       		.byte	0
 325 0128 7E       		.byte	126
 326 0129 00       		.byte	0
 327 012a 00       		.byte	0
 328 012b 00       		.byte	0
 329 012c E0       		.byte	-32
 330 012d 0B       		.byte	11
 331 012e 0B       		.byte	11
 332 012f 00       		.byte	0
 333 0130 00       		.byte	0
 334 0131 00       		.byte	0
 335 0132 00       		.byte	0
 336 0133 00       		.byte	0
 337 0134 00       		.byte	0
 338 0135 02       		.byte	2
 339 0136 02       		.byte	2
 340 0137 00       		.byte	0
 341 0138 02       		.byte	2
 342 0139 00       		.byte	0
ARM GAS  C:\Users\Fischer\AppData\Local\Temp\cc7rjY9b.s 			page 7


 343 013a 00       		.byte	0
 344 013b 00       		.byte	0
 345              		.section	.cywolatch,"a",%progbits
 346              		.align	2
 347              		.type	cy_meta_wonvl, %object
 348              		.size	cy_meta_wonvl, 4
 349              	cy_meta_wonvl:
 350 0000 BC       		.byte	-68
 351 0001 90       		.byte	-112
 352 0002 AC       		.byte	-84
 353 0003 AF       		.byte	-81
 354              		.section	.cycustnvl,"a",%progbits
 355              		.align	2
 356              		.type	cy_meta_custnvl, %object
 357              		.size	cy_meta_custnvl, 4
 358              	cy_meta_custnvl:
 359 0000 00       		.byte	0
 360 0001 00       		.byte	0
 361 0002 40       		.byte	64
 362 0003 05       		.byte	5
 363              		.section	.cymeta,"a",%progbits
 364              		.align	2
 365              		.type	cy_metadata, %object
 366              		.size	cy_metadata, 12
 367              	cy_metadata:
 368 0000 00       		.byte	0
 369 0001 01       		.byte	1
 370 0002 2E       		.byte	46
 371 0003 16       		.byte	22
 372 0004 10       		.byte	16
 373 0005 69       		.byte	105
 374 0006 00       		.byte	0
 375 0007 01       		.byte	1
 376 0008 00       		.byte	0
 377 0009 00       		.byte	0
 378 000a 00       		.byte	0
 379 000b 00       		.byte	0
 380              		.section	.cyflashprotect,"a",%progbits
 381              		.align	2
 382              		.type	cy_meta_flashprotect, %object
 383              		.size	cy_meta_flashprotect, 256
 384              	cy_meta_flashprotect:
 385 0000 00000000 		.space	256
 385      00000000 
 385      00000000 
 385      00000000 
 385      00000000 
 386              		.text
 387              	.Letext0:
 388              		.file 1 "c:\\program files (x86)\\cypress\\psoc creator\\4.2\\psoc creator\\import\\gnu\\arm\\5.4.
 389              		.file 2 "c:\\program files (x86)\\cypress\\psoc creator\\4.2\\psoc creator\\import\\gnu\\arm\\5.4.
 390              		.file 3 "Generated_Source\\PSoC5\\cymetadata.c"
 391              		.section	.debug_info,"",%progbits
 392              	.Ldebug_info0:
 393 0000 31010000 		.4byte	0x131
 394 0004 0400     		.2byte	0x4
 395 0006 00000000 		.4byte	.Ldebug_abbrev0
ARM GAS  C:\Users\Fischer\AppData\Local\Temp\cc7rjY9b.s 			page 8


 396 000a 04       		.byte	0x4
 397 000b 01       		.uleb128 0x1
 398 000c 5F000000 		.4byte	.LASF17
 399 0010 0C       		.byte	0xc
 400 0011 B9010000 		.4byte	.LASF18
 401 0015 16000000 		.4byte	.LASF19
 402 0019 00000000 		.4byte	.Ldebug_line0
 403 001d 02       		.uleb128 0x2
 404 001e 01       		.byte	0x1
 405 001f 06       		.byte	0x6
 406 0020 AD010000 		.4byte	.LASF0
 407 0024 03       		.uleb128 0x3
 408 0025 00000000 		.4byte	.LASF9
 409 0029 01       		.byte	0x1
 410 002a 1D       		.byte	0x1d
 411 002b 2F000000 		.4byte	0x2f
 412 002f 02       		.uleb128 0x2
 413 0030 01       		.byte	0x1
 414 0031 08       		.byte	0x8
 415 0032 51000000 		.4byte	.LASF1
 416 0036 02       		.uleb128 0x2
 417 0037 02       		.byte	0x2
 418 0038 05       		.byte	0x5
 419 0039 9A010000 		.4byte	.LASF2
 420 003d 02       		.uleb128 0x2
 421 003e 02       		.byte	0x2
 422 003f 07       		.byte	0x7
 423 0040 FF000000 		.4byte	.LASF3
 424 0044 02       		.uleb128 0x2
 425 0045 04       		.byte	0x4
 426 0046 05       		.byte	0x5
 427 0047 A4010000 		.4byte	.LASF4
 428 004b 02       		.uleb128 0x2
 429 004c 04       		.byte	0x4
 430 004d 07       		.byte	0x7
 431 004e ED000000 		.4byte	.LASF5
 432 0052 02       		.uleb128 0x2
 433 0053 08       		.byte	0x8
 434 0054 05       		.byte	0x5
 435 0055 8C010000 		.4byte	.LASF6
 436 0059 02       		.uleb128 0x2
 437 005a 08       		.byte	0x8
 438 005b 07       		.byte	0x7
 439 005c 41010000 		.4byte	.LASF7
 440 0060 04       		.uleb128 0x4
 441 0061 04       		.byte	0x4
 442 0062 05       		.byte	0x5
 443 0063 696E7400 		.ascii	"int\000"
 444 0067 02       		.uleb128 0x2
 445 0068 04       		.byte	0x4
 446 0069 07       		.byte	0x7
 447 006a 34010000 		.4byte	.LASF8
 448 006e 03       		.uleb128 0x3
 449 006f 58010000 		.4byte	.LASF10
 450 0073 02       		.byte	0x2
 451 0074 18       		.byte	0x18
 452 0075 24000000 		.4byte	0x24
ARM GAS  C:\Users\Fischer\AppData\Local\Temp\cc7rjY9b.s 			page 9


 453 0079 05       		.uleb128 0x5
 454 007a 91000000 		.4byte	0x91
 455 007e 8A000000 		.4byte	0x8a
 456 0082 06       		.uleb128 0x6
 457 0083 8A000000 		.4byte	0x8a
 458 0087 3B01     		.2byte	0x13b
 459 0089 00       		.byte	0
 460 008a 02       		.uleb128 0x2
 461 008b 04       		.byte	0x4
 462 008c 07       		.byte	0x7
 463 008d 83010000 		.4byte	.LASF11
 464 0091 07       		.uleb128 0x7
 465 0092 6E000000 		.4byte	0x6e
 466 0096 08       		.uleb128 0x8
 467 0097 22010000 		.4byte	.LASF12
 468 009b 03       		.byte	0x3
 469 009c 1F       		.byte	0x1f
 470 009d A7000000 		.4byte	0xa7
 471 00a1 05       		.uleb128 0x5
 472 00a2 03       		.byte	0x3
 473 00a3 00000000 		.4byte	cy_meta_configecc
 474 00a7 07       		.uleb128 0x7
 475 00a8 79000000 		.4byte	0x79
 476 00ac 05       		.uleb128 0x5
 477 00ad 91000000 		.4byte	0x91
 478 00b1 BC000000 		.4byte	0xbc
 479 00b5 09       		.uleb128 0x9
 480 00b6 8A000000 		.4byte	0x8a
 481 00ba 03       		.byte	0x3
 482 00bb 00       		.byte	0
 483 00bc 08       		.uleb128 0x8
 484 00bd 12010000 		.4byte	.LASF13
 485 00c1 03       		.byte	0x3
 486 00c2 54       		.byte	0x54
 487 00c3 CD000000 		.4byte	0xcd
 488 00c7 05       		.uleb128 0x5
 489 00c8 03       		.byte	0x3
 490 00c9 00000000 		.4byte	cy_meta_custnvl
 491 00cd 07       		.uleb128 0x7
 492 00ce AC000000 		.4byte	0xac
 493 00d2 08       		.uleb128 0x8
 494 00d3 75010000 		.4byte	.LASF14
 495 00d7 03       		.byte	0x3
 496 00d8 62       		.byte	0x62
 497 00d9 E3000000 		.4byte	0xe3
 498 00dd 05       		.uleb128 0x5
 499 00de 03       		.byte	0x3
 500 00df 00000000 		.4byte	cy_meta_wonvl
 501 00e3 07       		.uleb128 0x7
 502 00e4 AC000000 		.4byte	0xac
 503 00e8 05       		.uleb128 0x5
 504 00e9 91000000 		.4byte	0x91
 505 00ed F8000000 		.4byte	0xf8
 506 00f1 09       		.uleb128 0x9
 507 00f2 8A000000 		.4byte	0x8a
 508 00f6 FF       		.byte	0xff
 509 00f7 00       		.byte	0
ARM GAS  C:\Users\Fischer\AppData\Local\Temp\cc7rjY9b.s 			page 10


 510 00f8 08       		.uleb128 0x8
 511 00f9 60010000 		.4byte	.LASF15
 512 00fd 03       		.byte	0x3
 513 00fe 70       		.byte	0x70
 514 00ff 09010000 		.4byte	0x109
 515 0103 05       		.uleb128 0x5
 516 0104 03       		.byte	0x3
 517 0105 00000000 		.4byte	cy_meta_flashprotect
 518 0109 07       		.uleb128 0x7
 519 010a E8000000 		.4byte	0xe8
 520 010e 05       		.uleb128 0x5
 521 010f 91000000 		.4byte	0x91
 522 0113 1E010000 		.4byte	0x11e
 523 0117 09       		.uleb128 0x9
 524 0118 8A000000 		.4byte	0x8a
 525 011c 0B       		.byte	0xb
 526 011d 00       		.byte	0
 527 011e 08       		.uleb128 0x8
 528 011f 0A000000 		.4byte	.LASF16
 529 0123 03       		.byte	0x3
 530 0124 9D       		.byte	0x9d
 531 0125 2F010000 		.4byte	0x12f
 532 0129 05       		.uleb128 0x5
 533 012a 03       		.byte	0x3
 534 012b 00000000 		.4byte	cy_metadata
 535 012f 07       		.uleb128 0x7
 536 0130 0E010000 		.4byte	0x10e
 537 0134 00       		.byte	0
 538              		.section	.debug_abbrev,"",%progbits
 539              	.Ldebug_abbrev0:
 540 0000 01       		.uleb128 0x1
 541 0001 11       		.uleb128 0x11
 542 0002 01       		.byte	0x1
 543 0003 25       		.uleb128 0x25
 544 0004 0E       		.uleb128 0xe
 545 0005 13       		.uleb128 0x13
 546 0006 0B       		.uleb128 0xb
 547 0007 03       		.uleb128 0x3
 548 0008 0E       		.uleb128 0xe
 549 0009 1B       		.uleb128 0x1b
 550 000a 0E       		.uleb128 0xe
 551 000b 10       		.uleb128 0x10
 552 000c 17       		.uleb128 0x17
 553 000d 00       		.byte	0
 554 000e 00       		.byte	0
 555 000f 02       		.uleb128 0x2
 556 0010 24       		.uleb128 0x24
 557 0011 00       		.byte	0
 558 0012 0B       		.uleb128 0xb
 559 0013 0B       		.uleb128 0xb
 560 0014 3E       		.uleb128 0x3e
 561 0015 0B       		.uleb128 0xb
 562 0016 03       		.uleb128 0x3
 563 0017 0E       		.uleb128 0xe
 564 0018 00       		.byte	0
 565 0019 00       		.byte	0
 566 001a 03       		.uleb128 0x3
ARM GAS  C:\Users\Fischer\AppData\Local\Temp\cc7rjY9b.s 			page 11


 567 001b 16       		.uleb128 0x16
 568 001c 00       		.byte	0
 569 001d 03       		.uleb128 0x3
 570 001e 0E       		.uleb128 0xe
 571 001f 3A       		.uleb128 0x3a
 572 0020 0B       		.uleb128 0xb
 573 0021 3B       		.uleb128 0x3b
 574 0022 0B       		.uleb128 0xb
 575 0023 49       		.uleb128 0x49
 576 0024 13       		.uleb128 0x13
 577 0025 00       		.byte	0
 578 0026 00       		.byte	0
 579 0027 04       		.uleb128 0x4
 580 0028 24       		.uleb128 0x24
 581 0029 00       		.byte	0
 582 002a 0B       		.uleb128 0xb
 583 002b 0B       		.uleb128 0xb
 584 002c 3E       		.uleb128 0x3e
 585 002d 0B       		.uleb128 0xb
 586 002e 03       		.uleb128 0x3
 587 002f 08       		.uleb128 0x8
 588 0030 00       		.byte	0
 589 0031 00       		.byte	0
 590 0032 05       		.uleb128 0x5
 591 0033 01       		.uleb128 0x1
 592 0034 01       		.byte	0x1
 593 0035 49       		.uleb128 0x49
 594 0036 13       		.uleb128 0x13
 595 0037 01       		.uleb128 0x1
 596 0038 13       		.uleb128 0x13
 597 0039 00       		.byte	0
 598 003a 00       		.byte	0
 599 003b 06       		.uleb128 0x6
 600 003c 21       		.uleb128 0x21
 601 003d 00       		.byte	0
 602 003e 49       		.uleb128 0x49
 603 003f 13       		.uleb128 0x13
 604 0040 2F       		.uleb128 0x2f
 605 0041 05       		.uleb128 0x5
 606 0042 00       		.byte	0
 607 0043 00       		.byte	0
 608 0044 07       		.uleb128 0x7
 609 0045 26       		.uleb128 0x26
 610 0046 00       		.byte	0
 611 0047 49       		.uleb128 0x49
 612 0048 13       		.uleb128 0x13
 613 0049 00       		.byte	0
 614 004a 00       		.byte	0
 615 004b 08       		.uleb128 0x8
 616 004c 34       		.uleb128 0x34
 617 004d 00       		.byte	0
 618 004e 03       		.uleb128 0x3
 619 004f 0E       		.uleb128 0xe
 620 0050 3A       		.uleb128 0x3a
 621 0051 0B       		.uleb128 0xb
 622 0052 3B       		.uleb128 0x3b
 623 0053 0B       		.uleb128 0xb
ARM GAS  C:\Users\Fischer\AppData\Local\Temp\cc7rjY9b.s 			page 12


 624 0054 49       		.uleb128 0x49
 625 0055 13       		.uleb128 0x13
 626 0056 3F       		.uleb128 0x3f
 627 0057 19       		.uleb128 0x19
 628 0058 02       		.uleb128 0x2
 629 0059 18       		.uleb128 0x18
 630 005a 00       		.byte	0
 631 005b 00       		.byte	0
 632 005c 09       		.uleb128 0x9
 633 005d 21       		.uleb128 0x21
 634 005e 00       		.byte	0
 635 005f 49       		.uleb128 0x49
 636 0060 13       		.uleb128 0x13
 637 0061 2F       		.uleb128 0x2f
 638 0062 0B       		.uleb128 0xb
 639 0063 00       		.byte	0
 640 0064 00       		.byte	0
 641 0065 00       		.byte	0
 642              		.section	.debug_aranges,"",%progbits
 643 0000 14000000 		.4byte	0x14
 644 0004 0200     		.2byte	0x2
 645 0006 00000000 		.4byte	.Ldebug_info0
 646 000a 04       		.byte	0x4
 647 000b 00       		.byte	0
 648 000c 0000     		.2byte	0
 649 000e 0000     		.2byte	0
 650 0010 00000000 		.4byte	0
 651 0014 00000000 		.4byte	0
 652              		.section	.debug_line,"",%progbits
 653              	.Ldebug_line0:
 654 0000 3D010000 		.section	.debug_str,"MS",%progbits,1
 654      02003701 
 654      00000201 
 654      FB0E0D00 
 654      01010101 
 655              	.LASF9:
 656 0000 5F5F7569 		.ascii	"__uint8_t\000"
 656      6E74385F 
 656      7400
 657              	.LASF16:
 658 000a 63795F6D 		.ascii	"cy_metadata\000"
 658      65746164 
 658      61746100 
 659              	.LASF19:
 660 0016 433A5C55 		.ascii	"C:\\Users\\Fischer\\Documents\\GitHub\\kanzi\\PSoC\\"
 660      73657273 
 660      5C466973 
 660      63686572 
 660      5C446F63 
 661 0043 66766D5C 		.ascii	"fvm\\fvm.cydsn\000"
 661      66766D2E 
 661      63796473 
 661      6E00
 662              	.LASF1:
 663 0051 756E7369 		.ascii	"unsigned char\000"
 663      676E6564 
 663      20636861 
ARM GAS  C:\Users\Fischer\AppData\Local\Temp\cc7rjY9b.s 			page 13


 663      7200
 664              	.LASF17:
 665 005f 474E5520 		.ascii	"GNU C11 5.4.1 20160609 (release) [ARM/embedded-5-br"
 665      43313120 
 665      352E342E 
 665      31203230 
 665      31363036 
 666 0092 616E6368 		.ascii	"anch revision 237715] -mcpu=cortex-m3 -mthumb -g -O"
 666      20726576 
 666      6973696F 
 666      6E203233 
 666      37373135 
 667 00c5 67202D66 		.ascii	"g -ffunction-sections -ffat-lto-objects\000"
 667      66756E63 
 667      74696F6E 
 667      2D736563 
 667      74696F6E 
 668              	.LASF5:
 669 00ed 6C6F6E67 		.ascii	"long unsigned int\000"
 669      20756E73 
 669      69676E65 
 669      6420696E 
 669      7400
 670              	.LASF3:
 671 00ff 73686F72 		.ascii	"short unsigned int\000"
 671      7420756E 
 671      7369676E 
 671      65642069 
 671      6E7400
 672              	.LASF13:
 673 0112 63795F6D 		.ascii	"cy_meta_custnvl\000"
 673      6574615F 
 673      63757374 
 673      6E766C00 
 674              	.LASF12:
 675 0122 63795F6D 		.ascii	"cy_meta_configecc\000"
 675      6574615F 
 675      636F6E66 
 675      69676563 
 675      6300
 676              	.LASF8:
 677 0134 756E7369 		.ascii	"unsigned int\000"
 677      676E6564 
 677      20696E74 
 677      00
 678              	.LASF7:
 679 0141 6C6F6E67 		.ascii	"long long unsigned int\000"
 679      206C6F6E 
 679      6720756E 
 679      7369676E 
 679      65642069 
 680              	.LASF10:
 681 0158 75696E74 		.ascii	"uint8_t\000"
 681      385F7400 
 682              	.LASF15:
 683 0160 63795F6D 		.ascii	"cy_meta_flashprotect\000"
 683      6574615F 
ARM GAS  C:\Users\Fischer\AppData\Local\Temp\cc7rjY9b.s 			page 14


 683      666C6173 
 683      6870726F 
 683      74656374 
 684              	.LASF14:
 685 0175 63795F6D 		.ascii	"cy_meta_wonvl\000"
 685      6574615F 
 685      776F6E76 
 685      6C00
 686              	.LASF11:
 687 0183 73697A65 		.ascii	"sizetype\000"
 687      74797065 
 687      00
 688              	.LASF6:
 689 018c 6C6F6E67 		.ascii	"long long int\000"
 689      206C6F6E 
 689      6720696E 
 689      7400
 690              	.LASF2:
 691 019a 73686F72 		.ascii	"short int\000"
 691      7420696E 
 691      7400
 692              	.LASF4:
 693 01a4 6C6F6E67 		.ascii	"long int\000"
 693      20696E74 
 693      00
 694              	.LASF0:
 695 01ad 7369676E 		.ascii	"signed char\000"
 695      65642063 
 695      68617200 
 696              	.LASF18:
 697 01b9 47656E65 		.ascii	"Generated_Source\\PSoC5\\cymetadata.c\000"
 697      72617465 
 697      645F536F 
 697      75726365 
 697      5C50536F 
 698              		.ident	"GCC: (GNU Tools for ARM Embedded Processors) 5.4.1 20160609 (release) [ARM/embedded-5-bran
