C51 COMPILER V9.51   MAIN                                                                  11/08/2019 02:18:11 PAGE 1   


C51 COMPILER V9.51, COMPILATION OF MODULE MAIN
OBJECT MODULE PLACED IN .\DP8051_Keil_951\Debug\main.obj
COMPILER INVOKED BY: C:\Program Files (x86)\Cypress\PSoC Creator\4.2\PSoC Creator\import\keil\pk51\9.51\C51\BIN\c51.exe 
                    -main.c NOIV LARGE MODDP2 OMF2 VB(1) NOIP INCDIR(.,Generated_Source\PSoC3) FF(3) DB WL(2) PR(.\DP8051_Keil_951\Debug/main
                    -.lst) OT(0) OJ(.\DP8051_Keil_951\Debug\main.obj)

line level    source

   1          /*******************************************************************************
   2          * File Name: main.c
   3          *
   4          * Version: 2.1
   5          *
   6          * Description:
   7          *  This project demonstrates the UART reception mechanism. 
   8          *  Data typed on the hyperterminal is sent through serial port and displayed
   9          *  on the LCD.
  10          *
  11          ********************************************************************************
  12          * Copyright 2012, Cypress Semiconductor Corporation. All rights reserved.
  13          * This software is owned by Cypress Semiconductor Corporation and is protected
  14          * by and subject to worldwide patent and copyright laws and treaties.
  15          * Therefore, you may use this software only as provided in the license agreement
  16          * accompanying the software package from which you obtained this software.
  17          * CYPRESS AND ITS SUPPLIERS MAKE NO WARRANTY OF ANY KIND, EXPRESS OR IMPLIED,
  18          * WITH REGARD TO THIS SOFTWARE, INCLUDING, BUT NOT LIMITED TO, NONINFRINGEMENT,
  19          * IMPLIED WARRANTIES OF MERCHANTABILITY AND FITNESS FOR A PARTICULAR PURPOSE.
  20          *******************************************************************************/
  21          
  22          #include <device.h>
  23          
  24          #define LCD_NUM_COLUMNS (16u)
  25          
  26          
  27          void main(){   
  28   1          char8 ch;       /* Data received from the Serial port */
  29   1          uint8 count = 0u;
  30   1          uint8 pos = 0u;
  31   1      
  32   1          CyGlobalIntEnable; /* Enable all interrupts by the processor. */
  33   1      
  34   1          LCD_Char_1_Start();
*** WARNING C206 IN LINE 34 OF main.c: 'LCD_Char_1_Start': missing function-prototype
  35   1          UART_1_Start();
  36   1      
  37   1          while(1) {
  38   2              /* Check the UART status */
  39   2              ch = UART_1_GetChar();
  40   2      
  41   2              /* If byte received */
  42   2              if(ch > 0u)
  43   2              {
  44   3                  count++;        
  45   3                  /* If the count value reaches the count 16 start from first location */
  46   3                  if(count % LCD_NUM_COLUMNS == 0u) 
  47   3                  {
  48   4                      pos = 0u; /* resets the count value */
  49   4                      /* Display will be cleared when reached count value 16 */
  50   4                      LCD_Char_1_WriteControl(LCD_Char_1_CLEAR_DISPLAY); 
*** ERROR C202 IN LINE 50 OF main.c: 'LCD_Char_1_CLEAR_DISPLAY': undefined identifier
  51   4                  }
C51 COMPILER V9.51   MAIN                                                                  11/08/2019 02:18:11 PAGE 2   

  52   3      
  53   3                  LCD_Char_1_Position(0u, pos++);
  54   3                  LCD_Char_1_PutChar(ch);         /* Print the received character */
  55   3      
  56   3                  LCD_Char_1_Position(1u, 0u);
  57   3                  LCD_Char_1_PrintInt8(count);    /* Prints the count in the LCD */
  58   3              }
  59   2          }
  60   1      }
  61          
  62          
  63          /* [] END OF FILE */

C51 COMPILATION COMPLETE.  1 WARNING(S),  1 ERROR(S)
