ARM GAS  C:\Users\Fischer\AppData\Local\Temp\ccdbBa7G.s 			page 1


   1              		.syntax unified
   2              		.cpu cortex-m3
   3              		.fpu softvfp
   4              		.eabi_attribute 20, 1
   5              		.eabi_attribute 21, 1
   6              		.eabi_attribute 23, 3
   7              		.eabi_attribute 24, 1
   8              		.eabi_attribute 25, 1
   9              		.eabi_attribute 26, 1
  10              		.eabi_attribute 30, 1
  11              		.eabi_attribute 34, 1
  12              		.eabi_attribute 18, 4
  13              		.thumb
  14              		.syntax unified
  15              		.file	"main.c"
  16              		.text
  17              	.Ltext0:
  18              		.cfi_sections	.debug_frame
  19              		.section	.text.getState,"ax",%progbits
  20              		.align	2
  21              		.global	getState
  22              		.thumb
  23              		.thumb_func
  24              		.type	getState, %function
  25              	getState:
  26              	.LFB63:
  27              		.file 1 "main.c"
   1:main.c        **** #include "project.h"
   2:main.c        **** #define True 1 
   3:main.c        **** #define False 0
   4:main.c        **** #define FORWARD 1
   5:main.c        **** #define REVERSE 0
   6:main.c        **** 
   7:main.c        **** uint8_t getState(uint8_t port) {
  28              		.loc 1 7 0
  29              		.cfi_startproc
  30              		@ args = 0, pretend = 0, frame = 0
  31              		@ frame_needed = 0, uses_anonymous_args = 0
  32              	.LVL0:
  33 0000 70B5     		push	{r4, r5, r6, lr}
  34              		.cfi_def_cfa_offset 16
  35              		.cfi_offset 4, -16
  36              		.cfi_offset 5, -12
  37              		.cfi_offset 6, -8
  38              		.cfi_offset 14, -4
  39 0002 0446     		mov	r4, r0
  40              	.LVL1:
   8:main.c        ****     //Returns a byte containing the current rotational position of the motor.
   9:main.c        **** 
  10:main.c        ****     uint8_t a = 0;
  11:main.c        ****     uint8_t b = 0;
  12:main.c        ****     uint8_t c = 0;
  13:main.c        **** 
  14:main.c        **** 
  15:main.c        ****     // casting to an 8-bit byte just because the cypress documentation is garbage and doesn't say
  16:main.c        ****     // whether or not it returns a bool or uint8_t
  17:main.c        ****     if(port == 1){
ARM GAS  C:\Users\Fischer\AppData\Local\Temp\ccdbBa7G.s 			page 2


  41              		.loc 1 17 0
  42 0004 0128     		cmp	r0, #1
  43 0006 08D1     		bne	.L5
  18:main.c        ****         a = HALL1_A_Read(); 
  44              		.loc 1 18 0
  45 0008 FFF7FEFF 		bl	HALL1_A_Read
  46              	.LVL2:
  47 000c 0546     		mov	r5, r0
  48              	.LVL3:
  19:main.c        ****         b = HALL1_B_Read();
  49              		.loc 1 19 0
  50 000e FFF7FEFF 		bl	HALL1_B_Read
  51              	.LVL4:
  52 0012 0646     		mov	r6, r0
  53              	.LVL5:
  20:main.c        ****         c = HALL1_C_Read();
  54              		.loc 1 20 0
  55 0014 FFF7FEFF 		bl	HALL1_C_Read
  56              	.LVL6:
  57 0018 02E0     		b	.L2
  58              	.LVL7:
  59              	.L5:
  12:main.c        **** 
  60              		.loc 1 12 0
  61 001a 0020     		movs	r0, #0
  62              	.LVL8:
  11:main.c        ****     uint8_t c = 0;
  63              		.loc 1 11 0
  64 001c 0646     		mov	r6, r0
  10:main.c        ****     uint8_t b = 0;
  65              		.loc 1 10 0
  66 001e 0546     		mov	r5, r0
  67              	.LVL9:
  68              	.L2:
  21:main.c        ****     }
  22:main.c        **** 
  23:main.c        ****     if(port == 2){
  69              		.loc 1 23 0
  70 0020 022C     		cmp	r4, #2
  71 0022 07D1     		bne	.L3
  24:main.c        ****         a = HALL2_A_Read();
  72              		.loc 1 24 0
  73 0024 FFF7FEFF 		bl	HALL2_A_Read
  74              	.LVL10:
  75 0028 0546     		mov	r5, r0
  76              	.LVL11:
  25:main.c        ****         b = HALL2_B_Read();
  77              		.loc 1 25 0
  78 002a FFF7FEFF 		bl	HALL2_B_Read
  79              	.LVL12:
  80 002e 0646     		mov	r6, r0
  81              	.LVL13:
  26:main.c        ****         c = HALL2_C_Read();
  82              		.loc 1 26 0
  83 0030 FFF7FEFF 		bl	HALL2_C_Read
  84              	.LVL14:
  85              	.L3:
ARM GAS  C:\Users\Fischer\AppData\Local\Temp\ccdbBa7G.s 			page 3


  27:main.c        ****     }
  28:main.c        **** 
  29:main.c        ****     return ( a || (b << 1) || (c << 2) );
  86              		.loc 1 29 0
  87 0034 2DB9     		cbnz	r5, .L6
  88              		.loc 1 29 0 is_stmt 0 discriminator 2
  89 0036 7300     		lsls	r3, r6, #1
  90 0038 05D1     		bne	.L7
  91              		.loc 1 29 0 discriminator 4
  92 003a 8000     		lsls	r0, r0, #2
  93              	.LVL15:
  94 003c 04D0     		beq	.L4
  95              		.loc 1 29 0
  96 003e 0120     		movs	r0, #1
  97 0040 02E0     		b	.L4
  98              	.LVL16:
  99              	.L6:
 100 0042 0120     		movs	r0, #1
 101              	.LVL17:
 102 0044 00E0     		b	.L4
 103              	.LVL18:
 104              	.L7:
 105 0046 0120     		movs	r0, #1
 106              	.LVL19:
 107              	.L4:
  30:main.c        **** }
 108              		.loc 1 30 0 is_stmt 1 discriminator 8
 109 0048 00F0FD00 		and	r0, r0, #253
 110 004c 70BD     		pop	{r4, r5, r6, pc}
 111              		.cfi_endproc
 112              	.LFE63:
 113              		.size	getState, .-getState
 114 004e 00BF     		.section	.text.advanceState,"ax",%progbits
 115              		.align	2
 116              		.global	advanceState
 117              		.thumb
 118              		.thumb_func
 119              		.type	advanceState, %function
 120              	advanceState:
 121              	.LFB64:
  31:main.c        **** 
  32:main.c        **** uint8_t advanceState(uint8_t current_state, uint8_t direction, uint8_t port) {
 122              		.loc 1 32 0
 123              		.cfi_startproc
 124              		@ args = 0, pretend = 0, frame = 0
 125              		@ frame_needed = 0, uses_anonymous_args = 0
 126              	.LVL20:
 127 0000 F8B5     		push	{r3, r4, r5, r6, r7, lr}
 128              		.cfi_def_cfa_offset 24
 129              		.cfi_offset 3, -24
 130              		.cfi_offset 4, -20
 131              		.cfi_offset 5, -16
 132              		.cfi_offset 6, -12
 133              		.cfi_offset 7, -8
 134              		.cfi_offset 14, -4
 135              	.LVL21:
  33:main.c        ****     //Takes in the current state of the motor and computes the next state of the
ARM GAS  C:\Users\Fischer\AppData\Local\Temp\ccdbBa7G.s 			page 4


  34:main.c        ****     //drive FETS, and returns this state.
  35:main.c        ****     //Set direction to true for forward, and false for backwards.
  36:main.c        **** 
  37:main.c        ****     //Find what the next state to be commutated is
  38:main.c        ****     uint8_t advanceState = 0;
  39:main.c        **** 
  40:main.c        ****     if(direction == True) advanceState = (current_state + 0x01) % 0x07;
 136              		.loc 1 40 0
 137 0002 0129     		cmp	r1, #1
 138 0004 0CD1     		bne	.L15
 139              		.loc 1 40 0 is_stmt 0 discriminator 1
 140 0006 451C     		adds	r5, r0, #1
 141 0008 134E     		ldr	r6, .L17
 142 000a 85FB0667 		smull	r6, r7, r5, r6
 143 000e EC19     		adds	r4, r5, r7
 144 0010 EB17     		asrs	r3, r5, #31
 145 0012 C3EBA404 		rsb	r4, r3, r4, asr #2
 146 0016 C4EBC404 		rsb	r4, r4, r4, lsl #3
 147 001a 2C1B     		subs	r4, r5, r4
 148 001c E4B2     		uxtb	r4, r4
 149              	.LVL22:
 150 001e 00E0     		b	.L10
 151              	.LVL23:
 152              	.L15:
  38:main.c        **** 
 153              		.loc 1 38 0 is_stmt 1
 154 0020 0024     		movs	r4, #0
 155              	.LVL24:
 156              	.L10:
  41:main.c        ****     if(direction == False) advanceState = (current_state + 0x06) % 0x07;
 157              		.loc 1 41 0
 158 0022 59B9     		cbnz	r1, .L11
 159              		.loc 1 41 0 is_stmt 0 discriminator 1
 160 0024 0630     		adds	r0, r0, #6
 161              	.LVL25:
 162 0026 0C4C     		ldr	r4, .L17
 163              	.LVL26:
 164 0028 80FB0445 		smull	r4, r5, r0, r4
 165 002c 4419     		adds	r4, r0, r5
 166 002e C317     		asrs	r3, r0, #31
 167 0030 C3EBA404 		rsb	r4, r3, r4, asr #2
 168 0034 C4EBC404 		rsb	r4, r4, r4, lsl #3
 169 0038 041B     		subs	r4, r0, r4
 170 003a E4B2     		uxtb	r4, r4
 171              	.LVL27:
 172              	.L11:
  42:main.c        **** 
  43:main.c        **** 
  44:main.c        ****     //Send the new state to the given motor
  45:main.c        ****     switch (port) {
 173              		.loc 1 45 0 is_stmt 1
 174 003c 012A     		cmp	r2, #1
 175 003e 02D0     		beq	.L13
 176 0040 022A     		cmp	r2, #2
 177 0042 04D0     		beq	.L14
 178 0044 06E0     		b	.L12
 179              	.L13:
ARM GAS  C:\Users\Fischer\AppData\Local\Temp\ccdbBa7G.s 			page 5


  46:main.c        ****     case 1:
  47:main.c        ****         DRIVE1_Write(advanceState);
 180              		.loc 1 47 0
 181 0046 2046     		mov	r0, r4
 182 0048 FFF7FEFF 		bl	DRIVE1_Write
 183              	.LVL28:
  48:main.c        ****         break;
 184              		.loc 1 48 0
 185 004c 02E0     		b	.L12
 186              	.LVL29:
 187              	.L14:
  49:main.c        **** 
  50:main.c        ****     case 2:
  51:main.c        ****         DRIVE2_Write(advanceState);
 188              		.loc 1 51 0
 189 004e 2046     		mov	r0, r4
 190 0050 FFF7FEFF 		bl	DRIVE2_Write
 191              	.LVL30:
 192              	.L12:
  52:main.c        ****         break;
  53:main.c        ****     
  54:main.c        ****     default:
  55:main.c        ****         break;
  56:main.c        ****     }
  57:main.c        ****     return advanceState; //return the new state of the drive FETs. 
  58:main.c        **** }
 193              		.loc 1 58 0
 194 0054 2046     		mov	r0, r4
 195 0056 F8BD     		pop	{r3, r4, r5, r6, r7, pc}
 196              	.LVL31:
 197              	.L18:
 198              		.align	2
 199              	.L17:
 200 0058 93244992 		.word	-1840700269
 201              		.cfi_endproc
 202              	.LFE64:
 203              		.size	advanceState, .-advanceState
 204              		.section	.text.init,"ax",%progbits
 205              		.align	2
 206              		.global	init
 207              		.thumb
 208              		.thumb_func
 209              		.type	init, %function
 210              	init:
 211              	.LFB65:
  59:main.c        **** 
  60:main.c        **** void init(void) {
 212              		.loc 1 60 0
 213              		.cfi_startproc
 214              		@ args = 0, pretend = 0, frame = 0
 215              		@ frame_needed = 0, uses_anonymous_args = 0
 216              		@ link register save eliminated.
  61:main.c        ****     CyGlobalIntEnable; //enable global interrupts
 217              		.loc 1 61 0
 218              		.syntax unified
 219              	@ 61 "main.c" 1
 220 0000 62B6     		CPSIE   i
ARM GAS  C:\Users\Fischer\AppData\Local\Temp\ccdbBa7G.s 			page 6


 221              	@ 0 "" 2
 222              		.thumb
 223              		.syntax unified
 224 0002 7047     		bx	lr
 225              		.cfi_endproc
 226              	.LFE65:
 227              		.size	init, .-init
 228              		.section	.text.loop,"ax",%progbits
 229              		.align	2
 230              		.global	loop
 231              		.thumb
 232              		.thumb_func
 233              		.type	loop, %function
 234              	loop:
 235              	.LFB66:
  62:main.c        **** }
  63:main.c        **** 
  64:main.c        **** void loop(void) {
 236              		.loc 1 64 0
 237              		.cfi_startproc
 238              		@ args = 0, pretend = 0, frame = 0
 239              		@ frame_needed = 0, uses_anonymous_args = 0
 240 0000 08B5     		push	{r3, lr}
 241              		.cfi_def_cfa_offset 8
 242              		.cfi_offset 3, -8
 243              		.cfi_offset 14, -4
  65:main.c        ****     uint8_t motor1_current_state = getState(1);
 244              		.loc 1 65 0
 245 0002 0120     		movs	r0, #1
 246 0004 FFF7FEFF 		bl	getState
 247              	.LVL32:
  66:main.c        ****     advanceState(motor1_current_state, FORWARD, 1);    
 248              		.loc 1 66 0
 249 0008 0122     		movs	r2, #1
 250 000a 1146     		mov	r1, r2
 251 000c FFF7FEFF 		bl	advanceState
 252              	.LVL33:
 253 0010 08BD     		pop	{r3, pc}
 254              		.cfi_endproc
 255              	.LFE66:
 256              		.size	loop, .-loop
 257 0012 00BF     		.section	.text.main,"ax",%progbits
 258              		.align	2
 259              		.global	main
 260              		.thumb
 261              		.thumb_func
 262              		.type	main, %function
 263              	main:
 264              	.LFB67:
  67:main.c        **** }
  68:main.c        **** 
  69:main.c        **** int main(void){
 265              		.loc 1 69 0
 266              		.cfi_startproc
 267              		@ Volatile: function does not return.
 268              		@ args = 0, pretend = 0, frame = 0
 269              		@ frame_needed = 0, uses_anonymous_args = 0
ARM GAS  C:\Users\Fischer\AppData\Local\Temp\ccdbBa7G.s 			page 7


 270 0000 08B5     		push	{r3, lr}
 271              		.cfi_def_cfa_offset 8
 272              		.cfi_offset 3, -8
 273              		.cfi_offset 14, -4
  70:main.c        ****     init();
 274              		.loc 1 70 0
 275 0002 FFF7FEFF 		bl	init
 276              	.LVL34:
 277              	.L23:
  71:main.c        **** 
  72:main.c        ****     while(True) {
  73:main.c        ****         loop();
 278              		.loc 1 73 0 discriminator 1
 279 0006 FFF7FEFF 		bl	loop
 280              	.LVL35:
 281 000a FCE7     		b	.L23
 282              		.cfi_endproc
 283              	.LFE67:
 284              		.size	main, .-main
 285              		.text
 286              	.Letext0:
 287              		.file 2 "c:\\program files (x86)\\cypress\\psoc creator\\4.2\\psoc creator\\import\\gnu\\arm\\5.4.
 288              		.file 3 "c:\\program files (x86)\\cypress\\psoc creator\\4.2\\psoc creator\\import\\gnu\\arm\\5.4.
 289              		.file 4 "Generated_Source\\PSoC5/HALL1_A.h"
 290              		.file 5 "Generated_Source\\PSoC5/HALL1_B.h"
 291              		.file 6 "Generated_Source\\PSoC5/HALL1_C.h"
 292              		.file 7 "Generated_Source\\PSoC5/HALL2_A.h"
 293              		.file 8 "Generated_Source\\PSoC5/HALL2_B.h"
 294              		.file 9 "Generated_Source\\PSoC5/HALL2_C.h"
 295              		.file 10 "Generated_Source\\PSoC5/DRIVE1.h"
 296              		.file 11 "Generated_Source\\PSoC5/DRIVE2.h"
 297              		.file 12 "Generated_Source\\PSoC5/core_cm3.h"
 298              		.section	.debug_info,"",%progbits
 299              	.Ldebug_info0:
 300 0000 A9020000 		.4byte	0x2a9
 301 0004 0400     		.2byte	0x4
 302 0006 00000000 		.4byte	.Ldebug_abbrev0
 303 000a 04       		.byte	0x4
 304 000b 01       		.uleb128 0x1
 305 000c 5E000000 		.4byte	.LASF32
 306 0010 0C       		.byte	0xc
 307 0011 11020000 		.4byte	.LASF33
 308 0015 69010000 		.4byte	.LASF34
 309 0019 00000000 		.4byte	.Ldebug_ranges0+0
 310 001d 00000000 		.4byte	0
 311 0021 00000000 		.4byte	.Ldebug_line0
 312 0025 02       		.uleb128 0x2
 313 0026 01       		.byte	0x1
 314 0027 06       		.byte	0x6
 315 0028 59020000 		.4byte	.LASF0
 316 002c 03       		.uleb128 0x3
 317 002d 00000000 		.4byte	.LASF4
 318 0031 02       		.byte	0x2
 319 0032 1D       		.byte	0x1d
 320 0033 37000000 		.4byte	0x37
 321 0037 02       		.uleb128 0x2
 322 0038 01       		.byte	0x1
ARM GAS  C:\Users\Fischer\AppData\Local\Temp\ccdbBa7G.s 			page 8


 323 0039 08       		.byte	0x8
 324 003a 2B010000 		.4byte	.LASF1
 325 003e 02       		.uleb128 0x2
 326 003f 02       		.byte	0x2
 327 0040 05       		.byte	0x5
 328 0041 5A010000 		.4byte	.LASF2
 329 0045 02       		.uleb128 0x2
 330 0046 02       		.byte	0x2
 331 0047 07       		.byte	0x7
 332 0048 FE000000 		.4byte	.LASF3
 333 004c 03       		.uleb128 0x3
 334 004d 17000000 		.4byte	.LASF5
 335 0051 02       		.byte	0x2
 336 0052 3F       		.byte	0x3f
 337 0053 57000000 		.4byte	0x57
 338 0057 02       		.uleb128 0x2
 339 0058 04       		.byte	0x4
 340 0059 05       		.byte	0x5
 341 005a 44020000 		.4byte	.LASF6
 342 005e 02       		.uleb128 0x2
 343 005f 04       		.byte	0x4
 344 0060 07       		.byte	0x7
 345 0061 EC000000 		.4byte	.LASF7
 346 0065 02       		.uleb128 0x2
 347 0066 08       		.byte	0x8
 348 0067 05       		.byte	0x5
 349 0068 03020000 		.4byte	.LASF8
 350 006c 02       		.uleb128 0x2
 351 006d 08       		.byte	0x8
 352 006e 07       		.byte	0x7
 353 006f B8010000 		.4byte	.LASF9
 354 0073 04       		.uleb128 0x4
 355 0074 04       		.byte	0x4
 356 0075 05       		.byte	0x5
 357 0076 696E7400 		.ascii	"int\000"
 358 007a 02       		.uleb128 0x2
 359 007b 04       		.byte	0x4
 360 007c 07       		.byte	0x7
 361 007d AB010000 		.4byte	.LASF10
 362 0081 03       		.uleb128 0x3
 363 0082 CF010000 		.4byte	.LASF11
 364 0086 03       		.byte	0x3
 365 0087 18       		.byte	0x18
 366 0088 2C000000 		.4byte	0x2c
 367 008c 03       		.uleb128 0x3
 368 008d F2010000 		.4byte	.LASF12
 369 0091 03       		.byte	0x3
 370 0092 2C       		.byte	0x2c
 371 0093 4C000000 		.4byte	0x4c
 372 0097 02       		.uleb128 0x2
 373 0098 04       		.byte	0x4
 374 0099 04       		.byte	0x4
 375 009a 46000000 		.4byte	.LASF13
 376 009e 02       		.uleb128 0x2
 377 009f 08       		.byte	0x8
 378 00a0 04       		.byte	0x4
 379 00a1 46010000 		.4byte	.LASF14
ARM GAS  C:\Users\Fischer\AppData\Local\Temp\ccdbBa7G.s 			page 9


 380 00a5 02       		.uleb128 0x2
 381 00a6 01       		.byte	0x1
 382 00a7 08       		.byte	0x8
 383 00a8 18020000 		.4byte	.LASF15
 384 00ac 02       		.uleb128 0x2
 385 00ad 08       		.byte	0x8
 386 00ae 04       		.byte	0x4
 387 00af 4D020000 		.4byte	.LASF16
 388 00b3 02       		.uleb128 0x2
 389 00b4 04       		.byte	0x4
 390 00b5 07       		.byte	0x7
 391 00b6 FA010000 		.4byte	.LASF17
 392 00ba 05       		.uleb128 0x5
 393 00bb 21000000 		.4byte	.LASF18
 394 00bf 01       		.byte	0x1
 395 00c0 07       		.byte	0x7
 396 00c1 81000000 		.4byte	0x81
 397 00c5 00000000 		.4byte	.LFB63
 398 00c9 4E000000 		.4byte	.LFE63-.LFB63
 399 00cd 01       		.uleb128 0x1
 400 00ce 9C       		.byte	0x9c
 401 00cf 40010000 		.4byte	0x140
 402 00d3 06       		.uleb128 0x6
 403 00d4 1D020000 		.4byte	.LASF20
 404 00d8 01       		.byte	0x1
 405 00d9 07       		.byte	0x7
 406 00da 81000000 		.4byte	0x81
 407 00de 00000000 		.4byte	.LLST0
 408 00e2 07       		.uleb128 0x7
 409 00e3 6100     		.ascii	"a\000"
 410 00e5 01       		.byte	0x1
 411 00e6 0A       		.byte	0xa
 412 00e7 81000000 		.4byte	0x81
 413 00eb 3A000000 		.4byte	.LLST1
 414 00ef 07       		.uleb128 0x7
 415 00f0 6200     		.ascii	"b\000"
 416 00f2 01       		.byte	0x1
 417 00f3 0B       		.byte	0xb
 418 00f4 81000000 		.4byte	0x81
 419 00f8 70000000 		.4byte	.LLST2
 420 00fc 07       		.uleb128 0x7
 421 00fd 6300     		.ascii	"c\000"
 422 00ff 01       		.byte	0x1
 423 0100 0C       		.byte	0xc
 424 0101 81000000 		.4byte	0x81
 425 0105 A6000000 		.4byte	.LLST3
 426 0109 08       		.uleb128 0x8
 427 010a 0C000000 		.4byte	.LVL2
 428 010e 54020000 		.4byte	0x254
 429 0112 08       		.uleb128 0x8
 430 0113 12000000 		.4byte	.LVL4
 431 0117 5F020000 		.4byte	0x25f
 432 011b 08       		.uleb128 0x8
 433 011c 18000000 		.4byte	.LVL6
 434 0120 6A020000 		.4byte	0x26a
 435 0124 08       		.uleb128 0x8
 436 0125 28000000 		.4byte	.LVL10
ARM GAS  C:\Users\Fischer\AppData\Local\Temp\ccdbBa7G.s 			page 10


 437 0129 75020000 		.4byte	0x275
 438 012d 08       		.uleb128 0x8
 439 012e 2E000000 		.4byte	.LVL12
 440 0132 80020000 		.4byte	0x280
 441 0136 08       		.uleb128 0x8
 442 0137 34000000 		.4byte	.LVL14
 443 013b 8B020000 		.4byte	0x28b
 444 013f 00       		.byte	0
 445 0140 05       		.uleb128 0x5
 446 0141 65020000 		.4byte	.LASF19
 447 0145 01       		.byte	0x1
 448 0146 20       		.byte	0x20
 449 0147 81000000 		.4byte	0x81
 450 014b 00000000 		.4byte	.LFB64
 451 014f 5C000000 		.4byte	.LFE64-.LFB64
 452 0153 01       		.uleb128 0x1
 453 0154 9C       		.byte	0x9c
 454 0155 BA010000 		.4byte	0x1ba
 455 0159 06       		.uleb128 0x6
 456 015a E4010000 		.4byte	.LASF21
 457 015e 01       		.byte	0x1
 458 015f 20       		.byte	0x20
 459 0160 81000000 		.4byte	0x81
 460 0164 FD000000 		.4byte	.LLST4
 461 0168 06       		.uleb128 0x6
 462 0169 2F000000 		.4byte	.LASF22
 463 016d 01       		.byte	0x1
 464 016e 20       		.byte	0x20
 465 016f 81000000 		.4byte	0x81
 466 0173 1E010000 		.4byte	.LLST5
 467 0177 06       		.uleb128 0x6
 468 0178 1D020000 		.4byte	.LASF20
 469 017c 01       		.byte	0x1
 470 017d 20       		.byte	0x20
 471 017e 81000000 		.4byte	0x81
 472 0182 58010000 		.4byte	.LLST6
 473 0186 09       		.uleb128 0x9
 474 0187 65020000 		.4byte	.LASF19
 475 018b 01       		.byte	0x1
 476 018c 26       		.byte	0x26
 477 018d 81000000 		.4byte	0x81
 478 0191 92010000 		.4byte	.LLST7
 479 0195 0A       		.uleb128 0xa
 480 0196 4C000000 		.4byte	.LVL28
 481 019a 96020000 		.4byte	0x296
 482 019e A9010000 		.4byte	0x1a9
 483 01a2 0B       		.uleb128 0xb
 484 01a3 01       		.uleb128 0x1
 485 01a4 50       		.byte	0x50
 486 01a5 02       		.uleb128 0x2
 487 01a6 74       		.byte	0x74
 488 01a7 00       		.sleb128 0
 489 01a8 00       		.byte	0
 490 01a9 0C       		.uleb128 0xc
 491 01aa 54000000 		.4byte	.LVL30
 492 01ae A1020000 		.4byte	0x2a1
 493 01b2 0B       		.uleb128 0xb
ARM GAS  C:\Users\Fischer\AppData\Local\Temp\ccdbBa7G.s 			page 11


 494 01b3 01       		.uleb128 0x1
 495 01b4 50       		.byte	0x50
 496 01b5 02       		.uleb128 0x2
 497 01b6 74       		.byte	0x74
 498 01b7 00       		.sleb128 0
 499 01b8 00       		.byte	0
 500 01b9 00       		.byte	0
 501 01ba 0D       		.uleb128 0xd
 502 01bb 2A000000 		.4byte	.LASF35
 503 01bf 01       		.byte	0x1
 504 01c0 3C       		.byte	0x3c
 505 01c1 00000000 		.4byte	.LFB65
 506 01c5 04000000 		.4byte	.LFE65-.LFB65
 507 01c9 01       		.uleb128 0x1
 508 01ca 9C       		.byte	0x9c
 509 01cb 0E       		.uleb128 0xe
 510 01cc 59000000 		.4byte	.LASF36
 511 01d0 01       		.byte	0x1
 512 01d1 40       		.byte	0x40
 513 01d2 00000000 		.4byte	.LFB66
 514 01d6 12000000 		.4byte	.LFE66-.LFB66
 515 01da 01       		.uleb128 0x1
 516 01db 9C       		.byte	0x9c
 517 01dc 17020000 		.4byte	0x217
 518 01e0 09       		.uleb128 0x9
 519 01e1 2F020000 		.4byte	.LASF23
 520 01e5 01       		.byte	0x1
 521 01e6 41       		.byte	0x41
 522 01e7 81000000 		.4byte	0x81
 523 01eb D3010000 		.4byte	.LLST8
 524 01ef 0A       		.uleb128 0xa
 525 01f0 08000000 		.4byte	.LVL32
 526 01f4 BA000000 		.4byte	0xba
 527 01f8 02020000 		.4byte	0x202
 528 01fc 0B       		.uleb128 0xb
 529 01fd 01       		.uleb128 0x1
 530 01fe 50       		.byte	0x50
 531 01ff 01       		.uleb128 0x1
 532 0200 31       		.byte	0x31
 533 0201 00       		.byte	0
 534 0202 0C       		.uleb128 0xc
 535 0203 10000000 		.4byte	.LVL33
 536 0207 40010000 		.4byte	0x140
 537 020b 0B       		.uleb128 0xb
 538 020c 01       		.uleb128 0x1
 539 020d 51       		.byte	0x51
 540 020e 01       		.uleb128 0x1
 541 020f 31       		.byte	0x31
 542 0210 0B       		.uleb128 0xb
 543 0211 01       		.uleb128 0x1
 544 0212 52       		.byte	0x52
 545 0213 01       		.uleb128 0x1
 546 0214 31       		.byte	0x31
 547 0215 00       		.byte	0
 548 0216 00       		.byte	0
 549 0217 0F       		.uleb128 0xf
 550 0218 64010000 		.4byte	.LASF37
ARM GAS  C:\Users\Fischer\AppData\Local\Temp\ccdbBa7G.s 			page 12


 551 021c 01       		.byte	0x1
 552 021d 45       		.byte	0x45
 553 021e 73000000 		.4byte	0x73
 554 0222 00000000 		.4byte	.LFB67
 555 0226 0C000000 		.4byte	.LFE67-.LFB67
 556 022a 01       		.uleb128 0x1
 557 022b 9C       		.byte	0x9c
 558 022c 43020000 		.4byte	0x243
 559 0230 08       		.uleb128 0x8
 560 0231 06000000 		.4byte	.LVL34
 561 0235 BA010000 		.4byte	0x1ba
 562 0239 08       		.uleb128 0x8
 563 023a 0A000000 		.4byte	.LVL35
 564 023e CB010000 		.4byte	0x1cb
 565 0242 00       		.byte	0
 566 0243 10       		.uleb128 0x10
 567 0244 1E010000 		.4byte	.LASF38
 568 0248 0C       		.byte	0xc
 569 0249 1207     		.2byte	0x712
 570 024b 4F020000 		.4byte	0x24f
 571 024f 11       		.uleb128 0x11
 572 0250 8C000000 		.4byte	0x8c
 573 0254 12       		.uleb128 0x12
 574 0255 39000000 		.4byte	.LASF24
 575 0259 39000000 		.4byte	.LASF24
 576 025d 04       		.byte	0x4
 577 025e 29       		.byte	0x29
 578 025f 12       		.uleb128 0x12
 579 0260 39010000 		.4byte	.LASF25
 580 0264 39010000 		.4byte	.LASF25
 581 0268 05       		.byte	0x5
 582 0269 29       		.byte	0x29
 583 026a 12       		.uleb128 0x12
 584 026b 22020000 		.4byte	.LASF26
 585 026f 22020000 		.4byte	.LASF26
 586 0273 06       		.byte	0x6
 587 0274 29       		.byte	0x29
 588 0275 12       		.uleb128 0x12
 589 0276 0A000000 		.4byte	.LASF27
 590 027a 0A000000 		.4byte	.LASF27
 591 027e 07       		.byte	0x7
 592 027f 29       		.byte	0x29
 593 0280 12       		.uleb128 0x12
 594 0281 4C000000 		.4byte	.LASF28
 595 0285 4C000000 		.4byte	.LASF28
 596 0289 08       		.byte	0x8
 597 028a 29       		.byte	0x29
 598 028b 12       		.uleb128 0x12
 599 028c D7010000 		.4byte	.LASF29
 600 0290 D7010000 		.4byte	.LASF29
 601 0294 09       		.byte	0x9
 602 0295 29       		.byte	0x29
 603 0296 12       		.uleb128 0x12
 604 0297 11010000 		.4byte	.LASF30
 605 029b 11010000 		.4byte	.LASF30
 606 029f 0A       		.byte	0xa
 607 02a0 2F       		.byte	0x2f
ARM GAS  C:\Users\Fischer\AppData\Local\Temp\ccdbBa7G.s 			page 13


 608 02a1 12       		.uleb128 0x12
 609 02a2 4D010000 		.4byte	.LASF31
 610 02a6 4D010000 		.4byte	.LASF31
 611 02aa 0B       		.byte	0xb
 612 02ab 2F       		.byte	0x2f
 613 02ac 00       		.byte	0
 614              		.section	.debug_abbrev,"",%progbits
 615              	.Ldebug_abbrev0:
 616 0000 01       		.uleb128 0x1
 617 0001 11       		.uleb128 0x11
 618 0002 01       		.byte	0x1
 619 0003 25       		.uleb128 0x25
 620 0004 0E       		.uleb128 0xe
 621 0005 13       		.uleb128 0x13
 622 0006 0B       		.uleb128 0xb
 623 0007 03       		.uleb128 0x3
 624 0008 0E       		.uleb128 0xe
 625 0009 1B       		.uleb128 0x1b
 626 000a 0E       		.uleb128 0xe
 627 000b 55       		.uleb128 0x55
 628 000c 17       		.uleb128 0x17
 629 000d 11       		.uleb128 0x11
 630 000e 01       		.uleb128 0x1
 631 000f 10       		.uleb128 0x10
 632 0010 17       		.uleb128 0x17
 633 0011 00       		.byte	0
 634 0012 00       		.byte	0
 635 0013 02       		.uleb128 0x2
 636 0014 24       		.uleb128 0x24
 637 0015 00       		.byte	0
 638 0016 0B       		.uleb128 0xb
 639 0017 0B       		.uleb128 0xb
 640 0018 3E       		.uleb128 0x3e
 641 0019 0B       		.uleb128 0xb
 642 001a 03       		.uleb128 0x3
 643 001b 0E       		.uleb128 0xe
 644 001c 00       		.byte	0
 645 001d 00       		.byte	0
 646 001e 03       		.uleb128 0x3
 647 001f 16       		.uleb128 0x16
 648 0020 00       		.byte	0
 649 0021 03       		.uleb128 0x3
 650 0022 0E       		.uleb128 0xe
 651 0023 3A       		.uleb128 0x3a
 652 0024 0B       		.uleb128 0xb
 653 0025 3B       		.uleb128 0x3b
 654 0026 0B       		.uleb128 0xb
 655 0027 49       		.uleb128 0x49
 656 0028 13       		.uleb128 0x13
 657 0029 00       		.byte	0
 658 002a 00       		.byte	0
 659 002b 04       		.uleb128 0x4
 660 002c 24       		.uleb128 0x24
 661 002d 00       		.byte	0
 662 002e 0B       		.uleb128 0xb
 663 002f 0B       		.uleb128 0xb
 664 0030 3E       		.uleb128 0x3e
ARM GAS  C:\Users\Fischer\AppData\Local\Temp\ccdbBa7G.s 			page 14


 665 0031 0B       		.uleb128 0xb
 666 0032 03       		.uleb128 0x3
 667 0033 08       		.uleb128 0x8
 668 0034 00       		.byte	0
 669 0035 00       		.byte	0
 670 0036 05       		.uleb128 0x5
 671 0037 2E       		.uleb128 0x2e
 672 0038 01       		.byte	0x1
 673 0039 3F       		.uleb128 0x3f
 674 003a 19       		.uleb128 0x19
 675 003b 03       		.uleb128 0x3
 676 003c 0E       		.uleb128 0xe
 677 003d 3A       		.uleb128 0x3a
 678 003e 0B       		.uleb128 0xb
 679 003f 3B       		.uleb128 0x3b
 680 0040 0B       		.uleb128 0xb
 681 0041 27       		.uleb128 0x27
 682 0042 19       		.uleb128 0x19
 683 0043 49       		.uleb128 0x49
 684 0044 13       		.uleb128 0x13
 685 0045 11       		.uleb128 0x11
 686 0046 01       		.uleb128 0x1
 687 0047 12       		.uleb128 0x12
 688 0048 06       		.uleb128 0x6
 689 0049 40       		.uleb128 0x40
 690 004a 18       		.uleb128 0x18
 691 004b 9742     		.uleb128 0x2117
 692 004d 19       		.uleb128 0x19
 693 004e 01       		.uleb128 0x1
 694 004f 13       		.uleb128 0x13
 695 0050 00       		.byte	0
 696 0051 00       		.byte	0
 697 0052 06       		.uleb128 0x6
 698 0053 05       		.uleb128 0x5
 699 0054 00       		.byte	0
 700 0055 03       		.uleb128 0x3
 701 0056 0E       		.uleb128 0xe
 702 0057 3A       		.uleb128 0x3a
 703 0058 0B       		.uleb128 0xb
 704 0059 3B       		.uleb128 0x3b
 705 005a 0B       		.uleb128 0xb
 706 005b 49       		.uleb128 0x49
 707 005c 13       		.uleb128 0x13
 708 005d 02       		.uleb128 0x2
 709 005e 17       		.uleb128 0x17
 710 005f 00       		.byte	0
 711 0060 00       		.byte	0
 712 0061 07       		.uleb128 0x7
 713 0062 34       		.uleb128 0x34
 714 0063 00       		.byte	0
 715 0064 03       		.uleb128 0x3
 716 0065 08       		.uleb128 0x8
 717 0066 3A       		.uleb128 0x3a
 718 0067 0B       		.uleb128 0xb
 719 0068 3B       		.uleb128 0x3b
 720 0069 0B       		.uleb128 0xb
 721 006a 49       		.uleb128 0x49
ARM GAS  C:\Users\Fischer\AppData\Local\Temp\ccdbBa7G.s 			page 15


 722 006b 13       		.uleb128 0x13
 723 006c 02       		.uleb128 0x2
 724 006d 17       		.uleb128 0x17
 725 006e 00       		.byte	0
 726 006f 00       		.byte	0
 727 0070 08       		.uleb128 0x8
 728 0071 898201   		.uleb128 0x4109
 729 0074 00       		.byte	0
 730 0075 11       		.uleb128 0x11
 731 0076 01       		.uleb128 0x1
 732 0077 31       		.uleb128 0x31
 733 0078 13       		.uleb128 0x13
 734 0079 00       		.byte	0
 735 007a 00       		.byte	0
 736 007b 09       		.uleb128 0x9
 737 007c 34       		.uleb128 0x34
 738 007d 00       		.byte	0
 739 007e 03       		.uleb128 0x3
 740 007f 0E       		.uleb128 0xe
 741 0080 3A       		.uleb128 0x3a
 742 0081 0B       		.uleb128 0xb
 743 0082 3B       		.uleb128 0x3b
 744 0083 0B       		.uleb128 0xb
 745 0084 49       		.uleb128 0x49
 746 0085 13       		.uleb128 0x13
 747 0086 02       		.uleb128 0x2
 748 0087 17       		.uleb128 0x17
 749 0088 00       		.byte	0
 750 0089 00       		.byte	0
 751 008a 0A       		.uleb128 0xa
 752 008b 898201   		.uleb128 0x4109
 753 008e 01       		.byte	0x1
 754 008f 11       		.uleb128 0x11
 755 0090 01       		.uleb128 0x1
 756 0091 31       		.uleb128 0x31
 757 0092 13       		.uleb128 0x13
 758 0093 01       		.uleb128 0x1
 759 0094 13       		.uleb128 0x13
 760 0095 00       		.byte	0
 761 0096 00       		.byte	0
 762 0097 0B       		.uleb128 0xb
 763 0098 8A8201   		.uleb128 0x410a
 764 009b 00       		.byte	0
 765 009c 02       		.uleb128 0x2
 766 009d 18       		.uleb128 0x18
 767 009e 9142     		.uleb128 0x2111
 768 00a0 18       		.uleb128 0x18
 769 00a1 00       		.byte	0
 770 00a2 00       		.byte	0
 771 00a3 0C       		.uleb128 0xc
 772 00a4 898201   		.uleb128 0x4109
 773 00a7 01       		.byte	0x1
 774 00a8 11       		.uleb128 0x11
 775 00a9 01       		.uleb128 0x1
 776 00aa 31       		.uleb128 0x31
 777 00ab 13       		.uleb128 0x13
 778 00ac 00       		.byte	0
ARM GAS  C:\Users\Fischer\AppData\Local\Temp\ccdbBa7G.s 			page 16


 779 00ad 00       		.byte	0
 780 00ae 0D       		.uleb128 0xd
 781 00af 2E       		.uleb128 0x2e
 782 00b0 00       		.byte	0
 783 00b1 3F       		.uleb128 0x3f
 784 00b2 19       		.uleb128 0x19
 785 00b3 03       		.uleb128 0x3
 786 00b4 0E       		.uleb128 0xe
 787 00b5 3A       		.uleb128 0x3a
 788 00b6 0B       		.uleb128 0xb
 789 00b7 3B       		.uleb128 0x3b
 790 00b8 0B       		.uleb128 0xb
 791 00b9 27       		.uleb128 0x27
 792 00ba 19       		.uleb128 0x19
 793 00bb 11       		.uleb128 0x11
 794 00bc 01       		.uleb128 0x1
 795 00bd 12       		.uleb128 0x12
 796 00be 06       		.uleb128 0x6
 797 00bf 40       		.uleb128 0x40
 798 00c0 18       		.uleb128 0x18
 799 00c1 9742     		.uleb128 0x2117
 800 00c3 19       		.uleb128 0x19
 801 00c4 00       		.byte	0
 802 00c5 00       		.byte	0
 803 00c6 0E       		.uleb128 0xe
 804 00c7 2E       		.uleb128 0x2e
 805 00c8 01       		.byte	0x1
 806 00c9 3F       		.uleb128 0x3f
 807 00ca 19       		.uleb128 0x19
 808 00cb 03       		.uleb128 0x3
 809 00cc 0E       		.uleb128 0xe
 810 00cd 3A       		.uleb128 0x3a
 811 00ce 0B       		.uleb128 0xb
 812 00cf 3B       		.uleb128 0x3b
 813 00d0 0B       		.uleb128 0xb
 814 00d1 27       		.uleb128 0x27
 815 00d2 19       		.uleb128 0x19
 816 00d3 11       		.uleb128 0x11
 817 00d4 01       		.uleb128 0x1
 818 00d5 12       		.uleb128 0x12
 819 00d6 06       		.uleb128 0x6
 820 00d7 40       		.uleb128 0x40
 821 00d8 18       		.uleb128 0x18
 822 00d9 9742     		.uleb128 0x2117
 823 00db 19       		.uleb128 0x19
 824 00dc 01       		.uleb128 0x1
 825 00dd 13       		.uleb128 0x13
 826 00de 00       		.byte	0
 827 00df 00       		.byte	0
 828 00e0 0F       		.uleb128 0xf
 829 00e1 2E       		.uleb128 0x2e
 830 00e2 01       		.byte	0x1
 831 00e3 3F       		.uleb128 0x3f
 832 00e4 19       		.uleb128 0x19
 833 00e5 03       		.uleb128 0x3
 834 00e6 0E       		.uleb128 0xe
 835 00e7 3A       		.uleb128 0x3a
ARM GAS  C:\Users\Fischer\AppData\Local\Temp\ccdbBa7G.s 			page 17


 836 00e8 0B       		.uleb128 0xb
 837 00e9 3B       		.uleb128 0x3b
 838 00ea 0B       		.uleb128 0xb
 839 00eb 27       		.uleb128 0x27
 840 00ec 19       		.uleb128 0x19
 841 00ed 49       		.uleb128 0x49
 842 00ee 13       		.uleb128 0x13
 843 00ef 8701     		.uleb128 0x87
 844 00f1 19       		.uleb128 0x19
 845 00f2 11       		.uleb128 0x11
 846 00f3 01       		.uleb128 0x1
 847 00f4 12       		.uleb128 0x12
 848 00f5 06       		.uleb128 0x6
 849 00f6 40       		.uleb128 0x40
 850 00f7 18       		.uleb128 0x18
 851 00f8 9742     		.uleb128 0x2117
 852 00fa 19       		.uleb128 0x19
 853 00fb 01       		.uleb128 0x1
 854 00fc 13       		.uleb128 0x13
 855 00fd 00       		.byte	0
 856 00fe 00       		.byte	0
 857 00ff 10       		.uleb128 0x10
 858 0100 34       		.uleb128 0x34
 859 0101 00       		.byte	0
 860 0102 03       		.uleb128 0x3
 861 0103 0E       		.uleb128 0xe
 862 0104 3A       		.uleb128 0x3a
 863 0105 0B       		.uleb128 0xb
 864 0106 3B       		.uleb128 0x3b
 865 0107 05       		.uleb128 0x5
 866 0108 49       		.uleb128 0x49
 867 0109 13       		.uleb128 0x13
 868 010a 3F       		.uleb128 0x3f
 869 010b 19       		.uleb128 0x19
 870 010c 3C       		.uleb128 0x3c
 871 010d 19       		.uleb128 0x19
 872 010e 00       		.byte	0
 873 010f 00       		.byte	0
 874 0110 11       		.uleb128 0x11
 875 0111 35       		.uleb128 0x35
 876 0112 00       		.byte	0
 877 0113 49       		.uleb128 0x49
 878 0114 13       		.uleb128 0x13
 879 0115 00       		.byte	0
 880 0116 00       		.byte	0
 881 0117 12       		.uleb128 0x12
 882 0118 2E       		.uleb128 0x2e
 883 0119 00       		.byte	0
 884 011a 3F       		.uleb128 0x3f
 885 011b 19       		.uleb128 0x19
 886 011c 3C       		.uleb128 0x3c
 887 011d 19       		.uleb128 0x19
 888 011e 6E       		.uleb128 0x6e
 889 011f 0E       		.uleb128 0xe
 890 0120 03       		.uleb128 0x3
 891 0121 0E       		.uleb128 0xe
 892 0122 3A       		.uleb128 0x3a
ARM GAS  C:\Users\Fischer\AppData\Local\Temp\ccdbBa7G.s 			page 18


 893 0123 0B       		.uleb128 0xb
 894 0124 3B       		.uleb128 0x3b
 895 0125 0B       		.uleb128 0xb
 896 0126 00       		.byte	0
 897 0127 00       		.byte	0
 898 0128 00       		.byte	0
 899              		.section	.debug_loc,"",%progbits
 900              	.Ldebug_loc0:
 901              	.LLST0:
 902 0000 00000000 		.4byte	.LVL0
 903 0004 0B000000 		.4byte	.LVL2-1
 904 0008 0100     		.2byte	0x1
 905 000a 50       		.byte	0x50
 906 000b 0B000000 		.4byte	.LVL2-1
 907 000f 1A000000 		.4byte	.LVL7
 908 0013 0400     		.2byte	0x4
 909 0015 F3       		.byte	0xf3
 910 0016 01       		.uleb128 0x1
 911 0017 50       		.byte	0x50
 912 0018 9F       		.byte	0x9f
 913 0019 1A000000 		.4byte	.LVL7
 914 001d 1C000000 		.4byte	.LVL8
 915 0021 0100     		.2byte	0x1
 916 0023 50       		.byte	0x50
 917 0024 1C000000 		.4byte	.LVL8
 918 0028 4E000000 		.4byte	.LFE63
 919 002c 0400     		.2byte	0x4
 920 002e F3       		.byte	0xf3
 921 002f 01       		.uleb128 0x1
 922 0030 50       		.byte	0x50
 923 0031 9F       		.byte	0x9f
 924 0032 00000000 		.4byte	0
 925 0036 00000000 		.4byte	0
 926              	.LLST1:
 927 003a 04000000 		.4byte	.LVL1
 928 003e 0E000000 		.4byte	.LVL3
 929 0042 0200     		.2byte	0x2
 930 0044 30       		.byte	0x30
 931 0045 9F       		.byte	0x9f
 932 0046 0E000000 		.4byte	.LVL3
 933 004a 1A000000 		.4byte	.LVL7
 934 004e 0100     		.2byte	0x1
 935 0050 55       		.byte	0x55
 936 0051 1A000000 		.4byte	.LVL7
 937 0055 20000000 		.4byte	.LVL9
 938 0059 0200     		.2byte	0x2
 939 005b 30       		.byte	0x30
 940 005c 9F       		.byte	0x9f
 941 005d 20000000 		.4byte	.LVL9
 942 0061 4E000000 		.4byte	.LFE63
 943 0065 0100     		.2byte	0x1
 944 0067 55       		.byte	0x55
 945 0068 00000000 		.4byte	0
 946 006c 00000000 		.4byte	0
 947              	.LLST2:
 948 0070 04000000 		.4byte	.LVL1
 949 0074 14000000 		.4byte	.LVL5
ARM GAS  C:\Users\Fischer\AppData\Local\Temp\ccdbBa7G.s 			page 19


 950 0078 0200     		.2byte	0x2
 951 007a 30       		.byte	0x30
 952 007b 9F       		.byte	0x9f
 953 007c 14000000 		.4byte	.LVL5
 954 0080 1A000000 		.4byte	.LVL7
 955 0084 0100     		.2byte	0x1
 956 0086 56       		.byte	0x56
 957 0087 1A000000 		.4byte	.LVL7
 958 008b 20000000 		.4byte	.LVL9
 959 008f 0200     		.2byte	0x2
 960 0091 30       		.byte	0x30
 961 0092 9F       		.byte	0x9f
 962 0093 20000000 		.4byte	.LVL9
 963 0097 4E000000 		.4byte	.LFE63
 964 009b 0100     		.2byte	0x1
 965 009d 56       		.byte	0x56
 966 009e 00000000 		.4byte	0
 967 00a2 00000000 		.4byte	0
 968              	.LLST3:
 969 00a6 04000000 		.4byte	.LVL1
 970 00aa 18000000 		.4byte	.LVL6
 971 00ae 0200     		.2byte	0x2
 972 00b0 30       		.byte	0x30
 973 00b1 9F       		.byte	0x9f
 974 00b2 18000000 		.4byte	.LVL6
 975 00b6 1A000000 		.4byte	.LVL7
 976 00ba 0100     		.2byte	0x1
 977 00bc 50       		.byte	0x50
 978 00bd 1A000000 		.4byte	.LVL7
 979 00c1 20000000 		.4byte	.LVL9
 980 00c5 0200     		.2byte	0x2
 981 00c7 30       		.byte	0x30
 982 00c8 9F       		.byte	0x9f
 983 00c9 20000000 		.4byte	.LVL9
 984 00cd 27000000 		.4byte	.LVL10-1
 985 00d1 0100     		.2byte	0x1
 986 00d3 50       		.byte	0x50
 987 00d4 34000000 		.4byte	.LVL14
 988 00d8 3C000000 		.4byte	.LVL15
 989 00dc 0100     		.2byte	0x1
 990 00de 50       		.byte	0x50
 991 00df 42000000 		.4byte	.LVL16
 992 00e3 44000000 		.4byte	.LVL17
 993 00e7 0100     		.2byte	0x1
 994 00e9 50       		.byte	0x50
 995 00ea 46000000 		.4byte	.LVL18
 996 00ee 48000000 		.4byte	.LVL19
 997 00f2 0100     		.2byte	0x1
 998 00f4 50       		.byte	0x50
 999 00f5 00000000 		.4byte	0
 1000 00f9 00000000 		.4byte	0
 1001              	.LLST4:
 1002 00fd 00000000 		.4byte	.LVL20
 1003 0101 26000000 		.4byte	.LVL25
 1004 0105 0100     		.2byte	0x1
 1005 0107 50       		.byte	0x50
 1006 0108 26000000 		.4byte	.LVL25
ARM GAS  C:\Users\Fischer\AppData\Local\Temp\ccdbBa7G.s 			page 20


 1007 010c 5C000000 		.4byte	.LFE64
 1008 0110 0400     		.2byte	0x4
 1009 0112 F3       		.byte	0xf3
 1010 0113 01       		.uleb128 0x1
 1011 0114 50       		.byte	0x50
 1012 0115 9F       		.byte	0x9f
 1013 0116 00000000 		.4byte	0
 1014 011a 00000000 		.4byte	0
 1015              	.LLST5:
 1016 011e 00000000 		.4byte	.LVL20
 1017 0122 4B000000 		.4byte	.LVL28-1
 1018 0126 0100     		.2byte	0x1
 1019 0128 51       		.byte	0x51
 1020 0129 4B000000 		.4byte	.LVL28-1
 1021 012d 4E000000 		.4byte	.LVL29
 1022 0131 0400     		.2byte	0x4
 1023 0133 F3       		.byte	0xf3
 1024 0134 01       		.uleb128 0x1
 1025 0135 51       		.byte	0x51
 1026 0136 9F       		.byte	0x9f
 1027 0137 4E000000 		.4byte	.LVL29
 1028 013b 53000000 		.4byte	.LVL30-1
 1029 013f 0100     		.2byte	0x1
 1030 0141 51       		.byte	0x51
 1031 0142 53000000 		.4byte	.LVL30-1
 1032 0146 5C000000 		.4byte	.LFE64
 1033 014a 0400     		.2byte	0x4
 1034 014c F3       		.byte	0xf3
 1035 014d 01       		.uleb128 0x1
 1036 014e 51       		.byte	0x51
 1037 014f 9F       		.byte	0x9f
 1038 0150 00000000 		.4byte	0
 1039 0154 00000000 		.4byte	0
 1040              	.LLST6:
 1041 0158 00000000 		.4byte	.LVL20
 1042 015c 4B000000 		.4byte	.LVL28-1
 1043 0160 0100     		.2byte	0x1
 1044 0162 52       		.byte	0x52
 1045 0163 4B000000 		.4byte	.LVL28-1
 1046 0167 4E000000 		.4byte	.LVL29
 1047 016b 0400     		.2byte	0x4
 1048 016d F3       		.byte	0xf3
 1049 016e 01       		.uleb128 0x1
 1050 016f 52       		.byte	0x52
 1051 0170 9F       		.byte	0x9f
 1052 0171 4E000000 		.4byte	.LVL29
 1053 0175 53000000 		.4byte	.LVL30-1
 1054 0179 0100     		.2byte	0x1
 1055 017b 52       		.byte	0x52
 1056 017c 53000000 		.4byte	.LVL30-1
 1057 0180 5C000000 		.4byte	.LFE64
 1058 0184 0400     		.2byte	0x4
 1059 0186 F3       		.byte	0xf3
 1060 0187 01       		.uleb128 0x1
 1061 0188 52       		.byte	0x52
 1062 0189 9F       		.byte	0x9f
 1063 018a 00000000 		.4byte	0
ARM GAS  C:\Users\Fischer\AppData\Local\Temp\ccdbBa7G.s 			page 21


 1064 018e 00000000 		.4byte	0
 1065              	.LLST7:
 1066 0192 02000000 		.4byte	.LVL21
 1067 0196 1E000000 		.4byte	.LVL22
 1068 019a 0200     		.2byte	0x2
 1069 019c 30       		.byte	0x30
 1070 019d 9F       		.byte	0x9f
 1071 019e 1E000000 		.4byte	.LVL22
 1072 01a2 20000000 		.4byte	.LVL23
 1073 01a6 0100     		.2byte	0x1
 1074 01a8 54       		.byte	0x54
 1075 01a9 20000000 		.4byte	.LVL23
 1076 01ad 22000000 		.4byte	.LVL24
 1077 01b1 0200     		.2byte	0x2
 1078 01b3 30       		.byte	0x30
 1079 01b4 9F       		.byte	0x9f
 1080 01b5 22000000 		.4byte	.LVL24
 1081 01b9 28000000 		.4byte	.LVL26
 1082 01bd 0100     		.2byte	0x1
 1083 01bf 54       		.byte	0x54
 1084 01c0 3C000000 		.4byte	.LVL27
 1085 01c4 58000000 		.4byte	.LVL31
 1086 01c8 0100     		.2byte	0x1
 1087 01ca 54       		.byte	0x54
 1088 01cb 00000000 		.4byte	0
 1089 01cf 00000000 		.4byte	0
 1090              	.LLST8:
 1091 01d3 08000000 		.4byte	.LVL32
 1092 01d7 0F000000 		.4byte	.LVL33-1
 1093 01db 0100     		.2byte	0x1
 1094 01dd 50       		.byte	0x50
 1095 01de 00000000 		.4byte	0
 1096 01e2 00000000 		.4byte	0
 1097              		.section	.debug_aranges,"",%progbits
 1098 0000 3C000000 		.4byte	0x3c
 1099 0004 0200     		.2byte	0x2
 1100 0006 00000000 		.4byte	.Ldebug_info0
 1101 000a 04       		.byte	0x4
 1102 000b 00       		.byte	0
 1103 000c 0000     		.2byte	0
 1104 000e 0000     		.2byte	0
 1105 0010 00000000 		.4byte	.LFB63
 1106 0014 4E000000 		.4byte	.LFE63-.LFB63
 1107 0018 00000000 		.4byte	.LFB64
 1108 001c 5C000000 		.4byte	.LFE64-.LFB64
 1109 0020 00000000 		.4byte	.LFB65
 1110 0024 04000000 		.4byte	.LFE65-.LFB65
 1111 0028 00000000 		.4byte	.LFB66
 1112 002c 12000000 		.4byte	.LFE66-.LFB66
 1113 0030 00000000 		.4byte	.LFB67
 1114 0034 0C000000 		.4byte	.LFE67-.LFB67
 1115 0038 00000000 		.4byte	0
 1116 003c 00000000 		.4byte	0
 1117              		.section	.debug_ranges,"",%progbits
 1118              	.Ldebug_ranges0:
 1119 0000 00000000 		.4byte	.LFB63
 1120 0004 4E000000 		.4byte	.LFE63
ARM GAS  C:\Users\Fischer\AppData\Local\Temp\ccdbBa7G.s 			page 22


 1121 0008 00000000 		.4byte	.LFB64
 1122 000c 5C000000 		.4byte	.LFE64
 1123 0010 00000000 		.4byte	.LFB65
 1124 0014 04000000 		.4byte	.LFE65
 1125 0018 00000000 		.4byte	.LFB66
 1126 001c 12000000 		.4byte	.LFE66
 1127 0020 00000000 		.4byte	.LFB67
 1128 0024 0C000000 		.4byte	.LFE67
 1129 0028 00000000 		.4byte	0
 1130 002c 00000000 		.4byte	0
 1131              		.section	.debug_line,"",%progbits
 1132              	.Ldebug_line0:
 1133 0000 38020000 		.section	.debug_str,"MS",%progbits,1
 1133      0200A501 
 1133      00000201 
 1133      FB0E0D00 
 1133      01010101 
 1134              	.LASF4:
 1135 0000 5F5F7569 		.ascii	"__uint8_t\000"
 1135      6E74385F 
 1135      7400
 1136              	.LASF27:
 1137 000a 48414C4C 		.ascii	"HALL2_A_Read\000"
 1137      325F415F 
 1137      52656164 
 1137      00
 1138              	.LASF5:
 1139 0017 5F5F696E 		.ascii	"__int32_t\000"
 1139      7433325F 
 1139      7400
 1140              	.LASF18:
 1141 0021 67657453 		.ascii	"getState\000"
 1141      74617465 
 1141      00
 1142              	.LASF35:
 1143 002a 696E6974 		.ascii	"init\000"
 1143      00
 1144              	.LASF22:
 1145 002f 64697265 		.ascii	"direction\000"
 1145      6374696F 
 1145      6E00
 1146              	.LASF24:
 1147 0039 48414C4C 		.ascii	"HALL1_A_Read\000"
 1147      315F415F 
 1147      52656164 
 1147      00
 1148              	.LASF13:
 1149 0046 666C6F61 		.ascii	"float\000"
 1149      7400
 1150              	.LASF28:
 1151 004c 48414C4C 		.ascii	"HALL2_B_Read\000"
 1151      325F425F 
 1151      52656164 
 1151      00
 1152              	.LASF36:
 1153 0059 6C6F6F70 		.ascii	"loop\000"
 1153      00
ARM GAS  C:\Users\Fischer\AppData\Local\Temp\ccdbBa7G.s 			page 23


 1154              	.LASF32:
 1155 005e 474E5520 		.ascii	"GNU C11 5.4.1 20160609 (release) [ARM/embedded-5-br"
 1155      43313120 
 1155      352E342E 
 1155      31203230 
 1155      31363036 
 1156 0091 616E6368 		.ascii	"anch revision 237715] -mcpu=cortex-m3 -mthumb -g -O"
 1156      20726576 
 1156      6973696F 
 1156      6E203233 
 1156      37373135 
 1157 00c4 67202D66 		.ascii	"g -ffunction-sections -ffat-lto-objects\000"
 1157      66756E63 
 1157      74696F6E 
 1157      2D736563 
 1157      74696F6E 
 1158              	.LASF7:
 1159 00ec 6C6F6E67 		.ascii	"long unsigned int\000"
 1159      20756E73 
 1159      69676E65 
 1159      6420696E 
 1159      7400
 1160              	.LASF3:
 1161 00fe 73686F72 		.ascii	"short unsigned int\000"
 1161      7420756E 
 1161      7369676E 
 1161      65642069 
 1161      6E7400
 1162              	.LASF30:
 1163 0111 44524956 		.ascii	"DRIVE1_Write\000"
 1163      45315F57 
 1163      72697465 
 1163      00
 1164              	.LASF38:
 1165 011e 49544D5F 		.ascii	"ITM_RxBuffer\000"
 1165      52784275 
 1165      66666572 
 1165      00
 1166              	.LASF1:
 1167 012b 756E7369 		.ascii	"unsigned char\000"
 1167      676E6564 
 1167      20636861 
 1167      7200
 1168              	.LASF25:
 1169 0139 48414C4C 		.ascii	"HALL1_B_Read\000"
 1169      315F425F 
 1169      52656164 
 1169      00
 1170              	.LASF14:
 1171 0146 646F7562 		.ascii	"double\000"
 1171      6C6500
 1172              	.LASF31:
 1173 014d 44524956 		.ascii	"DRIVE2_Write\000"
 1173      45325F57 
 1173      72697465 
 1173      00
 1174              	.LASF2:
ARM GAS  C:\Users\Fischer\AppData\Local\Temp\ccdbBa7G.s 			page 24


 1175 015a 73686F72 		.ascii	"short int\000"
 1175      7420696E 
 1175      7400
 1176              	.LASF37:
 1177 0164 6D61696E 		.ascii	"main\000"
 1177      00
 1178              	.LASF34:
 1179 0169 433A5C55 		.ascii	"C:\\Users\\Fischer\\Documents\\GitHub\\kanzi\\PSoC\\"
 1179      73657273 
 1179      5C466973 
 1179      63686572 
 1179      5C446F63 
 1180 0196 66766D5F 		.ascii	"fvm_self_start.cydsn\000"
 1180      73656C66 
 1180      5F737461 
 1180      72742E63 
 1180      7964736E 
 1181              	.LASF10:
 1182 01ab 756E7369 		.ascii	"unsigned int\000"
 1182      676E6564 
 1182      20696E74 
 1182      00
 1183              	.LASF9:
 1184 01b8 6C6F6E67 		.ascii	"long long unsigned int\000"
 1184      206C6F6E 
 1184      6720756E 
 1184      7369676E 
 1184      65642069 
 1185              	.LASF11:
 1186 01cf 75696E74 		.ascii	"uint8_t\000"
 1186      385F7400 
 1187              	.LASF29:
 1188 01d7 48414C4C 		.ascii	"HALL2_C_Read\000"
 1188      325F435F 
 1188      52656164 
 1188      00
 1189              	.LASF21:
 1190 01e4 63757272 		.ascii	"current_state\000"
 1190      656E745F 
 1190      73746174 
 1190      6500
 1191              	.LASF12:
 1192 01f2 696E7433 		.ascii	"int32_t\000"
 1192      325F7400 
 1193              	.LASF17:
 1194 01fa 73697A65 		.ascii	"sizetype\000"
 1194      74797065 
 1194      00
 1195              	.LASF8:
 1196 0203 6C6F6E67 		.ascii	"long long int\000"
 1196      206C6F6E 
 1196      6720696E 
 1196      7400
 1197              	.LASF33:
 1198 0211 6D61696E 		.ascii	"main.c\000"
 1198      2E6300
 1199              	.LASF15:
ARM GAS  C:\Users\Fischer\AppData\Local\Temp\ccdbBa7G.s 			page 25


 1200 0218 63686172 		.ascii	"char\000"
 1200      00
 1201              	.LASF20:
 1202 021d 706F7274 		.ascii	"port\000"
 1202      00
 1203              	.LASF26:
 1204 0222 48414C4C 		.ascii	"HALL1_C_Read\000"
 1204      315F435F 
 1204      52656164 
 1204      00
 1205              	.LASF23:
 1206 022f 6D6F746F 		.ascii	"motor1_current_state\000"
 1206      72315F63 
 1206      75727265 
 1206      6E745F73 
 1206      74617465 
 1207              	.LASF6:
 1208 0244 6C6F6E67 		.ascii	"long int\000"
 1208      20696E74 
 1208      00
 1209              	.LASF16:
 1210 024d 6C6F6E67 		.ascii	"long double\000"
 1210      20646F75 
 1210      626C6500 
 1211              	.LASF0:
 1212 0259 7369676E 		.ascii	"signed char\000"
 1212      65642063 
 1212      68617200 
 1213              	.LASF19:
 1214 0265 61647661 		.ascii	"advanceState\000"
 1214      6E636553 
 1214      74617465 
 1214      00
 1215              		.ident	"GCC: (GNU Tools for ARM Embedded Processors) 5.4.1 20160609 (release) [ARM/embedded-5-bran
