--------------- Clean Started: 11/19/2019 00:53:31 Project: fvm, Configuration: ARM GCC 5.4-2016-q2-update Debug ---------------
Deleting file ".\CortexM3\ARM_GCC_541\Debug\main.o"
Deleting file ".\CortexM3\ARM_GCC_541\Debug\cyfitter_cfg.o"
Deleting file ".\CortexM3\ARM_GCC_541\Debug\cymetadata.o"
Deleting file ".\CortexM3\ARM_GCC_541\Debug\cy_em_eeprom.o"
Deleting file ".\CortexM3\ARM_GCC_541\Debug\Cm3Start.o"
Deleting file ".\CortexM3\ARM_GCC_541\Debug\CyBootAsmGnu.o"
Deleting file ".\CortexM3\ARM_GCC_541\Debug\CyDmac.o"
Deleting file ".\CortexM3\ARM_GCC_541\Debug\CyFlash.o"
Deleting file ".\CortexM3\ARM_GCC_541\Debug\CyLib.o"
Deleting file ".\CortexM3\ARM_GCC_541\Debug\cyPm.o"
Deleting file ".\CortexM3\ARM_GCC_541\Debug\CySpc.o"
Deleting file ".\CortexM3\ARM_GCC_541\Debug\cyutils.o"
Deleting file ".\CortexM3\ARM_GCC_541\Debug\HA1.o"
Deleting file ".\CortexM3\ARM_GCC_541\Debug\HB1.o"
Deleting file ".\CortexM3\ARM_GCC_541\Debug\HC1.o"
Deleting file ".\CortexM3\ARM_GCC_541\Debug\LA1.o"
Deleting file ".\CortexM3\ARM_GCC_541\Debug\LB1.o"
Deleting file ".\CortexM3\ARM_GCC_541\Debug\LC1.o"
Deleting file ".\CortexM3\ARM_GCC_541\Debug\HALL_A1.o"
Deleting file ".\CortexM3\ARM_GCC_541\Debug\HALL_B1.o"
Deleting file ".\CortexM3\ARM_GCC_541\Debug\HALL_C1.o"
Deleting file ".\CortexM3\ARM_GCC_541\Debug\REVERSE1.o"
Deleting file ".\CortexM3\ARM_GCC_541\Debug\PWM1.o"
Deleting file ".\CortexM3\ARM_GCC_541\Debug\HA2.o"
Deleting file ".\CortexM3\ARM_GCC_541\Debug\HB2.o"
Deleting file ".\CortexM3\ARM_GCC_541\Debug\HC2.o"
Deleting file ".\CortexM3\ARM_GCC_541\Debug\LA2.o"
Deleting file ".\CortexM3\ARM_GCC_541\Debug\LB2.o"
Deleting file ".\CortexM3\ARM_GCC_541\Debug\LC2.o"
Deleting file ".\CortexM3\ARM_GCC_541\Debug\HALL_A2.o"
Deleting file ".\CortexM3\ARM_GCC_541\Debug\HALL_B2.o"
Deleting file ".\CortexM3\ARM_GCC_541\Debug\HALL_C2.o"
Deleting file ".\CortexM3\ARM_GCC_541\Debug\REVERSE2.o"
Deleting file ".\CortexM3\ARM_GCC_541\Debug\PWM2.o"
Deleting file ".\CortexM3\ARM_GCC_541\Debug\fvm.hex"
Deleting file ".\CortexM3\ARM_GCC_541\Debug\fvm.elf"
Deleting file ".\CortexM3\ARM_GCC_541\Debug\fvm.map"
Deleting file ".\fvm.cycdx"
Deleting file ".\fvm.rpt"
Deleting file ".\fvm_timing.html"
Deleting file ".\CortexM3\ARM_GCC_541\Debug\.deps\SOURCE_C__ARM_GCC_GENERIC.P"
Deleting file ".\CortexM3\ARM_GCC_541\Debug\.deps\SOURCE_ASM__ARM_GCC_GENERIC.P"
--------------- Clean Succeeded: 11/19/2019 00:53:31 ---------------
